blocks-4-2 FAILED
	reason failed: depth out
problem details:
	state size: 18
	maximum depth: 10
with
	depth: 10
	time: 1620.83 seconds
history:
	1: depth 1 in 0.11 seconds
	2: depth 2 in 0.08 seconds
	3: depth 3 in 0.09 seconds
	4: depth 4 in 0.07 seconds
	5: depth 5 in 4.89 seconds
	6: depth 6 in 15.45 seconds
	7: depth 7 in 48.09 seconds
	8: depth 8 in 171.77 seconds
	9: depth 9 in 440.84 seconds
	10: depth 10 in 1620.83 seconds
	11: depth 10 in 1620.83 seconds
breakbreakbreak
blocks-4-2 FAILED
	reason failed: depth out
problem details:
	state size: 18
	maximum depth: 10
with
	depth: 10
	time: 1626.03 seconds
history:
	1: depth 1 in 0.09 seconds
	2: depth 2 in 0.09 seconds
	3: depth 3 in 0.09 seconds
	4: depth 4 in 0.09 seconds
	5: depth 5 in 4.88 seconds
	6: depth 6 in 15.50 seconds
	7: depth 7 in 48.08 seconds
	8: depth 8 in 172.16 seconds
	9: depth 9 in 441.45 seconds
	10: depth 10 in 1626.03 seconds
	11: depth 10 in 1626.03 seconds
breakbreakbreak
blocks-4-2 FAILED
	reason failed: depth out
problem details:
	state size: 18
	maximum depth: 10
with
	depth: 10
	time: 1625.89 seconds
history:
	1: depth 1 in 0.10 seconds
	2: depth 2 in 0.09 seconds
	3: depth 3 in 0.09 seconds
	4: depth 4 in 0.08 seconds
	5: depth 5 in 4.97 seconds
	6: depth 6 in 15.73 seconds
	7: depth 7 in 48.42 seconds
	8: depth 8 in 170.44 seconds
	9: depth 9 in 442.69 seconds
	10: depth 10 in 1625.89 seconds
	11: depth 10 in 1625.89 seconds
breakbreakbreak
blocks-4-2 FAILED
	reason failed: depth out
problem details:
	state size: 18
	maximum depth: 10
with
	depth: 10
	time: 1632.70 seconds
history:
	1: depth 1 in 0.09 seconds
	2: depth 2 in 0.10 seconds
	3: depth 3 in 0.10 seconds
	4: depth 4 in 0.10 seconds
	5: depth 5 in 4.92 seconds
	6: depth 6 in 15.61 seconds
	7: depth 7 in 48.15 seconds
	8: depth 8 in 172.54 seconds
	9: depth 9 in 443.04 seconds
	10: depth 10 in 1632.70 seconds
	11: depth 10 in 1632.70 seconds
breakbreakbreak
blocks-4-2 FAILED
	reason failed: depth out
problem details:
	state size: 18
	maximum depth: 10
with
	depth: 10
	time: 1619.34 seconds
history:
	1: depth 1 in 0.11 seconds
	2: depth 2 in 0.10 seconds
	3: depth 3 in 0.10 seconds
	4: depth 4 in 0.09 seconds
	5: depth 5 in 4.88 seconds
	6: depth 6 in 15.64 seconds
	7: depth 7 in 48.85 seconds
	8: depth 8 in 170.75 seconds
	9: depth 9 in 443.66 seconds
	10: depth 10 in 1619.34 seconds
	11: depth 10 in 1619.34 seconds
breakbreakbreak
blocks-4-2 FAILED
	reason failed: depth out
problem details:
	state size: 18
	maximum depth: 10
with
	depth: 10
	time: 1629.80 seconds
history:
	1: depth 1 in 0.11 seconds
	2: depth 2 in 0.08 seconds
	3: depth 3 in 0.09 seconds
	4: depth 4 in 0.10 seconds
	5: depth 5 in 5.01 seconds
	6: depth 6 in 15.85 seconds
	7: depth 7 in 48.54 seconds
	8: depth 8 in 171.87 seconds
	9: depth 9 in 444.72 seconds
	10: depth 10 in 1629.80 seconds
	11: depth 10 in 1629.80 seconds
breakbreakbreak
blocks-4-2 FAILED
	reason failed: depth out
problem details:
	state size: 18
	maximum depth: 10
with
	depth: 10
	time: 1620.49 seconds
history:
	1: depth 1 in 0.09 seconds
	2: depth 2 in 0.10 seconds
	3: depth 3 in 0.09 seconds
	4: depth 4 in 0.09 seconds
	5: depth 5 in 4.96 seconds
	6: depth 6 in 15.58 seconds
	7: depth 7 in 48.74 seconds
	8: depth 8 in 172.17 seconds
	9: depth 9 in 441.98 seconds
	10: depth 10 in 1620.49 seconds
	11: depth 10 in 1620.49 seconds
breakbreakbreak
blocks-4-2 FAILED
	reason failed: depth out
problem details:
	state size: 18
	maximum depth: 10
with
	depth: 10
	time: 1615.18 seconds
history:
	1: depth 1 in 0.11 seconds
	2: depth 2 in 0.09 seconds
	3: depth 3 in 0.09 seconds
	4: depth 4 in 0.08 seconds
	5: depth 5 in 4.94 seconds
	6: depth 6 in 15.31 seconds
	7: depth 7 in 48.50 seconds
	8: depth 8 in 170.52 seconds
	9: depth 9 in 442.70 seconds
	10: depth 10 in 1615.18 seconds
	11: depth 10 in 1615.18 seconds
breakbreakbreak
blocks-4-2 FAILED
	reason failed: depth out
problem details:
	state size: 18
	maximum depth: 10
with
	depth: 10
	time: 1630.32 seconds
history:
	1: depth 1 in 0.10 seconds
	2: depth 2 in 0.09 seconds
	3: depth 3 in 0.09 seconds
	4: depth 4 in 0.09 seconds
	5: depth 5 in 4.84 seconds
	6: depth 6 in 15.56 seconds
	7: depth 7 in 48.58 seconds
	8: depth 8 in 171.73 seconds
	9: depth 9 in 444.56 seconds
	10: depth 10 in 1630.32 seconds
	11: depth 10 in 1630.32 seconds
breakbreakbreak
blocks-4-2 FAILED
	reason failed: depth out
problem details:
	state size: 18
	maximum depth: 10
with
	depth: 10
	time: 1624.19 seconds
history:
	1: depth 1 in 0.09 seconds
	2: depth 2 in 0.10 seconds
	3: depth 3 in 0.08 seconds
	4: depth 4 in 0.09 seconds
	5: depth 5 in 4.95 seconds
	6: depth 6 in 15.57 seconds
	7: depth 7 in 48.28 seconds
	8: depth 8 in 172.06 seconds
	9: depth 9 in 445.69 seconds
	10: depth 10 in 1624.19 seconds
	11: depth 10 in 1624.19 seconds
