blocks-4-0 FAILED
	reason failed: depth out
problem details:
	state size: 18
	maximum depth: 10
with
	depth: 10
	time: 2007.08 seconds
history:
	1: depth 1 in 0.07 seconds
	2: depth 2 in 0.08 seconds
	3: depth 3 in 0.08 seconds
	4: depth 4 in 0.07 seconds
	5: depth 5 in 4.65 seconds
	6: depth 6 in 12.60 seconds
	7: depth 7 in 67.00 seconds
	8: depth 8 in 259.70 seconds
	9: depth 9 in 870.15 seconds
	10: depth 10 in 2007.08 seconds
	11: depth 10 in 2007.08 seconds
breakbreakbreak
blocks-4-0 FAILED
	reason failed: depth out
problem details:
	state size: 18
	maximum depth: 10
with
	depth: 10
	time: 1954.52 seconds
history:
	1: depth 1 in 0.09 seconds
	2: depth 2 in 0.08 seconds
	3: depth 3 in 0.11 seconds
	4: depth 4 in 0.10 seconds
	5: depth 5 in 4.60 seconds
	6: depth 6 in 12.74 seconds
	7: depth 7 in 67.96 seconds
	8: depth 8 in 264.90 seconds
	9: depth 9 in 847.81 seconds
	10: depth 10 in 1954.52 seconds
	11: depth 10 in 1954.52 seconds
breakbreakbreak
blocks-4-0 FAILED
	reason failed: depth out
problem details:
	state size: 18
	maximum depth: 10
with
	depth: 10
	time: 1964.28 seconds
history:
	1: depth 1 in 0.10 seconds
	2: depth 2 in 0.10 seconds
	3: depth 3 in 0.10 seconds
	4: depth 4 in 0.09 seconds
	5: depth 5 in 4.52 seconds
	6: depth 6 in 12.72 seconds
	7: depth 7 in 65.78 seconds
	8: depth 8 in 260.17 seconds
	9: depth 9 in 845.05 seconds
	10: depth 10 in 1964.28 seconds
	11: depth 10 in 1964.28 seconds
breakbreakbreak
blocks-4-0 FAILED
	reason failed: depth out
problem details:
	state size: 18
	maximum depth: 10
with
	depth: 10
	time: 1959.61 seconds
history:
	1: depth 1 in 0.10 seconds
	2: depth 2 in 0.09 seconds
	3: depth 3 in 0.08 seconds
	4: depth 4 in 0.08 seconds
	5: depth 5 in 4.82 seconds
	6: depth 6 in 12.63 seconds
	7: depth 7 in 65.58 seconds
	8: depth 8 in 259.81 seconds
	9: depth 9 in 842.59 seconds
	10: depth 10 in 1959.61 seconds
	11: depth 10 in 1959.61 seconds
breakbreakbreak
blocks-4-0 FAILED
	reason failed: depth out
problem details:
	state size: 18
	maximum depth: 10
with
	depth: 10
	time: 1954.86 seconds
history:
	1: depth 1 in 0.10 seconds
	2: depth 2 in 0.11 seconds
	3: depth 3 in 0.08 seconds
	4: depth 4 in 0.09 seconds
	5: depth 5 in 4.59 seconds
	6: depth 6 in 12.68 seconds
	7: depth 7 in 65.92 seconds
	8: depth 8 in 259.04 seconds
	9: depth 9 in 843.40 seconds
	10: depth 10 in 1954.86 seconds
	11: depth 10 in 1954.86 seconds
breakbreakbreak
blocks-4-0 FAILED
	reason failed: depth out
problem details:
	state size: 18
	maximum depth: 10
with
	depth: 10
	time: 1961.29 seconds
history:
	1: depth 1 in 0.11 seconds
	2: depth 2 in 0.10 seconds
	3: depth 3 in 0.09 seconds
	4: depth 4 in 0.09 seconds
	5: depth 5 in 4.54 seconds
	6: depth 6 in 12.59 seconds
	7: depth 7 in 65.64 seconds
	8: depth 8 in 259.92 seconds
	9: depth 9 in 845.82 seconds
	10: depth 10 in 1961.29 seconds
	11: depth 10 in 1961.29 seconds
breakbreakbreak
blocks-4-0 FAILED
	reason failed: depth out
problem details:
	state size: 18
	maximum depth: 10
with
	depth: 10
	time: 1958.09 seconds
history:
	1: depth 1 in 0.10 seconds
	2: depth 2 in 0.09 seconds
	3: depth 3 in 0.11 seconds
	4: depth 4 in 0.10 seconds
	5: depth 5 in 4.58 seconds
	6: depth 6 in 12.66 seconds
	7: depth 7 in 66.03 seconds
	8: depth 8 in 260.88 seconds
	9: depth 9 in 846.63 seconds
	10: depth 10 in 1958.09 seconds
	11: depth 10 in 1958.09 seconds
breakbreakbreak
blocks-4-0 FAILED
	reason failed: depth out
problem details:
	state size: 18
	maximum depth: 10
with
	depth: 10
	time: 1958.11 seconds
history:
	1: depth 1 in 0.09 seconds
	2: depth 2 in 0.09 seconds
	3: depth 3 in 0.09 seconds
	4: depth 4 in 0.09 seconds
	5: depth 5 in 4.55 seconds
	6: depth 6 in 12.52 seconds
	7: depth 7 in 65.50 seconds
	8: depth 8 in 258.75 seconds
	9: depth 9 in 841.48 seconds
	10: depth 10 in 1958.11 seconds
	11: depth 10 in 1958.11 seconds
breakbreakbreak
blocks-4-0 FAILED
	reason failed: depth out
problem details:
	state size: 18
	maximum depth: 10
with
	depth: 10
	time: 1961.45 seconds
history:
	1: depth 1 in 0.10 seconds
	2: depth 2 in 0.08 seconds
	3: depth 3 in 0.10 seconds
	4: depth 4 in 0.10 seconds
	5: depth 5 in 4.64 seconds
	6: depth 6 in 12.62 seconds
	7: depth 7 in 65.47 seconds
	8: depth 8 in 258.58 seconds
	9: depth 9 in 844.34 seconds
	10: depth 10 in 1961.45 seconds
	11: depth 10 in 1961.45 seconds
breakbreakbreak
blocks-4-0 FAILED
	reason failed: depth out
problem details:
	state size: 18
	maximum depth: 10
with
	depth: 10
	time: 1960.04 seconds
history:
	1: depth 1 in 0.10 seconds
	2: depth 2 in 0.10 seconds
	3: depth 3 in 0.09 seconds
	4: depth 4 in 0.11 seconds
	5: depth 5 in 4.52 seconds
	6: depth 6 in 12.65 seconds
	7: depth 7 in 65.84 seconds
	8: depth 8 in 257.98 seconds
	9: depth 9 in 840.49 seconds
	10: depth 10 in 1960.04 seconds
	11: depth 10 in 1960.04 seconds
