blocks-4-1 FAILED
	reason failed: depth out
problem details:
	state size: 18
	maximum depth: 10
with
	depth: 10
	time: 69.27 seconds
history:
	1: depth 1 in 0.10 seconds
	2: depth 2 in 0.10 seconds
	3: depth 3 in 0.10 seconds
	4: depth 4 in 0.10 seconds
	5: depth 5 in 3.43 seconds
	6: depth 6 in 6.13 seconds
	7: depth 7 in 10.97 seconds
	8: depth 8 in 25.21 seconds
	9: depth 9 in 40.72 seconds
	10: depth 10 in 69.27 seconds
	11: depth 10 in 69.27 seconds
breakbreakbreak
blocks-4-1 FAILED
	reason failed: depth out
problem details:
	state size: 18
	maximum depth: 10
with
	depth: 10
	time: 69.31 seconds
history:
	1: depth 1 in 0.10 seconds
	2: depth 2 in 0.09 seconds
	3: depth 3 in 0.08 seconds
	4: depth 4 in 0.08 seconds
	5: depth 5 in 3.50 seconds
	6: depth 6 in 6.27 seconds
	7: depth 7 in 11.09 seconds
	8: depth 8 in 25.14 seconds
	9: depth 9 in 40.68 seconds
	10: depth 10 in 69.31 seconds
	11: depth 10 in 69.31 seconds
breakbreakbreak
blocks-4-1 FAILED
	reason failed: depth out
problem details:
	state size: 18
	maximum depth: 10
with
	depth: 10
	time: 69.75 seconds
history:
	1: depth 1 in 0.11 seconds
	2: depth 2 in 0.08 seconds
	3: depth 3 in 0.09 seconds
	4: depth 4 in 0.07 seconds
	5: depth 5 in 3.48 seconds
	6: depth 6 in 6.23 seconds
	7: depth 7 in 11.17 seconds
	8: depth 8 in 25.20 seconds
	9: depth 9 in 40.54 seconds
	10: depth 10 in 69.75 seconds
	11: depth 10 in 69.75 seconds
breakbreakbreak
blocks-4-1 FAILED
	reason failed: depth out
problem details:
	state size: 18
	maximum depth: 10
with
	depth: 10
	time: 69.28 seconds
history:
	1: depth 1 in 0.10 seconds
	2: depth 2 in 0.07 seconds
	3: depth 3 in 0.09 seconds
	4: depth 4 in 0.09 seconds
	5: depth 5 in 3.44 seconds
	6: depth 6 in 6.19 seconds
	7: depth 7 in 11.19 seconds
	8: depth 8 in 25.15 seconds
	9: depth 9 in 40.32 seconds
	10: depth 10 in 69.28 seconds
	11: depth 10 in 69.28 seconds
breakbreakbreak
blocks-4-1 FAILED
	reason failed: depth out
problem details:
	state size: 18
	maximum depth: 10
with
	depth: 10
	time: 69.08 seconds
history:
	1: depth 1 in 0.11 seconds
	2: depth 2 in 0.09 seconds
	3: depth 3 in 0.11 seconds
	4: depth 4 in 0.08 seconds
	5: depth 5 in 3.44 seconds
	6: depth 6 in 6.12 seconds
	7: depth 7 in 11.07 seconds
	8: depth 8 in 25.13 seconds
	9: depth 9 in 40.74 seconds
	10: depth 10 in 69.08 seconds
	11: depth 10 in 69.08 seconds
breakbreakbreak
blocks-4-1 FAILED
	reason failed: depth out
problem details:
	state size: 18
	maximum depth: 10
with
	depth: 10
	time: 69.45 seconds
history:
	1: depth 1 in 0.10 seconds
	2: depth 2 in 0.10 seconds
	3: depth 3 in 0.10 seconds
	4: depth 4 in 0.09 seconds
	5: depth 5 in 3.45 seconds
	6: depth 6 in 6.17 seconds
	7: depth 7 in 11.09 seconds
	8: depth 8 in 25.13 seconds
	9: depth 9 in 40.25 seconds
	10: depth 10 in 69.45 seconds
	11: depth 10 in 69.45 seconds
breakbreakbreak
blocks-4-1 FAILED
	reason failed: depth out
problem details:
	state size: 18
	maximum depth: 10
with
	depth: 10
	time: 69.54 seconds
history:
	1: depth 1 in 0.10 seconds
	2: depth 2 in 0.10 seconds
	3: depth 3 in 0.10 seconds
	4: depth 4 in 0.09 seconds
	5: depth 5 in 3.41 seconds
	6: depth 6 in 6.19 seconds
	7: depth 7 in 11.17 seconds
	8: depth 8 in 25.14 seconds
	9: depth 9 in 40.37 seconds
	10: depth 10 in 69.54 seconds
	11: depth 10 in 69.54 seconds
breakbreakbreak
blocks-4-1 FAILED
	reason failed: depth out
problem details:
	state size: 18
	maximum depth: 10
with
	depth: 10
	time: 70.05 seconds
history:
	1: depth 1 in 0.11 seconds
	2: depth 2 in 0.10 seconds
	3: depth 3 in 0.10 seconds
	4: depth 4 in 0.09 seconds
	5: depth 5 in 3.42 seconds
	6: depth 6 in 6.14 seconds
	7: depth 7 in 11.18 seconds
	8: depth 8 in 25.36 seconds
	9: depth 9 in 40.81 seconds
	10: depth 10 in 70.05 seconds
	11: depth 10 in 70.05 seconds
breakbreakbreak
blocks-4-1 FAILED
	reason failed: depth out
problem details:
	state size: 18
	maximum depth: 10
with
	depth: 10
	time: 69.43 seconds
history:
	1: depth 1 in 0.10 seconds
	2: depth 2 in 0.10 seconds
	3: depth 3 in 0.08 seconds
	4: depth 4 in 0.08 seconds
	5: depth 5 in 3.49 seconds
	6: depth 6 in 6.25 seconds
	7: depth 7 in 11.11 seconds
	8: depth 8 in 25.53 seconds
	9: depth 9 in 40.69 seconds
	10: depth 10 in 69.43 seconds
	11: depth 10 in 69.43 seconds
breakbreakbreak
blocks-4-1 FAILED
	reason failed: depth out
problem details:
	state size: 18
	maximum depth: 10
with
	depth: 10
	time: 69.64 seconds
history:
	1: depth 1 in 0.10 seconds
	2: depth 2 in 0.11 seconds
	3: depth 3 in 0.10 seconds
	4: depth 4 in 0.09 seconds
	5: depth 5 in 3.47 seconds
	6: depth 6 in 6.19 seconds
	7: depth 7 in 11.10 seconds
	8: depth 8 in 25.39 seconds
	9: depth 9 in 40.57 seconds
	10: depth 10 in 69.64 seconds
	11: depth 10 in 69.64 seconds
