mixed-f6-p3-u0-v0-g0-a0-n0-a0-b0-n0-f0-r1 FAILED
	reason failed: depth out
problem details:
	state size: 147
	maximum depth: 10
with
	depth: 10
	time: 390.85 seconds
history:
	1: depth 1 in 0.11 seconds
	2: depth 2 in 0.11 seconds
	3: depth 3 in 0.09 seconds
	4: depth 4 in 0.11 seconds
	5: depth 5 in 0.09 seconds
	6: depth 6 in 0.08 seconds
	7: depth 7 in 0.09 seconds
	8: depth 8 in 0.09 seconds
	9: depth 9 in 0.11 seconds
	10: depth 10 in 390.85 seconds
	11: depth 10 in 390.85 seconds
breakbreakbreak
mixed-f6-p3-u0-v0-g0-a0-n0-a0-b0-n0-f0-r1 FAILED
	reason failed: depth out
problem details:
	state size: 147
	maximum depth: 10
with
	depth: 10
	time: 391.28 seconds
history:
	1: depth 1 in 0.11 seconds
	2: depth 2 in 0.10 seconds
	3: depth 3 in 0.09 seconds
	4: depth 4 in 0.09 seconds
	5: depth 5 in 0.10 seconds
	6: depth 6 in 0.11 seconds
	7: depth 7 in 0.09 seconds
	8: depth 8 in 0.09 seconds
	9: depth 9 in 0.11 seconds
	10: depth 10 in 391.28 seconds
	11: depth 10 in 391.28 seconds
breakbreakbreak
mixed-f6-p3-u0-v0-g0-a0-n0-a0-b0-n0-f0-r1 FAILED
	reason failed: depth out
problem details:
	state size: 147
	maximum depth: 10
with
	depth: 10
	time: 390.55 seconds
history:
	1: depth 1 in 0.11 seconds
	2: depth 2 in 0.12 seconds
	3: depth 3 in 0.09 seconds
	4: depth 4 in 0.11 seconds
	5: depth 5 in 0.09 seconds
	6: depth 6 in 0.11 seconds
	7: depth 7 in 0.11 seconds
	8: depth 8 in 0.12 seconds
	9: depth 9 in 0.10 seconds
	10: depth 10 in 390.55 seconds
	11: depth 10 in 390.55 seconds
breakbreakbreak
mixed-f6-p3-u0-v0-g0-a0-n0-a0-b0-n0-f0-r1 FAILED
	reason failed: depth out
problem details:
	state size: 147
	maximum depth: 10
with
	depth: 10
	time: 393.89 seconds
history:
	1: depth 1 in 0.11 seconds
	2: depth 2 in 0.10 seconds
	3: depth 3 in 0.11 seconds
	4: depth 4 in 0.10 seconds
	5: depth 5 in 0.12 seconds
	6: depth 6 in 0.12 seconds
	7: depth 7 in 0.10 seconds
	8: depth 8 in 0.11 seconds
	9: depth 9 in 0.10 seconds
	10: depth 10 in 393.89 seconds
	11: depth 10 in 393.89 seconds
breakbreakbreak
mixed-f6-p3-u0-v0-g0-a0-n0-a0-b0-n0-f0-r1 FAILED
	reason failed: depth out
problem details:
	state size: 147
	maximum depth: 10
with
	depth: 10
	time: 390.29 seconds
history:
	1: depth 1 in 0.11 seconds
	2: depth 2 in 0.11 seconds
	3: depth 3 in 0.12 seconds
	4: depth 4 in 0.12 seconds
	5: depth 5 in 0.09 seconds
	6: depth 6 in 0.10 seconds
	7: depth 7 in 0.13 seconds
	8: depth 8 in 0.12 seconds
	9: depth 9 in 0.09 seconds
	10: depth 10 in 390.29 seconds
	11: depth 10 in 390.29 seconds
breakbreakbreak
mixed-f6-p3-u0-v0-g0-a0-n0-a0-b0-n0-f0-r1 FAILED
	reason failed: depth out
problem details:
	state size: 147
	maximum depth: 10
with
	depth: 10
	time: 390.69 seconds
history:
	1: depth 1 in 0.10 seconds
	2: depth 2 in 0.10 seconds
	3: depth 3 in 0.10 seconds
	4: depth 4 in 0.10 seconds
	5: depth 5 in 0.10 seconds
	6: depth 6 in 0.13 seconds
	7: depth 7 in 0.09 seconds
	8: depth 8 in 0.10 seconds
	9: depth 9 in 0.10 seconds
	10: depth 10 in 390.69 seconds
	11: depth 10 in 390.69 seconds
breakbreakbreak
mixed-f6-p3-u0-v0-g0-a0-n0-a0-b0-n0-f0-r1 FAILED
	reason failed: depth out
problem details:
	state size: 147
	maximum depth: 10
with
	depth: 10
	time: 392.13 seconds
history:
	1: depth 1 in 0.11 seconds
	2: depth 2 in 0.11 seconds
	3: depth 3 in 0.11 seconds
	4: depth 4 in 0.11 seconds
	5: depth 5 in 0.11 seconds
	6: depth 6 in 0.10 seconds
	7: depth 7 in 0.12 seconds
	8: depth 8 in 0.12 seconds
	9: depth 9 in 0.12 seconds
	10: depth 10 in 392.13 seconds
	11: depth 10 in 392.13 seconds
breakbreakbreak
mixed-f6-p3-u0-v0-g0-a0-n0-a0-b0-n0-f0-r1 FAILED
	reason failed: depth out
problem details:
	state size: 147
	maximum depth: 10
with
	depth: 10
	time: 390.35 seconds
history:
	1: depth 1 in 0.13 seconds
	2: depth 2 in 0.12 seconds
	3: depth 3 in 0.11 seconds
	4: depth 4 in 0.11 seconds
	5: depth 5 in 0.10 seconds
	6: depth 6 in 0.11 seconds
	7: depth 7 in 0.12 seconds
	8: depth 8 in 0.11 seconds
	9: depth 9 in 0.12 seconds
	10: depth 10 in 390.35 seconds
	11: depth 10 in 390.35 seconds
breakbreakbreak
mixed-f6-p3-u0-v0-g0-a0-n0-a0-b0-n0-f0-r1 FAILED
	reason failed: depth out
problem details:
	state size: 147
	maximum depth: 10
with
	depth: 10
	time: 393.09 seconds
history:
	1: depth 1 in 0.11 seconds
	2: depth 2 in 0.11 seconds
	3: depth 3 in 0.10 seconds
	4: depth 4 in 0.08 seconds
	5: depth 5 in 0.10 seconds
	6: depth 6 in 0.09 seconds
	7: depth 7 in 0.10 seconds
	8: depth 8 in 0.10 seconds
	9: depth 9 in 0.09 seconds
	10: depth 10 in 393.09 seconds
	11: depth 10 in 393.09 seconds
breakbreakbreak
mixed-f6-p3-u0-v0-g0-a0-n0-a0-b0-n0-f0-r1 FAILED
	reason failed: depth out
problem details:
	state size: 147
	maximum depth: 10
with
	depth: 10
	time: 394.09 seconds
history:
	1: depth 1 in 0.12 seconds
	2: depth 2 in 0.11 seconds
	3: depth 3 in 0.10 seconds
	4: depth 4 in 0.09 seconds
	5: depth 5 in 0.12 seconds
	6: depth 6 in 0.11 seconds
	7: depth 7 in 0.11 seconds
	8: depth 8 in 0.11 seconds
	9: depth 9 in 0.12 seconds
	10: depth 10 in 394.09 seconds
	11: depth 10 in 394.09 seconds
