blocks-4-2 FAILED
	reason failed: no plan found
problem details:
	state size: 9
	maximum depth: 10
with
	depth: 5
	time: 0.11 seconds
history:
	1: depth 1 in 0.10 seconds
	2: depth 2 in 0.08 seconds
	3: depth 3 in 0.11 seconds
	4: depth 4 in 0.08 seconds
breakbreakbreak
blocks-4-2 FAILED
	reason failed: no plan found
problem details:
	state size: 9
	maximum depth: 10
with
	depth: 5
	time: 0.10 seconds
history:
	1: depth 1 in 0.10 seconds
	2: depth 2 in 0.08 seconds
	3: depth 3 in 0.09 seconds
	4: depth 4 in 0.09 seconds
breakbreakbreak
blocks-4-2 FAILED
	reason failed: no plan found
problem details:
	state size: 9
	maximum depth: 10
with
	depth: 5
	time: 0.08 seconds
history:
	1: depth 1 in 0.09 seconds
	2: depth 2 in 0.08 seconds
	3: depth 3 in 0.09 seconds
	4: depth 4 in 0.08 seconds
breakbreakbreak
blocks-4-2 FAILED
	reason failed: no plan found
problem details:
	state size: 9
	maximum depth: 10
with
	depth: 5
	time: 0.08 seconds
history:
	1: depth 1 in 0.09 seconds
	2: depth 2 in 0.09 seconds
	3: depth 3 in 0.08 seconds
	4: depth 4 in 0.08 seconds
breakbreakbreak
blocks-4-2 FAILED
	reason failed: no plan found
problem details:
	state size: 9
	maximum depth: 10
with
	depth: 5
	time: 0.10 seconds
history:
	1: depth 1 in 0.08 seconds
	2: depth 2 in 0.08 seconds
	3: depth 3 in 0.08 seconds
	4: depth 4 in 0.09 seconds
breakbreakbreak
blocks-4-2 FAILED
	reason failed: no plan found
problem details:
	state size: 9
	maximum depth: 10
with
	depth: 5
	time: 0.09 seconds
history:
	1: depth 1 in 0.09 seconds
	2: depth 2 in 0.07 seconds
	3: depth 3 in 0.08 seconds
	4: depth 4 in 0.09 seconds
breakbreakbreak
blocks-4-2 FAILED
	reason failed: no plan found
problem details:
	state size: 9
	maximum depth: 10
with
	depth: 5
	time: 0.11 seconds
history:
	1: depth 1 in 0.08 seconds
	2: depth 2 in 0.09 seconds
	3: depth 3 in 0.09 seconds
	4: depth 4 in 0.09 seconds
breakbreakbreak
blocks-4-2 FAILED
	reason failed: no plan found
problem details:
	state size: 9
	maximum depth: 10
with
	depth: 5
	time: 0.09 seconds
history:
	1: depth 1 in 0.08 seconds
	2: depth 2 in 0.09 seconds
	3: depth 3 in 0.08 seconds
	4: depth 4 in 0.07 seconds
breakbreakbreak
blocks-4-2 FAILED
	reason failed: no plan found
problem details:
	state size: 9
	maximum depth: 10
with
	depth: 5
	time: 0.10 seconds
history:
	1: depth 1 in 0.09 seconds
	2: depth 2 in 0.08 seconds
	3: depth 3 in 0.09 seconds
	4: depth 4 in 0.11 seconds
breakbreakbreak
blocks-4-2 FAILED
	reason failed: no plan found
problem details:
	state size: 9
	maximum depth: 10
with
	depth: 5
	time: 0.10 seconds
history:
	1: depth 1 in 0.10 seconds
	2: depth 2 in 0.09 seconds
	3: depth 3 in 0.09 seconds
	4: depth 4 in 0.08 seconds
