mixed-f2-p1-u0-v0-g0-a0-n0-a0-b0-n0-f0-r0 FAILED
	reason failed: depth out
problem details:
	state size: 10
	maximum depth: 10
with
	depth: 10
	time: 2.52 seconds
history:
	1: depth 1 in 0.10 seconds
	2: depth 2 in 0.08 seconds
	3: depth 3 in 0.09 seconds
	4: depth 4 in 0.71 seconds
	5: depth 5 in 0.98 seconds
	6: depth 6 in 1.12 seconds
	7: depth 7 in 1.51 seconds
	8: depth 8 in 1.80 seconds
	9: depth 9 in 2.22 seconds
	10: depth 10 in 2.52 seconds
breakbreakbreak
mixed-f2-p1-u0-v0-g0-a0-n0-a0-b0-n0-f0-r0 FAILED
	reason failed: depth out
problem details:
	state size: 10
	maximum depth: 10
with
	depth: 10
	time: 2.60 seconds
history:
	1: depth 1 in 0.10 seconds
	2: depth 2 in 0.08 seconds
	3: depth 3 in 0.08 seconds
	4: depth 4 in 0.70 seconds
	5: depth 5 in 0.92 seconds
	6: depth 6 in 1.16 seconds
	7: depth 7 in 1.41 seconds
	8: depth 8 in 1.68 seconds
	9: depth 9 in 2.10 seconds
	10: depth 10 in 2.60 seconds
breakbreakbreak
mixed-f2-p1-u0-v0-g0-a0-n0-a0-b0-n0-f0-r0 FAILED
	reason failed: depth out
problem details:
	state size: 10
	maximum depth: 10
with
	depth: 10
	time: 2.46 seconds
history:
	1: depth 1 in 0.09 seconds
	2: depth 2 in 0.10 seconds
	3: depth 3 in 0.10 seconds
	4: depth 4 in 0.71 seconds
	5: depth 5 in 0.91 seconds
	6: depth 6 in 1.16 seconds
	7: depth 7 in 1.47 seconds
	8: depth 8 in 1.62 seconds
	9: depth 9 in 2.03 seconds
	10: depth 10 in 2.46 seconds
breakbreakbreak
mixed-f2-p1-u0-v0-g0-a0-n0-a0-b0-n0-f0-r0 FAILED
	reason failed: depth out
problem details:
	state size: 10
	maximum depth: 10
with
	depth: 10
	time: 2.46 seconds
history:
	1: depth 1 in 0.11 seconds
	2: depth 2 in 0.09 seconds
	3: depth 3 in 0.08 seconds
	4: depth 4 in 0.72 seconds
	5: depth 5 in 0.90 seconds
	6: depth 6 in 1.18 seconds
	7: depth 7 in 1.49 seconds
	8: depth 8 in 1.65 seconds
	9: depth 9 in 2.11 seconds
	10: depth 10 in 2.46 seconds
breakbreakbreak
mixed-f2-p1-u0-v0-g0-a0-n0-a0-b0-n0-f0-r0 FAILED
	reason failed: depth out
problem details:
	state size: 10
	maximum depth: 10
with
	depth: 10
	time: 2.52 seconds
history:
	1: depth 1 in 0.10 seconds
	2: depth 2 in 0.09 seconds
	3: depth 3 in 0.09 seconds
	4: depth 4 in 0.69 seconds
	5: depth 5 in 0.90 seconds
	6: depth 6 in 1.17 seconds
	7: depth 7 in 1.42 seconds
	8: depth 8 in 1.66 seconds
	9: depth 9 in 2.03 seconds
	10: depth 10 in 2.52 seconds
breakbreakbreak
mixed-f2-p1-u0-v0-g0-a0-n0-a0-b0-n0-f0-r0 FAILED
	reason failed: depth out
problem details:
	state size: 10
	maximum depth: 10
with
	depth: 10
	time: 2.58 seconds
history:
	1: depth 1 in 0.10 seconds
	2: depth 2 in 0.10 seconds
	3: depth 3 in 0.10 seconds
	4: depth 4 in 0.70 seconds
	5: depth 5 in 0.91 seconds
	6: depth 6 in 1.17 seconds
	7: depth 7 in 1.48 seconds
	8: depth 8 in 1.62 seconds
	9: depth 9 in 2.01 seconds
	10: depth 10 in 2.58 seconds
breakbreakbreak
mixed-f2-p1-u0-v0-g0-a0-n0-a0-b0-n0-f0-r0 FAILED
	reason failed: depth out
problem details:
	state size: 10
	maximum depth: 10
with
	depth: 10
	time: 2.54 seconds
history:
	1: depth 1 in 0.10 seconds
	2: depth 2 in 0.10 seconds
	3: depth 3 in 0.10 seconds
	4: depth 4 in 0.68 seconds
	5: depth 5 in 0.91 seconds
	6: depth 6 in 1.18 seconds
	7: depth 7 in 1.42 seconds
	8: depth 8 in 1.61 seconds
	9: depth 9 in 2.02 seconds
	10: depth 10 in 2.54 seconds
breakbreakbreak
mixed-f2-p1-u0-v0-g0-a0-n0-a0-b0-n0-f0-r0 FAILED
	reason failed: depth out
problem details:
	state size: 10
	maximum depth: 10
with
	depth: 10
	time: 2.43 seconds
history:
	1: depth 1 in 0.09 seconds
	2: depth 2 in 0.09 seconds
	3: depth 3 in 0.09 seconds
	4: depth 4 in 0.66 seconds
	5: depth 5 in 0.92 seconds
	6: depth 6 in 1.13 seconds
	7: depth 7 in 1.41 seconds
	8: depth 8 in 1.59 seconds
	9: depth 9 in 2.09 seconds
	10: depth 10 in 2.43 seconds
breakbreakbreak
mixed-f2-p1-u0-v0-g0-a0-n0-a0-b0-n0-f0-r0 FAILED
	reason failed: depth out
problem details:
	state size: 10
	maximum depth: 10
with
	depth: 10
	time: 2.54 seconds
history:
	1: depth 1 in 0.09 seconds
	2: depth 2 in 0.09 seconds
	3: depth 3 in 0.09 seconds
	4: depth 4 in 0.69 seconds
	5: depth 5 in 0.90 seconds
	6: depth 6 in 1.16 seconds
	7: depth 7 in 1.45 seconds
	8: depth 8 in 1.69 seconds
	9: depth 9 in 2.08 seconds
	10: depth 10 in 2.54 seconds
breakbreakbreak
mixed-f2-p1-u0-v0-g0-a0-n0-a0-b0-n0-f0-r0 FAILED
	reason failed: depth out
problem details:
	state size: 10
	maximum depth: 10
with
	depth: 10
	time: 2.47 seconds
history:
	1: depth 1 in 0.10 seconds
	2: depth 2 in 0.09 seconds
	3: depth 3 in 0.08 seconds
	4: depth 4 in 0.68 seconds
	5: depth 5 in 0.95 seconds
	6: depth 6 in 1.21 seconds
	7: depth 7 in 1.41 seconds
	8: depth 8 in 1.62 seconds
	9: depth 9 in 2.01 seconds
	10: depth 10 in 2.47 seconds
