mixed-f2-p1-u0-v0-g0-a0-n0-a0-b0-n0-f0-r1 FAILED
	reason failed: depth out
problem details:
	state size: 10
	maximum depth: 10
with
	depth: 10
	time: 2.52 seconds
history:
	1: depth 1 in 0.09 seconds
	2: depth 2 in 0.09 seconds
	3: depth 3 in 0.11 seconds
	4: depth 4 in 0.64 seconds
	5: depth 5 in 0.88 seconds
	6: depth 6 in 1.20 seconds
	7: depth 7 in 1.45 seconds
	8: depth 8 in 1.78 seconds
	9: depth 9 in 2.10 seconds
	10: depth 10 in 2.52 seconds
breakbreakbreak
mixed-f2-p1-u0-v0-g0-a0-n0-a0-b0-n0-f0-r1 FAILED
	reason failed: depth out
problem details:
	state size: 10
	maximum depth: 10
with
	depth: 10
	time: 2.52 seconds
history:
	1: depth 1 in 0.08 seconds
	2: depth 2 in 0.10 seconds
	3: depth 3 in 0.10 seconds
	4: depth 4 in 0.71 seconds
	5: depth 5 in 0.89 seconds
	6: depth 6 in 1.19 seconds
	7: depth 7 in 1.42 seconds
	8: depth 8 in 1.86 seconds
	9: depth 9 in 2.05 seconds
	10: depth 10 in 2.52 seconds
breakbreakbreak
mixed-f2-p1-u0-v0-g0-a0-n0-a0-b0-n0-f0-r1 FAILED
	reason failed: depth out
problem details:
	state size: 10
	maximum depth: 10
with
	depth: 10
	time: 2.61 seconds
history:
	1: depth 1 in 0.10 seconds
	2: depth 2 in 0.09 seconds
	3: depth 3 in 0.09 seconds
	4: depth 4 in 0.70 seconds
	5: depth 5 in 0.86 seconds
	6: depth 6 in 1.13 seconds
	7: depth 7 in 1.45 seconds
	8: depth 8 in 1.78 seconds
	9: depth 9 in 1.96 seconds
	10: depth 10 in 2.61 seconds
breakbreakbreak
mixed-f2-p1-u0-v0-g0-a0-n0-a0-b0-n0-f0-r1 FAILED
	reason failed: depth out
problem details:
	state size: 10
	maximum depth: 10
with
	depth: 10
	time: 2.55 seconds
history:
	1: depth 1 in 0.09 seconds
	2: depth 2 in 0.11 seconds
	3: depth 3 in 0.09 seconds
	4: depth 4 in 0.69 seconds
	5: depth 5 in 0.90 seconds
	6: depth 6 in 1.16 seconds
	7: depth 7 in 1.43 seconds
	8: depth 8 in 1.75 seconds
	9: depth 9 in 1.99 seconds
	10: depth 10 in 2.55 seconds
breakbreakbreak
mixed-f2-p1-u0-v0-g0-a0-n0-a0-b0-n0-f0-r1 FAILED
	reason failed: depth out
problem details:
	state size: 10
	maximum depth: 10
with
	depth: 10
	time: 2.57 seconds
history:
	1: depth 1 in 0.11 seconds
	2: depth 2 in 0.11 seconds
	3: depth 3 in 0.08 seconds
	4: depth 4 in 0.68 seconds
	5: depth 5 in 0.88 seconds
	6: depth 6 in 1.16 seconds
	7: depth 7 in 1.43 seconds
	8: depth 8 in 1.77 seconds
	9: depth 9 in 2.01 seconds
	10: depth 10 in 2.57 seconds
breakbreakbreak
mixed-f2-p1-u0-v0-g0-a0-n0-a0-b0-n0-f0-r1 FAILED
	reason failed: depth out
problem details:
	state size: 10
	maximum depth: 10
with
	depth: 10
	time: 2.49 seconds
history:
	1: depth 1 in 0.10 seconds
	2: depth 2 in 0.09 seconds
	3: depth 3 in 0.09 seconds
	4: depth 4 in 0.70 seconds
	5: depth 5 in 0.88 seconds
	6: depth 6 in 1.15 seconds
	7: depth 7 in 1.43 seconds
	8: depth 8 in 1.81 seconds
	9: depth 9 in 2.04 seconds
	10: depth 10 in 2.49 seconds
breakbreakbreak
mixed-f2-p1-u0-v0-g0-a0-n0-a0-b0-n0-f0-r1 FAILED
	reason failed: depth out
problem details:
	state size: 10
	maximum depth: 10
with
	depth: 10
	time: 2.51 seconds
history:
	1: depth 1 in 0.10 seconds
	2: depth 2 in 0.08 seconds
	3: depth 3 in 0.10 seconds
	4: depth 4 in 0.71 seconds
	5: depth 5 in 0.90 seconds
	6: depth 6 in 1.12 seconds
	7: depth 7 in 1.38 seconds
	8: depth 8 in 1.81 seconds
	9: depth 9 in 2.06 seconds
	10: depth 10 in 2.51 seconds
breakbreakbreak
mixed-f2-p1-u0-v0-g0-a0-n0-a0-b0-n0-f0-r1 FAILED
	reason failed: depth out
problem details:
	state size: 10
	maximum depth: 10
with
	depth: 10
	time: 2.56 seconds
history:
	1: depth 1 in 0.10 seconds
	2: depth 2 in 0.10 seconds
	3: depth 3 in 0.11 seconds
	4: depth 4 in 0.64 seconds
	5: depth 5 in 0.87 seconds
	6: depth 6 in 1.18 seconds
	7: depth 7 in 1.45 seconds
	8: depth 8 in 1.72 seconds
	9: depth 9 in 2.01 seconds
	10: depth 10 in 2.56 seconds
breakbreakbreak
mixed-f2-p1-u0-v0-g0-a0-n0-a0-b0-n0-f0-r1 FAILED
	reason failed: depth out
problem details:
	state size: 10
	maximum depth: 10
with
	depth: 10
	time: 2.62 seconds
history:
	1: depth 1 in 0.10 seconds
	2: depth 2 in 0.10 seconds
	3: depth 3 in 0.09 seconds
	4: depth 4 in 0.68 seconds
	5: depth 5 in 0.88 seconds
	6: depth 6 in 1.12 seconds
	7: depth 7 in 1.49 seconds
	8: depth 8 in 1.78 seconds
	9: depth 9 in 2.06 seconds
	10: depth 10 in 2.62 seconds
breakbreakbreak
mixed-f2-p1-u0-v0-g0-a0-n0-a0-b0-n0-f0-r1 FAILED
	reason failed: depth out
problem details:
	state size: 10
	maximum depth: 10
with
	depth: 10
	time: 2.51 seconds
history:
	1: depth 1 in 0.10 seconds
	2: depth 2 in 0.09 seconds
	3: depth 3 in 0.08 seconds
	4: depth 4 in 0.66 seconds
	5: depth 5 in 0.83 seconds
	6: depth 6 in 1.14 seconds
	7: depth 7 in 1.49 seconds
	8: depth 8 in 1.72 seconds
	9: depth 9 in 2.02 seconds
	10: depth 10 in 2.51 seconds
