mixed-f2-p1-u0-v0-g0-a0-n0-a0-b0-n0-f0-r2 FAILED
	reason failed: depth out
problem details:
	state size: 10
	maximum depth: 10
with
	depth: 10
	time: 2.51 seconds
history:
	1: depth 1 in 0.10 seconds
	2: depth 2 in 0.10 seconds
	3: depth 3 in 0.09 seconds
	4: depth 4 in 0.68 seconds
	5: depth 5 in 0.91 seconds
	6: depth 6 in 1.10 seconds
	7: depth 7 in 1.49 seconds
	8: depth 8 in 1.66 seconds
	9: depth 9 in 2.10 seconds
	10: depth 10 in 2.51 seconds
breakbreakbreak
mixed-f2-p1-u0-v0-g0-a0-n0-a0-b0-n0-f0-r2 FAILED
	reason failed: depth out
problem details:
	state size: 10
	maximum depth: 10
with
	depth: 10
	time: 2.55 seconds
history:
	1: depth 1 in 0.11 seconds
	2: depth 2 in 0.10 seconds
	3: depth 3 in 0.09 seconds
	4: depth 4 in 0.68 seconds
	5: depth 5 in 0.93 seconds
	6: depth 6 in 1.15 seconds
	7: depth 7 in 1.40 seconds
	8: depth 8 in 1.70 seconds
	9: depth 9 in 2.13 seconds
	10: depth 10 in 2.55 seconds
breakbreakbreak
mixed-f2-p1-u0-v0-g0-a0-n0-a0-b0-n0-f0-r2 FAILED
	reason failed: depth out
problem details:
	state size: 10
	maximum depth: 10
with
	depth: 10
	time: 2.55 seconds
history:
	1: depth 1 in 0.11 seconds
	2: depth 2 in 0.09 seconds
	3: depth 3 in 0.09 seconds
	4: depth 4 in 0.68 seconds
	5: depth 5 in 0.95 seconds
	6: depth 6 in 1.17 seconds
	7: depth 7 in 1.40 seconds
	8: depth 8 in 1.65 seconds
	9: depth 9 in 2.10 seconds
	10: depth 10 in 2.55 seconds
breakbreakbreak
mixed-f2-p1-u0-v0-g0-a0-n0-a0-b0-n0-f0-r2 FAILED
	reason failed: depth out
problem details:
	state size: 10
	maximum depth: 10
with
	depth: 10
	time: 2.49 seconds
history:
	1: depth 1 in 0.10 seconds
	2: depth 2 in 0.10 seconds
	3: depth 3 in 0.10 seconds
	4: depth 4 in 0.70 seconds
	5: depth 5 in 0.93 seconds
	6: depth 6 in 1.16 seconds
	7: depth 7 in 1.48 seconds
	8: depth 8 in 1.65 seconds
	9: depth 9 in 2.04 seconds
	10: depth 10 in 2.49 seconds
breakbreakbreak
mixed-f2-p1-u0-v0-g0-a0-n0-a0-b0-n0-f0-r2 FAILED
	reason failed: depth out
problem details:
	state size: 10
	maximum depth: 10
with
	depth: 10
	time: 2.61 seconds
history:
	1: depth 1 in 0.10 seconds
	2: depth 2 in 0.09 seconds
	3: depth 3 in 0.09 seconds
	4: depth 4 in 0.68 seconds
	5: depth 5 in 0.94 seconds
	6: depth 6 in 1.13 seconds
	7: depth 7 in 1.41 seconds
	8: depth 8 in 1.72 seconds
	9: depth 9 in 2.08 seconds
	10: depth 10 in 2.61 seconds
breakbreakbreak
mixed-f2-p1-u0-v0-g0-a0-n0-a0-b0-n0-f0-r2 FAILED
	reason failed: depth out
problem details:
	state size: 10
	maximum depth: 10
with
	depth: 10
	time: 2.54 seconds
history:
	1: depth 1 in 0.11 seconds
	2: depth 2 in 0.09 seconds
	3: depth 3 in 0.08 seconds
	4: depth 4 in 0.69 seconds
	5: depth 5 in 0.94 seconds
	6: depth 6 in 1.15 seconds
	7: depth 7 in 1.49 seconds
	8: depth 8 in 1.60 seconds
	9: depth 9 in 2.01 seconds
	10: depth 10 in 2.54 seconds
breakbreakbreak
mixed-f2-p1-u0-v0-g0-a0-n0-a0-b0-n0-f0-r2 FAILED
	reason failed: depth out
problem details:
	state size: 10
	maximum depth: 10
with
	depth: 10
	time: 2.60 seconds
history:
	1: depth 1 in 0.11 seconds
	2: depth 2 in 0.09 seconds
	3: depth 3 in 0.10 seconds
	4: depth 4 in 0.72 seconds
	5: depth 5 in 0.94 seconds
	6: depth 6 in 1.12 seconds
	7: depth 7 in 1.50 seconds
	8: depth 8 in 1.66 seconds
	9: depth 9 in 2.07 seconds
	10: depth 10 in 2.60 seconds
breakbreakbreak
mixed-f2-p1-u0-v0-g0-a0-n0-a0-b0-n0-f0-r2 FAILED
	reason failed: depth out
problem details:
	state size: 10
	maximum depth: 10
with
	depth: 10
	time: 2.47 seconds
history:
	1: depth 1 in 0.11 seconds
	2: depth 2 in 0.09 seconds
	3: depth 3 in 0.09 seconds
	4: depth 4 in 0.71 seconds
	5: depth 5 in 0.92 seconds
	6: depth 6 in 1.19 seconds
	7: depth 7 in 1.50 seconds
	8: depth 8 in 1.70 seconds
	9: depth 9 in 2.11 seconds
	10: depth 10 in 2.47 seconds
breakbreakbreak
mixed-f2-p1-u0-v0-g0-a0-n0-a0-b0-n0-f0-r2 FAILED
	reason failed: depth out
problem details:
	state size: 10
	maximum depth: 10
with
	depth: 10
	time: 2.56 seconds
history:
	1: depth 1 in 0.10 seconds
	2: depth 2 in 0.10 seconds
	3: depth 3 in 0.10 seconds
	4: depth 4 in 0.73 seconds
	5: depth 5 in 0.90 seconds
	6: depth 6 in 1.16 seconds
	7: depth 7 in 1.47 seconds
	8: depth 8 in 1.63 seconds
	9: depth 9 in 2.02 seconds
	10: depth 10 in 2.56 seconds
breakbreakbreak
mixed-f2-p1-u0-v0-g0-a0-n0-a0-b0-n0-f0-r2 FAILED
	reason failed: depth out
problem details:
	state size: 10
	maximum depth: 10
with
	depth: 10
	time: 2.46 seconds
history:
	1: depth 1 in 0.10 seconds
	2: depth 2 in 0.10 seconds
	3: depth 3 in 0.09 seconds
	4: depth 4 in 0.70 seconds
	5: depth 5 in 0.95 seconds
	6: depth 6 in 1.14 seconds
	7: depth 7 in 1.50 seconds
	8: depth 8 in 1.64 seconds
	9: depth 9 in 2.02 seconds
	10: depth 10 in 2.46 seconds
