input/for-graphs/output/logs/state10%-md10/invalid/noPlanFound/blocks-5-1.log
blocks-5-1 FAILED
	reason failed: no plan found
problem details:
	state size: 6
	maximum depth: 10
with
	depth: 6
	time: 0.10 seconds
history:
	0: depth 1 in 0.10 seconds
	1: depth 2 in 0.09 seconds
	2: depth 3 in 0.08 seconds
	3: depth 4 in 0.09 seconds
	4: depth 5 in 0.10 seconds
input/for-graphs/output/logs/state20%-md10/invalid/noPlanFound/blocks-5-1.log
blocks-5-1 FAILED
	reason failed: no plan found
problem details:
	state size: 13
	maximum depth: 10
with
	depth: 6
	time: 0.10 seconds
history:
	0: depth 1 in 0.11 seconds
	1: depth 2 in 0.08 seconds
	2: depth 3 in 0.10 seconds
	3: depth 4 in 0.08 seconds
	4: depth 5 in 0.09 seconds
input/for-graphs/output/logs/state30%-md10/invalid/noPlanFound/blocks-5-1.log
blocks-5-1 FAILED
	reason failed: depth out
problem details:
	state size: 19
	maximum depth: 10
with
	depth: 10
	time: 853.53 seconds
history:
	0: depth 1 in 0.09 seconds
	1: depth 2 in 0.09 seconds
	2: depth 3 in 0.07 seconds
	3: depth 4 in 0.09 seconds
	4: depth 5 in 0.09 seconds
	5: depth 6 in 19.54 seconds
	6: depth 7 in 61.24 seconds
	7: depth 8 in 171.43 seconds
	8: depth 9 in 552.50 seconds
	9: depth 10 in 853.53 seconds
input/for-graphs/output/logs/state40%-md10/valid/blocks-5-1.log
blocks-5-1 SOLVED!
problem details:
	state size: 26
	maximum depth: 10
with:
	plan: 0: (unstack b a) 1: (stack b c) 2: (unstack a d) 3: (stack a e) 4: (unstack b c) 5: (stack b a) 6: (pick-up c) 7: (stack c b) 8: (pick-up d) 9: (stack d c) 
	depth: 10
	time: 3170.00 seconds
history:
	0: depth 1 in 0.10 seconds
	1: depth 2 in 0.10 seconds
	2: depth 3 in 0.09 seconds
	3: depth 4 in 0.08 seconds
	4: depth 5 in 0.08 seconds
	5: depth 6 in 20.20 seconds
	6: depth 7 in 65.92 seconds
	7: depth 8 in 215.71 seconds
	8: depth 9 in 801.21 seconds
input/for-graphs/output/logs/state50%-md10/valid/blocks-5-1.log
blocks-5-1 SOLVED!
problem details:
	state size: 33
	maximum depth: 10
with:
	plan: 0: (unstack b a) 1: (stack b c) 2: (unstack a d) 3: (stack a e) 4: (unstack b c) 5: (stack b a) 6: (pick-up c) 7: (stack c b) 8: (pick-up d) 9: (stack d c) 
	depth: 10
	time: 1639.61 seconds
history:
	0: depth 1 in 0.10 seconds
	1: depth 2 in 0.09 seconds
	2: depth 3 in 0.09 seconds
	3: depth 4 in 0.09 seconds
	4: depth 5 in 0.10 seconds
	5: depth 6 in 22.63 seconds
	6: depth 7 in 58.42 seconds
	7: depth 8 in 188.27 seconds
	8: depth 9 in 922.32 seconds
input/for-graphs/output/logs/state60%-md10/valid/blocks-5-1.log
blocks-5-1 SOLVED!
problem details:
	state size: 39
	maximum depth: 20
with:
	plan: 0: (unstack b a) 1: (put-down b) 2: (unstack a d) 3: (stack a e) 4: (pick-up b) 5: (stack b a) 6: (pick-up c) 7: (stack c b) 8: (pick-up d) 9: (stack d c) 
	depth: 10
	time: 1267.84 seconds
history:
	0: depth 1 in 0.11 seconds
	1: depth 2 in 0.08 seconds
	2: depth 3 in 0.09 seconds
	3: depth 4 in 0.10 seconds
	4: depth 5 in 0.10 seconds
	5: depth 6 in 19.68 seconds
	6: depth 7 in 62.56 seconds
	7: depth 8 in 206.04 seconds
	8: depth 9 in 755.75 seconds
input/for-graphs/output/logs/state70%-md10/valid/blocks-5-1.log
blocks-5-1 SOLVED!
problem details:
	state size: 46
	maximum depth: 10
with:
	plan: 0: (unstack b a) 1: (stack b c) 2: (unstack a d) 3: (stack a e) 4: (unstack b c) 5: (stack b a) 6: (pick-up c) 7: (stack c b) 8: (pick-up d) 9: (stack d c) 
	depth: 10
	time: 2188.37 seconds
history:
	0: depth 1 in 0.10 seconds
	1: depth 2 in 0.09 seconds
	2: depth 3 in 0.11 seconds
	3: depth 4 in 0.09 seconds
	4: depth 5 in 0.10 seconds
	5: depth 6 in 19.94 seconds
	6: depth 7 in 75.25 seconds
	7: depth 8 in 197.22 seconds
	8: depth 9 in 747.40 seconds
input/for-graphs/output/logs/state80%-md10/valid/blocks-5-1.log
blocks-5-1 SOLVED!
problem details:
	state size: 52
	maximum depth: 20
with:
	plan: 0: (unstack b a) 1: (put-down b) 2: (unstack a d) 3: (stack a e) 4: (pick-up b) 5: (stack b a) 6: (pick-up c) 7: (stack c b) 8: (pick-up d) 9: (stack d c) 
	depth: 10
	time: 1962.46 seconds
history:
	0: depth 1 in 0.11 seconds
	1: depth 2 in 0.10 seconds
	2: depth 3 in 0.10 seconds
	3: depth 4 in 0.09 seconds
	4: depth 5 in 0.09 seconds
	5: depth 6 in 20.07 seconds
	6: depth 7 in 72.17 seconds
	7: depth 8 in 207.44 seconds
	8: depth 9 in 747.29 seconds
input/for-graphs/output/logs/state90%-md10/valid/blocks-5-1.log
blocks-5-1 SOLVED!
problem details:
	state size: 59
	maximum depth: 10
with:
	plan: 0: (unstack b a) 1: (stack b c) 2: (unstack a d) 3: (stack a e) 4: (unstack b c) 5: (stack b a) 6: (pick-up c) 7: (stack c b) 8: (pick-up d) 9: (stack d c) 
	depth: 10
	time: 1471.84 seconds
history:
	0: depth 1 in 0.11 seconds
	1: depth 2 in 0.10 seconds
	2: depth 3 in 0.10 seconds
	3: depth 4 in 0.10 seconds
	4: depth 5 in 0.09 seconds
	5: depth 6 in 19.39 seconds
	6: depth 7 in 88.67 seconds
	7: depth 8 in 230.22 seconds
	8: depth 9 in 659.84 seconds
input/for-graphs/output/logs/state100%-md10/valid/blocks-5-1.log
blocks-5-1 SOLVED!
problem details:
	state size: 66
	maximum depth: 20
with:
	plan: 0: (unstack b a) 1: (stack b c) 2: (unstack a d) 3: (stack a e) 4: (unstack b c) 5: (stack b a) 6: (pick-up c) 7: (stack c b) 8: (pick-up d) 9: (stack d c) 
	depth: 10
	time: 1566.58 seconds
history:
	0: depth 1 in 0.09 seconds
	1: depth 2 in 0.10 seconds
	2: depth 3 in 0.10 seconds
	3: depth 4 in 0.08 seconds
	4: depth 5 in 0.09 seconds
	5: depth 6 in 18.89 seconds
	6: depth 7 in 53.82 seconds
	7: depth 8 in 226.66 seconds
	8: depth 9 in 823.98 seconds
