input/for-graphs/output/logs/state10%-md10/invalid/noPlanFound/blocks-4-1.log
blocks-4-1 FAILED
	reason failed: no plan found
problem details:
	state size: 4
	maximum depth: 10
with
	depth: 5
	time: 0.09 seconds
history:
	0: depth 1 in 0.08 seconds
	1: depth 2 in 0.09 seconds
	2: depth 3 in 0.09 seconds
	3: depth 4 in 0.08 seconds
input/for-graphs/output/logs/state20%-md10/invalid/noPlanFound/blocks-4-1.log
blocks-4-1 FAILED
	reason failed: no plan found
problem details:
	state size: 9
	maximum depth: 10
with
	depth: 5
	time: 0.10 seconds
history:
	0: depth 1 in 0.09 seconds
	1: depth 2 in 0.08 seconds
	2: depth 3 in 0.09 seconds
	3: depth 4 in 0.09 seconds
input/for-graphs/output/logs/state30%-md10/invalid/noPlanFound/blocks-4-1.log
blocks-4-1 FAILED
	reason failed: depth out
problem details:
	state size: 13
	maximum depth: 10
with
	depth: 10
	time: 30.46 seconds
history:
	0: depth 1 in 0.11 seconds
	1: depth 2 in 0.09 seconds
	2: depth 3 in 0.08 seconds
	3: depth 4 in 0.08 seconds
	4: depth 5 in 3.67 seconds
	5: depth 6 in 6.38 seconds
	6: depth 7 in 9.85 seconds
	7: depth 8 in 14.11 seconds
	8: depth 9 in 20.67 seconds
	9: depth 10 in 30.46 seconds
input/for-graphs/output/logs/state40%-md10/invalid/noPlanFound/blocks-4-1.log
blocks-4-1 FAILED
	reason failed: depth out
problem details:
	state size: 18
	maximum depth: 10
with
	depth: 10
	time: 69.25 seconds
history:
	0: depth 1 in 0.10 seconds
	1: depth 2 in 0.07 seconds
	2: depth 3 in 0.10 seconds
	3: depth 4 in 0.08 seconds
	4: depth 5 in 3.57 seconds
	5: depth 6 in 6.17 seconds
	6: depth 7 in 10.92 seconds
	7: depth 8 in 24.73 seconds
	8: depth 9 in 39.73 seconds
	9: depth 10 in 69.25 seconds
input/for-graphs/output/logs/state50%-md10/valid/blocks-4-1.log
blocks-4-1 SOLVED!
problem details:
	state size: 22
	maximum depth: 10
with:
	plan: 0: (unstack b c) 1: (put-down b) 2: (unstack c a) 3: (put-down c) 4: (unstack a d) 5: (stack a b) 6: (pick-up c) 7: (stack c a) 8: (pick-up d) 9: (stack d c) 
	depth: 10
	time: 80.31 seconds
history:
	0: depth 1 in 0.10 seconds
	1: depth 2 in 0.11 seconds
	2: depth 3 in 0.10 seconds
	3: depth 4 in 0.11 seconds
	4: depth 5 in 3.86 seconds
	5: depth 6 in 6.55 seconds
	6: depth 7 in 14.57 seconds
	7: depth 8 in 24.44 seconds
	8: depth 9 in 44.08 seconds
input/for-graphs/output/logs/state60%-md10/valid/blocks-4-1.log
blocks-4-1 SOLVED!
problem details:
	state size: 27
	maximum depth: 20
with:
	plan: 0: (unstack b c) 1: (put-down b) 2: (unstack c a) 3: (put-down c) 4: (unstack a d) 5: (stack a b) 6: (pick-up c) 7: (stack c a) 8: (pick-up d) 9: (stack d c) 
	depth: 10
	time: 87.28 seconds
history:
	0: depth 1 in 0.10 seconds
	1: depth 2 in 0.10 seconds
	2: depth 3 in 0.10 seconds
	3: depth 4 in 0.09 seconds
	4: depth 5 in 3.76 seconds
	5: depth 6 in 7.27 seconds
	6: depth 7 in 13.49 seconds
	7: depth 8 in 19.65 seconds
	8: depth 9 in 39.07 seconds
input/for-graphs/output/logs/state70%-md10/valid/blocks-4-1.log
blocks-4-1 SOLVED!
problem details:
	state size: 31
	maximum depth: 10
with:
	plan: 0: (unstack b c) 1: (put-down b) 2: (unstack c a) 3: (put-down c) 4: (unstack a d) 5: (stack a b) 6: (pick-up c) 7: (stack c a) 8: (pick-up d) 9: (stack d c) 
	depth: 10
	time: 60.29 seconds
history:
	0: depth 1 in 0.09 seconds
	1: depth 2 in 0.08 seconds
	2: depth 3 in 0.09 seconds
	3: depth 4 in 0.10 seconds
	4: depth 5 in 4.04 seconds
	5: depth 6 in 6.90 seconds
	6: depth 7 in 16.17 seconds
	7: depth 8 in 24.31 seconds
	8: depth 9 in 34.18 seconds
input/for-graphs/output/logs/state80%-md10/valid/blocks-4-1.log
blocks-4-1 SOLVED!
problem details:
	state size: 36
	maximum depth: 20
with:
	plan: 0: (unstack b c) 1: (put-down b) 2: (unstack c a) 3: (put-down c) 4: (unstack a d) 5: (stack a b) 6: (pick-up c) 7: (stack c a) 8: (pick-up d) 9: (stack d c) 
	depth: 10
	time: 70.61 seconds
history:
	0: depth 1 in 0.10 seconds
	1: depth 2 in 0.10 seconds
	2: depth 3 in 0.10 seconds
	3: depth 4 in 0.10 seconds
	4: depth 5 in 3.98 seconds
	5: depth 6 in 7.50 seconds
	6: depth 7 in 13.88 seconds
	7: depth 8 in 21.17 seconds
	8: depth 9 in 39.18 seconds
input/for-graphs/output/logs/state90%-md10/valid/blocks-4-1.log
blocks-4-1 SOLVED!
problem details:
	state size: 40
	maximum depth: 10
with:
	plan: 0: (unstack b c) 1: (put-down b) 2: (unstack c a) 3: (put-down c) 4: (unstack a d) 5: (stack a b) 6: (pick-up c) 7: (stack c a) 8: (pick-up d) 9: (stack d c) 
	depth: 10
	time: 62.64 seconds
history:
	0: depth 1 in 0.11 seconds
	1: depth 2 in 0.09 seconds
	2: depth 3 in 0.10 seconds
	3: depth 4 in 0.09 seconds
	4: depth 5 in 4.11 seconds
	5: depth 6 in 7.45 seconds
	6: depth 7 in 16.07 seconds
	7: depth 8 in 23.30 seconds
	8: depth 9 in 43.90 seconds
input/for-graphs/output/logs/state100%-md10/valid/blocks-4-1.log
blocks-4-1 SOLVED!
problem details:
	state size: 45
	maximum depth: 20
with:
	plan: 0: (unstack b c) 1: (put-down b) 2: (unstack c a) 3: (put-down c) 4: (unstack a d) 5: (stack a b) 6: (pick-up c) 7: (stack c a) 8: (pick-up d) 9: (stack d c) 
	depth: 10
	time: 78.62 seconds
history:
	0: depth 1 in 0.09 seconds
	1: depth 2 in 0.10 seconds
	2: depth 3 in 0.10 seconds
	3: depth 4 in 0.10 seconds
	4: depth 5 in 4.07 seconds
	5: depth 6 in 9.41 seconds
	6: depth 7 in 14.05 seconds
	7: depth 8 in 21.68 seconds
	8: depth 9 in 56.57 seconds
