input/for-graphs/output/logs/state10%-md10/invalid/noPlanFound/blocks-4-0.log
blocks-4-0 FAILED
	reason failed: no plan found
problem details:
	state size: 4
	maximum depth: 10
with
	depth: 5
	time: 0.09 seconds
history:
	0: depth 1 in 0.10 seconds
	1: depth 2 in 0.09 seconds
	2: depth 3 in 0.09 seconds
	3: depth 4 in 0.09 seconds
input/for-graphs/output/logs/state20%-md10/invalid/noPlanFound/blocks-4-0.log
blocks-4-0 FAILED
	reason failed: no plan found
problem details:
	state size: 9
	maximum depth: 10
with
	depth: 5
	time: 0.10 seconds
history:
	0: depth 1 in 0.09 seconds
	1: depth 2 in 0.08 seconds
	2: depth 3 in 0.09 seconds
	3: depth 4 in 0.08 seconds
input/for-graphs/output/logs/state30%-md10/invalid/noPlanFound/blocks-4-0.log
blocks-4-0 FAILED
	reason failed: depth out
problem details:
	state size: 13
	maximum depth: 10
with
	depth: 10
	time: 1.69 seconds
history:
	0: depth 1 in 0.09 seconds
	1: depth 2 in 0.11 seconds
	2: depth 3 in 0.10 seconds
	3: depth 4 in 0.07 seconds
	4: depth 5 in 0.68 seconds
	5: depth 6 in 0.85 seconds
	6: depth 7 in 1.02 seconds
	7: depth 8 in 1.34 seconds
	8: depth 9 in 1.51 seconds
	9: depth 10 in 1.69 seconds
input/for-graphs/output/logs/state40%-md10/invalid/noPlanFound/blocks-4-0.log
blocks-4-0 FAILED
	reason failed: depth out
problem details:
	state size: 18
	maximum depth: 10
with
	depth: 10
	time: 1916.73 seconds
history:
	0: depth 1 in 0.08 seconds
	1: depth 2 in 0.06 seconds
	2: depth 3 in 0.10 seconds
	3: depth 4 in 0.09 seconds
	4: depth 5 in 4.86 seconds
	5: depth 6 in 12.55 seconds
	6: depth 7 in 65.16 seconds
	7: depth 8 in 253.87 seconds
	8: depth 9 in 825.86 seconds
	9: depth 10 in 1916.73 seconds
input/for-graphs/output/logs/state50%-md10/valid/blocks-4-0.log
blocks-4-0 SOLVED!
problem details:
	state size: 22
	maximum depth: 10
with:
	plan: 0: (pick-up b) 1: (stack b a) 2: (pick-up c) 3: (stack c b) 4: (pick-up d) 5: (stack d c) 
	depth: 6
	time: 14.07 seconds
history:
	0: depth 1 in 0.09 seconds
	1: depth 2 in 0.09 seconds
	2: depth 3 in 0.09 seconds
	3: depth 4 in 0.09 seconds
	4: depth 5 in 4.66 seconds
input/for-graphs/output/logs/state60%-md10/valid/blocks-4-0.log
blocks-4-0 SOLVED!
problem details:
	state size: 27
	maximum depth: 20
with:
	plan: 0: (pick-up b) 1: (stack b a) 2: (pick-up c) 3: (stack c b) 4: (pick-up d) 5: (stack d c) 
	depth: 6
	time: 18.13 seconds
history:
	0: depth 1 in 0.09 seconds
	1: depth 2 in 0.09 seconds
	2: depth 3 in 0.07 seconds
	3: depth 4 in 0.09 seconds
	4: depth 5 in 5.22 seconds
input/for-graphs/output/logs/state70%-md10/valid/blocks-4-0.log
blocks-4-0 SOLVED!
problem details:
	state size: 31
	maximum depth: 10
with:
	plan: 0: (pick-up b) 1: (stack b a) 2: (pick-up c) 3: (stack c b) 4: (pick-up d) 5: (stack d c) 
	depth: 6
	time: 17.31 seconds
history:
	0: depth 1 in 0.08 seconds
	1: depth 2 in 0.08 seconds
	2: depth 3 in 0.09 seconds
	3: depth 4 in 0.09 seconds
	4: depth 5 in 4.90 seconds
input/for-graphs/output/logs/state80%-md10/valid/blocks-4-0.log
blocks-4-0 SOLVED!
problem details:
	state size: 36
	maximum depth: 20
with:
	plan: 0: (pick-up b) 1: (stack b a) 2: (pick-up c) 3: (stack c b) 4: (pick-up d) 5: (stack d c) 
	depth: 6
	time: 16.63 seconds
history:
	0: depth 1 in 0.09 seconds
	1: depth 2 in 0.09 seconds
	2: depth 3 in 0.10 seconds
	3: depth 4 in 0.10 seconds
	4: depth 5 in 5.24 seconds
input/for-graphs/output/logs/state90%-md10/valid/blocks-4-0.log
blocks-4-0 SOLVED!
problem details:
	state size: 40
	maximum depth: 10
with:
	plan: 0: (pick-up b) 1: (stack b a) 2: (pick-up c) 3: (stack c b) 4: (pick-up d) 5: (stack d c) 
	depth: 6
	time: 16.64 seconds
history:
	0: depth 1 in 0.13 seconds
	1: depth 2 in 0.08 seconds
	2: depth 3 in 0.07 seconds
	3: depth 4 in 0.09 seconds
	4: depth 5 in 5.29 seconds
input/for-graphs/output/logs/state100%-md10/valid/blocks-4-0.log
blocks-4-0 SOLVED!
problem details:
	state size: 45
	maximum depth: 20
with:
	plan: 0: (pick-up b) 1: (stack b a) 2: (pick-up c) 3: (stack c b) 4: (pick-up d) 5: (stack d c) 
	depth: 6
	time: 16.79 seconds
history:
	0: depth 1 in 0.10 seconds
	1: depth 2 in 0.08 seconds
	2: depth 3 in 0.10 seconds
	3: depth 4 in 0.08 seconds
	4: depth 5 in 5.19 seconds
