input/for-graphs/output/logs/state10%-md10/invalid/noPlanFound/mixed-f4-p2-u0-v0-g0-a0-n0-a0-b0-n0-f0-r3.log
mixed-f4-p2-u0-v0-g0-a0-n0-a0-b0-n0-f0-r3 FAILED
	reason failed: no plan found
problem details:
	state size: 17
	maximum depth: 10
with
	depth: 7
	time: 0.12 seconds
history:
	0: depth 1 in 0.11 seconds
	1: depth 2 in 0.10 seconds
	2: depth 3 in 0.11 seconds
	3: depth 4 in 0.11 seconds
	4: depth 5 in 0.10 seconds
	5: depth 6 in 0.11 seconds
input/for-graphs/output/logs/state20%-md10/valid/mixed-f4-p2-u0-v0-g0-a0-n0-a0-b0-n0-f0-r3.log
mixed-f4-p2-u0-v0-g0-a0-n0-a0-b0-n0-f0-r3 SOLVED!
problem details:
	state size: 34
	maximum depth: 10
with:
	plan: 0: (up f0 f1) 1: (board f1 p0) 2: (up f1 f2) 3: (board f2 p1) 4: (up f2 f3) 5: (depart f3 p1) 6: (depart f3 p0) 
	depth: 7
	time: 10.72 seconds
history:
	0: depth 1 in 0.11 seconds
	1: depth 2 in 0.11 seconds
	2: depth 3 in 0.11 seconds
	3: depth 4 in 0.10 seconds
	4: depth 5 in 0.10 seconds
	5: depth 6 in 0.10 seconds
input/for-graphs/output/logs/state30%-md10/valid/mixed-f4-p2-u0-v0-g0-a0-n0-a0-b0-n0-f0-r3.log
mixed-f4-p2-u0-v0-g0-a0-n0-a0-b0-n0-f0-r3 SOLVED!
problem details:
	state size: 52
	maximum depth: 10
with:
	plan: 0: (up f0 f1) 1: (board f1 p0) 2: (up f1 f2) 3: (board f2 p1) 4: (up f2 f3) 5: (depart f3 p1) 6: (depart f3 p0) 
	depth: 7
	time: 10.25 seconds
history:
	0: depth 1 in 0.11 seconds
	1: depth 2 in 0.11 seconds
	2: depth 3 in 0.10 seconds
	3: depth 4 in 0.10 seconds
	4: depth 5 in 0.08 seconds
	5: depth 6 in 0.10 seconds
input/for-graphs/output/logs/state40%-md10/valid/mixed-f4-p2-u0-v0-g0-a0-n0-a0-b0-n0-f0-r3.log
mixed-f4-p2-u0-v0-g0-a0-n0-a0-b0-n0-f0-r3 SOLVED!
problem details:
	state size: 69
	maximum depth: 10
with:
	plan: 0: (up f0 f2) 1: (board f2 p1) 2: (down f2 f1) 3: (board f1 p0) 4: (up f1 f3) 5: (depart f3 p0) 6: (depart f3 p1) 
	depth: 7
	time: 11.54 seconds
history:
	0: depth 1 in 0.10 seconds
	1: depth 2 in 0.09 seconds
	2: depth 3 in 0.10 seconds
	3: depth 4 in 0.10 seconds
	4: depth 5 in 0.09 seconds
	5: depth 6 in 0.09 seconds
input/for-graphs/output/logs/state50%-md10/valid/mixed-f4-p2-u0-v0-g0-a0-n0-a0-b0-n0-f0-r3.log
mixed-f4-p2-u0-v0-g0-a0-n0-a0-b0-n0-f0-r3 SOLVED!
problem details:
	state size: 87
	maximum depth: 10
with:
	plan: 0: (up f0 f1) 1: (board f1 p0) 2: (up f1 f2) 3: (board f2 p1) 4: (up f2 f3) 5: (depart f3 p0) 6: (depart f3 p1) 
	depth: 7
	time: 10.10 seconds
history:
	0: depth 1 in 0.11 seconds
	1: depth 2 in 0.11 seconds
	2: depth 3 in 0.09 seconds
	3: depth 4 in 0.07 seconds
	4: depth 5 in 0.09 seconds
	5: depth 6 in 0.10 seconds
input/for-graphs/output/logs/state60%-md10/valid/mixed-f4-p2-u0-v0-g0-a0-n0-a0-b0-n0-f0-r3.log
mixed-f4-p2-u0-v0-g0-a0-n0-a0-b0-n0-f0-r3 SOLVED!
problem details:
	state size: 104
	maximum depth: 20
with:
	plan: 0: (up f0 f1) 1: (board f1 p0) 2: (up f1 f2) 3: (board f2 p1) 4: (up f2 f3) 5: (depart f3 p0) 6: (depart f3 p1) 
	depth: 7
	time: 9.54 seconds
history:
	0: depth 1 in 0.11 seconds
	1: depth 2 in 0.11 seconds
	2: depth 3 in 0.10 seconds
	3: depth 4 in 0.07 seconds
	4: depth 5 in 0.09 seconds
	5: depth 6 in 0.08 seconds
input/for-graphs/output/logs/state70%-md10/valid/mixed-f4-p2-u0-v0-g0-a0-n0-a0-b0-n0-f0-r3.log
mixed-f4-p2-u0-v0-g0-a0-n0-a0-b0-n0-f0-r3 SOLVED!
problem details:
	state size: 121
	maximum depth: 10
with:
	plan: 0: (up f0 f2) 1: (board f2 p1) 2: (down f2 f1) 3: (board f1 p0) 4: (up f1 f3) 5: (depart f3 p1) 6: (depart f3 p0) 
	depth: 7
	time: 10.74 seconds
history:
	0: depth 1 in 0.11 seconds
	1: depth 2 in 0.09 seconds
	2: depth 3 in 0.10 seconds
	3: depth 4 in 0.10 seconds
	4: depth 5 in 0.10 seconds
	5: depth 6 in 0.10 seconds
input/for-graphs/output/logs/state80%-md10/valid/mixed-f4-p2-u0-v0-g0-a0-n0-a0-b0-n0-f0-r3.log
mixed-f4-p2-u0-v0-g0-a0-n0-a0-b0-n0-f0-r3 SOLVED!
problem details:
	state size: 139
	maximum depth: 20
with:
	plan: 0: (up f0 f2) 1: (board f2 p1) 2: (down f2 f1) 3: (board f1 p0) 4: (up f1 f3) 5: (depart f3 p1) 6: (depart f3 p0) 
	depth: 7
	time: 11.02 seconds
history:
	0: depth 1 in 0.10 seconds
	1: depth 2 in 0.12 seconds
	2: depth 3 in 0.09 seconds
	3: depth 4 in 0.10 seconds
	4: depth 5 in 0.10 seconds
	5: depth 6 in 0.11 seconds
input/for-graphs/output/logs/state90%-md10/valid/mixed-f4-p2-u0-v0-g0-a0-n0-a0-b0-n0-f0-r3.log
mixed-f4-p2-u0-v0-g0-a0-n0-a0-b0-n0-f0-r3 SOLVED!
problem details:
	state size: 156
	maximum depth: 10
with:
	plan: 0: (up f0 f2) 1: (board f2 p1) 2: (down f2 f1) 3: (board f1 p0) 4: (up f1 f3) 5: (depart f3 p0) 6: (depart f3 p1) 
	depth: 7
	time: 11.49 seconds
history:
	0: depth 1 in 0.11 seconds
	1: depth 2 in 0.10 seconds
	2: depth 3 in 0.09 seconds
	3: depth 4 in 0.10 seconds
	4: depth 5 in 0.09 seconds
	5: depth 6 in 0.11 seconds
input/for-graphs/output/logs/state100%-md10/valid/mixed-f4-p2-u0-v0-g0-a0-n0-a0-b0-n0-f0-r3.log
mixed-f4-p2-u0-v0-g0-a0-n0-a0-b0-n0-f0-r3 SOLVED!
problem details:
	state size: 174
	maximum depth: 20
with:
	plan: 0: (up f0 f2) 1: (board f2 p1) 2: (down f2 f1) 3: (board f1 p0) 4: (up f1 f3) 5: (depart f3 p1) 6: (depart f3 p0) 
	depth: 7
	time: 10.58 seconds
history:
	0: depth 1 in 0.11 seconds
	1: depth 2 in 0.10 seconds
	2: depth 3 in 0.09 seconds
	3: depth 4 in 0.10 seconds
	4: depth 5 in 0.08 seconds
	5: depth 6 in 0.09 seconds
