input/for-graphs/output/logs/state10%-md10/invalid/noPlanFound/mixed-f4-p2-u0-v0-g0-a0-n0-a0-b0-n0-f0-r1.log
mixed-f4-p2-u0-v0-g0-a0-n0-a0-b0-n0-f0-r1 FAILED
	reason failed: no plan found
problem details:
	state size: 17
	maximum depth: 10
with
	depth: 7
	time: 0.12 seconds
history:
	0: depth 1 in 0.07 seconds
	1: depth 2 in 0.11 seconds
	2: depth 3 in 0.10 seconds
	3: depth 4 in 0.09 seconds
	4: depth 5 in 0.10 seconds
	5: depth 6 in 0.11 seconds
input/for-graphs/output/logs/state20%-md10/valid/mixed-f4-p2-u0-v0-g0-a0-n0-a0-b0-n0-f0-r1.log
mixed-f4-p2-u0-v0-g0-a0-n0-a0-b0-n0-f0-r1 SOLVED!
problem details:
	state size: 34
	maximum depth: 10
with:
	plan: 0: (board f0 p0) 1: (up f0 f3) 2: (board f3 p1) 3: (down f3 f1) 4: (depart f1 p0) 5: (down f1 f0) 6: (depart f0 p1) 
	depth: 7
	time: 10.43 seconds
history:
	0: depth 1 in 0.11 seconds
	1: depth 2 in 0.09 seconds
	2: depth 3 in 0.08 seconds
	3: depth 4 in 0.15 seconds
	4: depth 5 in 0.11 seconds
	5: depth 6 in 0.10 seconds
input/for-graphs/output/logs/state30%-md10/valid/mixed-f4-p2-u0-v0-g0-a0-n0-a0-b0-n0-f0-r1.log
mixed-f4-p2-u0-v0-g0-a0-n0-a0-b0-n0-f0-r1 SOLVED!
problem details:
	state size: 52
	maximum depth: 10
with:
	plan: 0: (board f0 p0) 1: (up f0 f3) 2: (board f3 p1) 3: (down f3 f0) 4: (depart f0 p1) 5: (up f0 f1) 6: (depart f1 p0) 
	depth: 7
	time: 10.80 seconds
history:
	0: depth 1 in 0.11 seconds
	1: depth 2 in 0.10 seconds
	2: depth 3 in 0.11 seconds
	3: depth 4 in 0.10 seconds
	4: depth 5 in 0.10 seconds
	5: depth 6 in 0.10 seconds
input/for-graphs/output/logs/state40%-md10/valid/mixed-f4-p2-u0-v0-g0-a0-n0-a0-b0-n0-f0-r1.log
mixed-f4-p2-u0-v0-g0-a0-n0-a0-b0-n0-f0-r1 SOLVED!
problem details:
	state size: 69
	maximum depth: 10
with:
	plan: 0: (board f0 p0) 1: (up f0 f1) 2: (depart f1 p0) 3: (up f1 f3) 4: (board f3 p1) 5: (down f3 f0) 6: (depart f0 p1) 
	depth: 7
	time: 9.02 seconds
history:
	0: depth 1 in 0.11 seconds
	1: depth 2 in 0.10 seconds
	2: depth 3 in 0.10 seconds
	3: depth 4 in 0.08 seconds
	4: depth 5 in 0.09 seconds
	5: depth 6 in 0.09 seconds
input/for-graphs/output/logs/state50%-md10/valid/mixed-f4-p2-u0-v0-g0-a0-n0-a0-b0-n0-f0-r1.log
mixed-f4-p2-u0-v0-g0-a0-n0-a0-b0-n0-f0-r1 SOLVED!
problem details:
	state size: 87
	maximum depth: 10
with:
	plan: 0: (up f0 f3) 1: (board f3 p1) 2: (down f3 f0) 3: (board f0 p0) 4: (depart f0 p1) 5: (up f0 f1) 6: (depart f1 p0) 
	depth: 7
	time: 9.11 seconds
history:
	0: depth 1 in 0.10 seconds
	1: depth 2 in 0.10 seconds
	2: depth 3 in 0.09 seconds
	3: depth 4 in 0.13 seconds
	4: depth 5 in 0.09 seconds
	5: depth 6 in 0.10 seconds
input/for-graphs/output/logs/state60%-md10/valid/mixed-f4-p2-u0-v0-g0-a0-n0-a0-b0-n0-f0-r1.log
mixed-f4-p2-u0-v0-g0-a0-n0-a0-b0-n0-f0-r1 SOLVED!
problem details:
	state size: 104
	maximum depth: 20
with:
	plan: 0: (up f0 f3) 1: (board f3 p1) 2: (down f3 f0) 3: (board f0 p0) 4: (depart f0 p1) 5: (up f0 f1) 6: (depart f1 p0) 
	depth: 7
	time: 11.37 seconds
history:
	0: depth 1 in 0.11 seconds
	1: depth 2 in 0.09 seconds
	2: depth 3 in 0.09 seconds
	3: depth 4 in 0.09 seconds
	4: depth 5 in 0.09 seconds
	5: depth 6 in 0.10 seconds
input/for-graphs/output/logs/state70%-md10/valid/mixed-f4-p2-u0-v0-g0-a0-n0-a0-b0-n0-f0-r1.log
mixed-f4-p2-u0-v0-g0-a0-n0-a0-b0-n0-f0-r1 SOLVED!
problem details:
	state size: 121
	maximum depth: 10
with:
	plan: 0: (board f0 p0) 1: (up f0 f3) 2: (board f3 p1) 3: (down f3 f1) 4: (depart f1 p0) 5: (down f1 f0) 6: (depart f0 p1) 
	depth: 7
	time: 11.67 seconds
history:
	0: depth 1 in 0.12 seconds
	1: depth 2 in 0.10 seconds
	2: depth 3 in 0.10 seconds
	3: depth 4 in 0.09 seconds
	4: depth 5 in 0.10 seconds
	5: depth 6 in 0.10 seconds
input/for-graphs/output/logs/state80%-md10/valid/mixed-f4-p2-u0-v0-g0-a0-n0-a0-b0-n0-f0-r1.log
mixed-f4-p2-u0-v0-g0-a0-n0-a0-b0-n0-f0-r1 SOLVED!
problem details:
	state size: 139
	maximum depth: 20
with:
	plan: 0: (up f0 f3) 1: (board f3 p1) 2: (down f3 f0) 3: (depart f0 p1) 4: (board f0 p0) 5: (up f0 f1) 6: (depart f1 p0) 
	depth: 7
	time: 12.08 seconds
history:
	0: depth 1 in 0.12 seconds
	1: depth 2 in 0.11 seconds
	2: depth 3 in 0.10 seconds
	3: depth 4 in 0.09 seconds
	4: depth 5 in 0.10 seconds
	5: depth 6 in 0.09 seconds
input/for-graphs/output/logs/state90%-md10/valid/mixed-f4-p2-u0-v0-g0-a0-n0-a0-b0-n0-f0-r1.log
mixed-f4-p2-u0-v0-g0-a0-n0-a0-b0-n0-f0-r1 SOLVED!
problem details:
	state size: 156
	maximum depth: 10
with:
	plan: 0: (board f0 p0) 1: (up f0 f3) 2: (board f3 p1) 3: (down f3 f1) 4: (depart f1 p0) 5: (down f1 f0) 6: (depart f0 p1) 
	depth: 7
	time: 11.40 seconds
history:
	0: depth 1 in 0.11 seconds
	1: depth 2 in 0.10 seconds
	2: depth 3 in 0.09 seconds
	3: depth 4 in 0.11 seconds
	4: depth 5 in 0.09 seconds
	5: depth 6 in 0.09 seconds
input/for-graphs/output/logs/state100%-md10/valid/mixed-f4-p2-u0-v0-g0-a0-n0-a0-b0-n0-f0-r1.log
mixed-f4-p2-u0-v0-g0-a0-n0-a0-b0-n0-f0-r1 SOLVED!
problem details:
	state size: 174
	maximum depth: 20
with:
	plan: 0: (up f0 f3) 1: (board f3 p1) 2: (down f3 f0) 3: (depart f0 p1) 4: (board f0 p0) 5: (up f0 f1) 6: (depart f1 p0) 
	depth: 7
	time: 12.98 seconds
history:
	0: depth 1 in 0.09 seconds
	1: depth 2 in 0.09 seconds
	2: depth 3 in 0.08 seconds
	3: depth 4 in 0.09 seconds
	4: depth 5 in 0.11 seconds
	5: depth 6 in 0.10 seconds
