input/for-graphs/output/logs/state10%-md10/invalid/noPlanFound/mixed-f6-p3-u0-v0-g0-a0-n0-a0-b0-n0-f0-r1.log
mixed-f6-p3-u0-v0-g0-a0-n0-a0-b0-n0-f0-r1 FAILED
	reason failed: depth out
problem details:
	state size: 36
	maximum depth: 10
with
	depth: 10
	time: 0.14 seconds
history:
	0: depth 1 in 0.10 seconds
	1: depth 2 in 0.09 seconds
	2: depth 3 in 0.10 seconds
	3: depth 4 in 0.13 seconds
	4: depth 5 in 0.11 seconds
	5: depth 6 in 0.11 seconds
	6: depth 7 in 0.10 seconds
	7: depth 8 in 0.12 seconds
	8: depth 9 in 0.10 seconds
input/for-graphs/output/logs/state20%-md10/invalid/noPlanFound/mixed-f6-p3-u0-v0-g0-a0-n0-a0-b0-n0-f0-r1.log
mixed-f6-p3-u0-v0-g0-a0-n0-a0-b0-n0-f0-r1 FAILED
	reason failed: depth out
problem details:
	state size: 73
	maximum depth: 10
with
	depth: 10
	time: 625.19 seconds
history:
	0: depth 1 in 0.11 seconds
	1: depth 2 in 0.12 seconds
	2: depth 3 in 0.09 seconds
	3: depth 4 in 0.09 seconds
	4: depth 5 in 0.10 seconds
	5: depth 6 in 0.11 seconds
	6: depth 7 in 0.10 seconds
	7: depth 8 in 0.09 seconds
	8: depth 9 in 0.11 seconds
	9: depth 10 in 625.19 seconds
input/for-graphs/output/logs/state30%-md10/invalid/noPlanFound/mixed-f6-p3-u0-v0-g0-a0-n0-a0-b0-n0-f0-r1.log
mixed-f6-p3-u0-v0-g0-a0-n0-a0-b0-n0-f0-r1 FAILED
	reason failed: depth out
problem details:
	state size: 110
	maximum depth: 10
with
	depth: 10
	time: 195.17 seconds
history:
	0: depth 1 in 0.13 seconds
	1: depth 2 in 0.11 seconds
	2: depth 3 in 0.10 seconds
	3: depth 4 in 0.09 seconds
	4: depth 5 in 0.12 seconds
	5: depth 6 in 0.10 seconds
	6: depth 7 in 0.11 seconds
	7: depth 8 in 0.10 seconds
	8: depth 9 in 0.11 seconds
	9: depth 10 in 195.17 seconds
input/for-graphs/output/logs/state40%-md10/invalid/noPlanFound/mixed-f6-p3-u0-v0-g0-a0-n0-a0-b0-n0-f0-r1.log
mixed-f6-p3-u0-v0-g0-a0-n0-a0-b0-n0-f0-r1 FAILED
	reason failed: depth out
problem details:
	state size: 147
	maximum depth: 10
with
	depth: 10
	time: 380.93 seconds
history:
	0: depth 1 in 0.12 seconds
	1: depth 2 in 0.10 seconds
	2: depth 3 in 0.10 seconds
	3: depth 4 in 0.11 seconds
	4: depth 5 in 0.11 seconds
	5: depth 6 in 0.12 seconds
	6: depth 7 in 0.10 seconds
	7: depth 8 in 0.11 seconds
	8: depth 9 in 0.11 seconds
	9: depth 10 in 380.93 seconds
input/for-graphs/output/logs/state50%-md10/invalid/noPlanFound/mixed-f6-p3-u0-v0-g0-a0-n0-a0-b0-n0-f0-r1.log
mixed-f6-p3-u0-v0-g0-a0-n0-a0-b0-n0-f0-r1 FAILED
	reason failed: depth out
problem details:
	state size: 184
	maximum depth: 10
with
	depth: 10
	time: 336.23 seconds
history:
	0: depth 1 in 0.10 seconds
	1: depth 2 in 0.09 seconds
	2: depth 3 in 0.13 seconds
	3: depth 4 in 0.12 seconds
	4: depth 5 in 0.10 seconds
	5: depth 6 in 0.11 seconds
	6: depth 7 in 0.11 seconds
	7: depth 8 in 0.11 seconds
	8: depth 9 in 0.12 seconds
	9: depth 10 in 336.23 seconds
input/for-graphs/output/logs/state60%-md10/valid/mixed-f6-p3-u0-v0-g0-a0-n0-a0-b0-n0-f0-r1.log
mixed-f6-p3-u0-v0-g0-a0-n0-a0-b0-n0-f0-r1 SOLVED!
problem details:
	state size: 221
	maximum depth: 20
with:
	plan: 0: (up f0 f4) 1: (board f4 p2) 2: (down f4 f1) 3: (depart f1 p2) 4: (up f1 f5) 5: (board f5 p1) 6: (down f5 f2) 7: (board f2 p0) 8: (depart f2 p1) 9: (up f2 f5) 10: (depart f5 p0) 
	depth: 11
	time: 327.20 seconds
history:
	0: depth 1 in 0.13 seconds
	1: depth 2 in 0.09 seconds
	2: depth 3 in 0.10 seconds
	3: depth 4 in 0.11 seconds
	4: depth 5 in 0.10 seconds
	5: depth 6 in 0.09 seconds
	6: depth 7 in 0.11 seconds
	7: depth 8 in 0.10 seconds
	8: depth 9 in 0.09 seconds
	9: depth 10 in 619.74 seconds
input/for-graphs/output/logs/state70%-md10/invalid/noPlanFound/mixed-f6-p3-u0-v0-g0-a0-n0-a0-b0-n0-f0-r1.log
mixed-f6-p3-u0-v0-g0-a0-n0-a0-b0-n0-f0-r1 FAILED
	reason failed: depth out
problem details:
	state size: 258
	maximum depth: 10
with
	depth: 10
	time: 176.48 seconds
history:
	0: depth 1 in 0.13 seconds
	1: depth 2 in 0.09 seconds
	2: depth 3 in 0.10 seconds
	3: depth 4 in 0.11 seconds
	4: depth 5 in 0.11 seconds
	5: depth 6 in 0.10 seconds
	6: depth 7 in 0.09 seconds
	7: depth 8 in 0.11 seconds
	8: depth 9 in 0.12 seconds
	9: depth 10 in 176.48 seconds
input/for-graphs/output/logs/state80%-md10/valid/mixed-f6-p3-u0-v0-g0-a0-n0-a0-b0-n0-f0-r1.log
mixed-f6-p3-u0-v0-g0-a0-n0-a0-b0-n0-f0-r1 SOLVED!
problem details:
	state size: 295
	maximum depth: 20
with:
	plan: 0: (up f0 f5) 1: (board f5 p1) 2: (down f5 f2) 3: (board f2 p0) 4: (depart f2 p1) 5: (up f2 f4) 6: (board f4 p2) 7: (up f4 f5) 8: (depart f5 p0) 9: (down f5 f1) 10: (depart f1 p2) 
	depth: 11
	time: 261.20 seconds
history:
	0: depth 1 in 0.12 seconds
	1: depth 2 in 0.10 seconds
	2: depth 3 in 0.12 seconds
	3: depth 4 in 0.11 seconds
	4: depth 5 in 0.12 seconds
	5: depth 6 in 0.13 seconds
	6: depth 7 in 0.10 seconds
	7: depth 8 in 0.10 seconds
	8: depth 9 in 0.12 seconds
	9: depth 10 in 444.03 seconds
input/for-graphs/output/logs/state90%-md10/invalid/noPlanFound/mixed-f6-p3-u0-v0-g0-a0-n0-a0-b0-n0-f0-r1.log
mixed-f6-p3-u0-v0-g0-a0-n0-a0-b0-n0-f0-r1 FAILED
	reason failed: depth out
problem details:
	state size: 332
	maximum depth: 10
with
	depth: 10
	time: 337.87 seconds
history:
	0: depth 1 in 0.11 seconds
	1: depth 2 in 0.12 seconds
	2: depth 3 in 0.10 seconds
	3: depth 4 in 0.11 seconds
	4: depth 5 in 0.10 seconds
	5: depth 6 in 0.11 seconds
	6: depth 7 in 0.10 seconds
	7: depth 8 in 0.09 seconds
	8: depth 9 in 0.09 seconds
	9: depth 10 in 337.87 seconds
input/for-graphs/output/logs/state100%-md10/valid/mixed-f6-p3-u0-v0-g0-a0-n0-a0-b0-n0-f0-r1.log
mixed-f6-p3-u0-v0-g0-a0-n0-a0-b0-n0-f0-r1 SOLVED!
problem details:
	state size: 369
	maximum depth: 20
with:
	plan: 0: (up f0 f2) 1: (board f2 p0) 2: (up f2 f4) 3: (board f4 p2) 4: (up f4 f5) 5: (depart f5 p0) 6: (board f5 p1) 7: (down f5 f1) 8: (depart f1 p2) 9: (up f1 f2) 10: (depart f2 p1) 
	depth: 11
	time: 655.10 seconds
history:
	0: depth 1 in 0.12 seconds
	1: depth 2 in 0.10 seconds
	2: depth 3 in 0.12 seconds
	3: depth 4 in 0.13 seconds
	4: depth 5 in 0.10 seconds
	5: depth 6 in 0.10 seconds
	6: depth 7 in 0.10 seconds
	7: depth 8 in 0.11 seconds
	8: depth 9 in 0.09 seconds
	9: depth 10 in 296.24 seconds
