input/for-graphs/output/logs/state10%-md10/invalid/noPlanFound/mixed-f2-p1-u0-v0-g0-a0-n0-a0-b0-n0-f0-r2.log
mixed-f2-p1-u0-v0-g0-a0-n0-a0-b0-n0-f0-r2 FAILED
	reason failed: no plan found
problem details:
	state size: 5
	maximum depth: 10
with
	depth: 4
	time: 0.09 seconds
history:
	0: depth 1 in 0.09 seconds
	1: depth 2 in 0.11 seconds
	2: depth 3 in 0.11 seconds
input/for-graphs/output/logs/state20%-md10/invalid/noPlanFound/mixed-f2-p1-u0-v0-g0-a0-n0-a0-b0-n0-f0-r2.log
mixed-f2-p1-u0-v0-g0-a0-n0-a0-b0-n0-f0-r2 FAILED
	reason failed: depth out
problem details:
	state size: 10
	maximum depth: 10
with
	depth: 10
	time: 2.63 seconds
history:
	0: depth 1 in 0.07 seconds
	1: depth 2 in 0.09 seconds
	2: depth 3 in 0.09 seconds
	3: depth 4 in 0.67 seconds
	4: depth 5 in 0.93 seconds
	5: depth 6 in 1.14 seconds
	6: depth 7 in 1.46 seconds
	7: depth 8 in 1.76 seconds
	8: depth 9 in 2.07 seconds
	9: depth 10 in 2.63 seconds
input/for-graphs/output/logs/state30%-md10/valid/mixed-f2-p1-u0-v0-g0-a0-n0-a0-b0-n0-f0-r2.log
mixed-f2-p1-u0-v0-g0-a0-n0-a0-b0-n0-f0-r2 SOLVED!
problem details:
	state size: 15
	maximum depth: 10
with:
	plan: 0: (up f0 f1) 1: (board f1 p0) 2: (down f1 f0) 3: (depart f0 p0) 
	depth: 4
	time: 0.91 seconds
history:
	0: depth 1 in 0.11 seconds
	1: depth 2 in 0.09 seconds
	2: depth 3 in 0.10 seconds
input/for-graphs/output/logs/state40%-md10/valid/mixed-f2-p1-u0-v0-g0-a0-n0-a0-b0-n0-f0-r2.log
mixed-f2-p1-u0-v0-g0-a0-n0-a0-b0-n0-f0-r2 SOLVED!
problem details:
	state size: 20
	maximum depth: 10
with:
	plan: 0: (up f0 f1) 1: (board f1 p0) 2: (down f1 f0) 3: (depart f0 p0) 
	depth: 4
	time: 0.95 seconds
history:
	0: depth 1 in 0.10 seconds
	1: depth 2 in 0.09 seconds
	2: depth 3 in 0.09 seconds
input/for-graphs/output/logs/state50%-md10/valid/mixed-f2-p1-u0-v0-g0-a0-n0-a0-b0-n0-f0-r2.log
mixed-f2-p1-u0-v0-g0-a0-n0-a0-b0-n0-f0-r2 SOLVED!
problem details:
	state size: 25
	maximum depth: 10
with:
	plan: 0: (up f0 f1) 1: (board f1 p0) 2: (down f1 f0) 3: (depart f0 p0) 
	depth: 4
	time: 1.03 seconds
history:
	0: depth 1 in 0.10 seconds
	1: depth 2 in 0.09 seconds
	2: depth 3 in 0.10 seconds
input/for-graphs/output/logs/state60%-md10/valid/mixed-f2-p1-u0-v0-g0-a0-n0-a0-b0-n0-f0-r2.log
mixed-f2-p1-u0-v0-g0-a0-n0-a0-b0-n0-f0-r2 SOLVED!
problem details:
	state size: 30
	maximum depth: 20
with:
	plan: 0: (up f0 f1) 1: (board f1 p0) 2: (down f1 f0) 3: (depart f0 p0) 
	depth: 4
	time: 1.05 seconds
history:
	0: depth 1 in 0.10 seconds
	1: depth 2 in 0.09 seconds
	2: depth 3 in 0.12 seconds
input/for-graphs/output/logs/state70%-md10/valid/mixed-f2-p1-u0-v0-g0-a0-n0-a0-b0-n0-f0-r2.log
mixed-f2-p1-u0-v0-g0-a0-n0-a0-b0-n0-f0-r2 SOLVED!
problem details:
	state size: 35
	maximum depth: 10
with:
	plan: 0: (up f0 f1) 1: (board f1 p0) 2: (down f1 f0) 3: (depart f0 p0) 
	depth: 4
	time: 1.05 seconds
history:
	0: depth 1 in 0.10 seconds
	1: depth 2 in 0.09 seconds
	2: depth 3 in 0.08 seconds
input/for-graphs/output/logs/state80%-md10/valid/mixed-f2-p1-u0-v0-g0-a0-n0-a0-b0-n0-f0-r2.log
mixed-f2-p1-u0-v0-g0-a0-n0-a0-b0-n0-f0-r2 SOLVED!
problem details:
	state size: 40
	maximum depth: 20
with:
	plan: 0: (up f0 f1) 1: (board f1 p0) 2: (down f1 f0) 3: (depart f0 p0) 
	depth: 4
	time: 1.11 seconds
history:
	0: depth 1 in 0.12 seconds
	1: depth 2 in 0.10 seconds
	2: depth 3 in 0.08 seconds
input/for-graphs/output/logs/state90%-md10/valid/mixed-f2-p1-u0-v0-g0-a0-n0-a0-b0-n0-f0-r2.log
mixed-f2-p1-u0-v0-g0-a0-n0-a0-b0-n0-f0-r2 SOLVED!
problem details:
	state size: 45
	maximum depth: 10
with:
	plan: 0: (up f0 f1) 1: (board f1 p0) 2: (down f1 f0) 3: (depart f0 p0) 
	depth: 4
	time: 1.19 seconds
history:
	0: depth 1 in 0.09 seconds
	1: depth 2 in 0.07 seconds
	2: depth 3 in 0.08 seconds
input/for-graphs/output/logs/state100%-md10/valid/mixed-f2-p1-u0-v0-g0-a0-n0-a0-b0-n0-f0-r2.log
mixed-f2-p1-u0-v0-g0-a0-n0-a0-b0-n0-f0-r2 SOLVED!
problem details:
	state size: 51
	maximum depth: 20
with:
	plan: 0: (up f0 f1) 1: (board f1 p0) 2: (down f1 f0) 3: (depart f0 p0) 
	depth: 4
	time: 1.13 seconds
history:
	0: depth 1 in 0.11 seconds
	1: depth 2 in 0.10 seconds
	2: depth 3 in 0.10 seconds
