output/logs/constructed/averaged/state10%-md10/invalid/noPlanFound/blocks-4-2.log
blocks-4-2 FAILED
	reason failed: no plan found
problem details:
	state size: 4
	maximum depth: 10
with
	depth: 5
	time: 0.10 seconds
history:
	1: depth 1 in 0.09 seconds
	2: depth 2 in 0.09 seconds
	3: depth 3 in 0.09 seconds
	4: depth 4 in 0.09 seconds
	5: depth 5 in 0.10 seconds
output/logs/constructed/averaged/state20%-md10/invalid/noPlanFound/blocks-4-2.log
blocks-4-2 FAILED
	reason failed: no plan found
problem details:
	state size: 9
	maximum depth: 10
with
	depth: 5
	time: 0.10 seconds
history:
	1: depth 1 in 0.09 seconds
	2: depth 2 in 0.08 seconds
	3: depth 3 in 0.09 seconds
	4: depth 4 in 0.09 seconds
	5: depth 5 in 0.10 seconds
output/logs/constructed/averaged/state30%-md10/invalid/noPlanFound/blocks-4-2.log
blocks-4-2 FAILED
	reason failed: depth out
problem details:
	state size: 13
	maximum depth: 10
with
	depth: 10
	time: 14.71 seconds
history:
	1: depth 1 in 0.10 seconds
	2: depth 2 in 0.09 seconds
	3: depth 3 in 0.09 seconds
	4: depth 4 in 0.09 seconds
	5: depth 5 in 3.23 seconds
	6: depth 6 in 5.04 seconds
	7: depth 7 in 6.78 seconds
	8: depth 8 in 9.13 seconds
	9: depth 9 in 11.86 seconds
	10: depth 10 in 14.71 seconds
output/logs/constructed/averaged/state40%-md10/invalid/noPlanFound/blocks-4-2.log
blocks-4-2 FAILED
	reason failed: depth out
problem details:
	state size: 18
	maximum depth: 10
with
	depth: 10
	time: 1624.48 seconds
history:
	1: depth 1 in 0.10 seconds
	2: depth 2 in 0.09 seconds
	3: depth 3 in 0.09 seconds
	4: depth 4 in 0.09 seconds
	5: depth 5 in 4.92 seconds
	6: depth 6 in 15.58 seconds
	7: depth 7 in 48.42 seconds
	8: depth 8 in 171.60 seconds
	9: depth 9 in 443.13 seconds
	10: depth 10 in 1624.48 seconds
output/logs/constructed/averaged/state50%-md11/valid/blocks-4-2.log
blocks-4-2 SOLVED!
problem details:
	state size: 22
	maximum depth: 11
with:
	plan: 0: (unstack c b) 1: (stack c d) 2: (pick-up b) 3: (stack b c) 4: (pick-up a) 5: (stack a b) 
	depth: 6
	time: 15.53 seconds
history:
	1: depth 1 in 0.10 seconds
	2: depth 2 in 0.09 seconds
	3: depth 3 in 0.09 seconds
	4: depth 4 in 0.09 seconds
	5: depth 5 in 4.99 seconds
	6: depth 6 in 15.53 seconds
output/logs/constructed/averaged/state60%-md11/valid/blocks-4-2.log
blocks-4-2 SOLVED!
problem details:
	state size: 27
	maximum depth: 11
with:
	plan: 0: (unstack c b) 1: (stack c d) 2: (pick-up b) 3: (stack b c) 4: (pick-up a) 5: (stack a b) 
	depth: 6
	time: 14.69 seconds
history:
	1: depth 1 in 0.10 seconds
	2: depth 2 in 0.09 seconds
	3: depth 3 in 0.09 seconds
	4: depth 4 in 0.09 seconds
	5: depth 5 in 4.89 seconds
	6: depth 6 in 14.69 seconds
output/logs/constructed/averaged/state70%-md11/valid/blocks-4-2.log
blocks-4-2 SOLVED!
problem details:
	state size: 31
	maximum depth: 11
with:
	plan: 0: (unstack c b) 1: (stack c d) 2: (pick-up b) 3: (stack b c) 4: (pick-up a) 5: (stack a b) 
	depth: 6
	time: 14.61 seconds
history:
	1: depth 1 in 0.10 seconds
	2: depth 2 in 0.09 seconds
	3: depth 3 in 0.09 seconds
	4: depth 4 in 0.09 seconds
	5: depth 5 in 5.35 seconds
	6: depth 6 in 14.61 seconds
output/logs/constructed/averaged/state80%-md11/valid/blocks-4-2.log
blocks-4-2 SOLVED!
problem details:
	state size: 36
	maximum depth: 11
with:
	plan: 0: (unstack c b) 1: (stack c d) 2: (pick-up b) 3: (stack b c) 4: (pick-up a) 5: (stack a b) 
	depth: 6
	time: 14.42 seconds
history:
	1: depth 1 in 0.10 seconds
	2: depth 2 in 0.10 seconds
	3: depth 3 in 0.09 seconds
	4: depth 4 in 0.09 seconds
	5: depth 5 in 5.30 seconds
	6: depth 6 in 14.42 seconds
output/logs/constructed/averaged/state90%-md11/valid/blocks-4-2.log
blocks-4-2 SOLVED!
problem details:
	state size: 40
	maximum depth: 11
with:
	plan: 0: (unstack c b) 1: (stack c d) 2: (pick-up b) 3: (stack b c) 4: (pick-up a) 5: (stack a b) 
	depth: 6
	time: 15.70 seconds
history:
	1: depth 1 in 0.11 seconds
	2: depth 2 in 0.09 seconds
	3: depth 3 in 0.09 seconds
	4: depth 4 in 0.10 seconds
	5: depth 5 in 4.78 seconds
	6: depth 6 in 15.70 seconds
output/logs/constructed/averaged/state100%-md11/valid/blocks-4-2.log
blocks-4-2 SOLVED!
problem details:
	state size: 45
	maximum depth: 11
with:
	plan: 0: (unstack c b) 1: (stack c d) 2: (pick-up b) 3: (stack b c) 4: (pick-up a) 5: (stack a b) 
	depth: 6
	time: 13.47 seconds
history:
	1: depth 1 in 0.10 seconds
	2: depth 2 in 0.09 seconds
	3: depth 3 in 0.09 seconds
	4: depth 4 in 0.09 seconds
	5: depth 5 in 5.23 seconds
	6: depth 6 in 13.47 seconds
