output/logs/constructed/averaged/state10%-md10/invalid/noPlanFound/blocks-4-1.log
blocks-4-1 FAILED
	reason failed: no plan found
problem details:
	state size: 4
	maximum depth: 10
with
	depth: 5
	time: 0.09 seconds
history:
	1: depth 1 in 0.09 seconds
	2: depth 2 in 0.09 seconds
	3: depth 3 in 0.08 seconds
output/logs/constructed/averaged/state20%-md10/invalid/noPlanFound/blocks-4-1.log
blocks-4-1 FAILED
	reason failed: no plan found
problem details:
	state size: 9
	maximum depth: 10
with
	depth: 5
	time: 0.10 seconds
history:
	1: depth 1 in 0.09 seconds
	2: depth 2 in 0.09 seconds
	3: depth 3 in 0.09 seconds
output/logs/constructed/averaged/state30%-md10/invalid/noPlanFound/blocks-4-1.log
blocks-4-1 FAILED
	reason failed: depth out
problem details:
	state size: 13
	maximum depth: 10
with
	depth: 10
	time: 30.88 seconds
history:
	1: depth 1 in 0.10 seconds
	2: depth 2 in 0.10 seconds
	3: depth 3 in 0.08 seconds
	4: depth 4 in 0.09 seconds
	5: depth 5 in 3.71 seconds
	6: depth 6 in 6.42 seconds
	7: depth 7 in 10.05 seconds
	8: depth 8 in 14.11 seconds
	9: depth 9 in 21.13 seconds
output/logs/constructed/averaged/state40%-md10/invalid/noPlanFound/blocks-4-1.log
blocks-4-1 FAILED
	reason failed: depth out
problem details:
	state size: 18
	maximum depth: 10
with
	depth: 10
	time: 69.48 seconds
history:
	1: depth 1 in 0.10 seconds
	2: depth 2 in 0.09 seconds
	3: depth 3 in 0.10 seconds
	4: depth 4 in 0.09 seconds
	5: depth 5 in 3.45 seconds
	6: depth 6 in 6.19 seconds
	7: depth 7 in 11.11 seconds
	8: depth 8 in 25.24 seconds
	9: depth 9 in 40.57 seconds
output/logs/constructed/averaged/state50%-md11/valid/blocks-4-1.log
blocks-4-1 SOLVED!
problem details:
	state size: 22
	maximum depth: 11
with:
	plan: 0: (unstack b c) 1: (put-down b) 2: (unstack c a) 3: (put-down c) 4: (unstack a d) 5: (stack a b) 6: (pick-up c) 7: (stack c a) 8: (pick-up d) 9: (stack d c) 
	depth: 10
	time: 81.39 seconds
history:
	1: depth 1 in 0.10 seconds
	2: depth 2 in 0.09 seconds
	3: depth 3 in 0.09 seconds
	4: depth 4 in 0.09 seconds
	5: depth 5 in 4.03 seconds
	6: depth 6 in 6.62 seconds
	7: depth 7 in 14.53 seconds
	8: depth 8 in 24.67 seconds
	9: depth 9 in 44.93 seconds
output/logs/constructed/averaged/state60%-md11/valid/blocks-4-1.log
blocks-4-1 SOLVED!
problem details:
	state size: 27
	maximum depth: 11
with:
	plan: 0: (unstack b c) 1: (put-down b) 2: (unstack c a) 3: (put-down c) 4: (unstack a d) 5: (stack a b) 6: (pick-up c) 7: (stack c a) 8: (pick-up d) 9: (stack d c) 
	depth: 10
	time: 90.09 seconds
history:
	1: depth 1 in 0.10 seconds
	2: depth 2 in 0.09 seconds
	3: depth 3 in 0.09 seconds
	4: depth 4 in 0.09 seconds
	5: depth 5 in 3.89 seconds
	6: depth 6 in 7.58 seconds
	7: depth 7 in 13.79 seconds
	8: depth 8 in 19.89 seconds
	9: depth 9 in 40.48 seconds
output/logs/constructed/averaged/state70%-md11/valid/blocks-4-1.log
blocks-4-1 SOLVED!
problem details:
	state size: 31
	maximum depth: 11
with:
	plan: 0: (unstack b c) 1: (put-down b) 2: (unstack c a) 3: (put-down c) 4: (unstack a d) 5: (stack a b) 6: (pick-up c) 7: (stack c a) 8: (pick-up d) 9: (stack d c) 
	depth: 10
	time: 61.85 seconds
history:
	1: depth 1 in 0.10 seconds
	2: depth 2 in 0.09 seconds
	3: depth 3 in 0.09 seconds
	4: depth 4 in 0.08 seconds
	5: depth 5 in 4.02 seconds
	6: depth 6 in 6.99 seconds
	7: depth 7 in 16.15 seconds
	8: depth 8 in 24.89 seconds
	9: depth 9 in 34.65 seconds
output/logs/constructed/averaged/state80%-md11/valid/blocks-4-1.log
blocks-4-1 SOLVED!
problem details:
	state size: 36
	maximum depth: 11
with:
	plan: 0: (unstack b c) 1: (put-down b) 2: (unstack c a) 3: (put-down c) 4: (unstack a d) 5: (stack a b) 6: (pick-up c) 7: (stack c a) 8: (pick-up d) 9: (stack d c) 
	depth: 10
	time: 72.30 seconds
history:
	1: depth 1 in 0.11 seconds
	2: depth 2 in 0.09 seconds
	3: depth 3 in 0.09 seconds
	4: depth 4 in 0.09 seconds
	5: depth 5 in 3.98 seconds
	6: depth 6 in 7.58 seconds
	7: depth 7 in 14.41 seconds
	8: depth 8 in 21.38 seconds
	9: depth 9 in 40.18 seconds
output/logs/constructed/averaged/state90%-md11/valid/blocks-4-1.log
blocks-4-1 SOLVED!
problem details:
	state size: 40
	maximum depth: 11
with:
	plan: 0: (unstack b c) 1: (put-down b) 2: (unstack c a) 3: (put-down c) 4: (unstack a d) 5: (stack a b) 6: (pick-up c) 7: (stack c a) 8: (pick-up d) 9: (stack d c) 
	depth: 10
	time: 63.72 seconds
history:
	1: depth 1 in 0.10 seconds
	2: depth 2 in 0.09 seconds
	3: depth 3 in 0.09 seconds
	4: depth 4 in 0.09 seconds
	5: depth 5 in 3.93 seconds
	6: depth 6 in 7.33 seconds
	7: depth 7 in 16.06 seconds
	8: depth 8 in 23.68 seconds
	9: depth 9 in 44.43 seconds
output/logs/constructed/averaged/state100%-md11/valid/blocks-4-1.log
blocks-4-1 SOLVED!
problem details:
	state size: 45
	maximum depth: 11
with:
	plan: 0: (unstack b c) 1: (put-down b) 2: (unstack c a) 3: (put-down c) 4: (unstack a d) 5: (stack a b) 6: (pick-up c) 7: (stack c a) 8: (pick-up d) 9: (stack d c) 
	depth: 10
	time: 80.87 seconds
history:
	1: depth 1 in 0.11 seconds
	2: depth 2 in 0.09 seconds
	3: depth 3 in 0.09 seconds
	4: depth 4 in 0.10 seconds
	5: depth 5 in 4.09 seconds
	6: depth 6 in 9.29 seconds
	7: depth 7 in 14.25 seconds
	8: depth 8 in 21.78 seconds
	9: depth 9 in 57.91 seconds
