output/logs/constructed/averaged/state10%-md10/invalid/noPlanFound/blocks-5-1.log
blocks-5-1 FAILED
	reason failed: no plan found
problem details:
	state size: 6
	maximum depth: 10
with
	depth: 6
	time: 0.10 seconds
history:
	1: depth 1 in 0.09 seconds
	2: depth 2 in 0.09 seconds
	3: depth 3 in 0.09 seconds
	4: depth 4 in 0.10 seconds
	5: depth 5 in 0.09 seconds
	6: depth 6 in 0.10 seconds
output/logs/constructed/averaged/state20%-md10/invalid/noPlanFound/blocks-5-1.log
blocks-5-1 FAILED
	reason failed: no plan found
problem details:
	state size: 13
	maximum depth: 10
with
	depth: 6
	time: 0.10 seconds
history:
	1: depth 1 in 0.09 seconds
	2: depth 2 in 0.09 seconds
	3: depth 3 in 0.09 seconds
	4: depth 4 in 0.09 seconds
	5: depth 5 in 0.08 seconds
	6: depth 6 in 0.10 seconds
output/logs/constructed/averaged/state30%-md10/invalid/noPlanFound/blocks-5-1.log
blocks-5-1 FAILED
	reason failed: depth out
problem details:
	state size: 19
	maximum depth: 10
with
	depth: 10
	time: 869.45 seconds
history:
	1: depth 1 in 0.10 seconds
	2: depth 2 in 0.09 seconds
	3: depth 3 in 0.09 seconds
	4: depth 4 in 0.09 seconds
	5: depth 5 in 0.09 seconds
	6: depth 6 in 19.97 seconds
	7: depth 7 in 61.67 seconds
	8: depth 8 in 176.53 seconds
	9: depth 9 in 563.81 seconds
	10: depth 10 in 869.45 seconds
output/logs/constructed/averaged/state40%-md10/valid/blocks-5-1.log
blocks-5-1 SOLVED!
problem details:
	state size: 26
	maximum depth: 10
with:
	plan: 0: (unstack b a) 1: (stack b c) 2: (unstack a d) 3: (stack a e) 4: (unstack b c) 5: (stack b a) 6: (pick-up c) 7: (stack c b) 8: (pick-up d) 9: (stack d c) 
	depth: 10
	time: 3212.42 seconds
history:
	1: depth 1 in 0.11 seconds
	2: depth 2 in 0.09 seconds
	3: depth 3 in 0.10 seconds
	4: depth 4 in 0.10 seconds
	5: depth 5 in 0.09 seconds
	6: depth 6 in 20.32 seconds
	7: depth 7 in 66.63 seconds
	8: depth 8 in 219.92 seconds
	9: depth 9 in 813.94 seconds
	10: depth 10 in 3212.42 seconds
output/logs/constructed/averaged/state50%-md11/valid/blocks-5-1.log
blocks-5-1 SOLVED!
problem details:
	state size: 33
	maximum depth: 11
with:
	plan: 0: (unstack b a) 1: (stack b c) 2: (unstack a d) 3: (stack a e) 4: (unstack b c) 5: (stack b a) 6: (pick-up c) 7: (stack c b) 8: (pick-up d) 9: (stack d c) 
	depth: 10
	time: 1678.46 seconds
history:
	1: depth 1 in 0.10 seconds
	2: depth 2 in 0.09 seconds
	3: depth 3 in 0.09 seconds
	4: depth 4 in 0.09 seconds
	5: depth 5 in 0.09 seconds
	6: depth 6 in 23.15 seconds
	7: depth 7 in 59.24 seconds
	8: depth 8 in 190.79 seconds
	9: depth 9 in 943.81 seconds
	10: depth 10 in 1678.46 seconds
output/logs/constructed/averaged/state60%-md11/valid/blocks-5-1.log
blocks-5-1 SOLVED!
problem details:
	state size: 39
	maximum depth: 11
with:
	plan: 0: (unstack b a) 1: (put-down b) 2: (unstack a d) 3: (stack a e) 4: (pick-up b) 5: (stack b a) 6: (pick-up c) 7: (stack c b) 8: (pick-up d) 9: (stack d c) 
	depth: 10
	time: 1301.70 seconds
history:
	1: depth 1 in 0.10 seconds
	2: depth 2 in 0.09 seconds
	3: depth 3 in 0.09 seconds
	4: depth 4 in 0.09 seconds
	5: depth 5 in 0.09 seconds
	6: depth 6 in 20.16 seconds
	7: depth 7 in 63.85 seconds
	8: depth 8 in 210.57 seconds
	9: depth 9 in 773.42 seconds
	10: depth 10 in 1301.70 seconds
output/logs/constructed/averaged/state70%-md11/valid/blocks-5-1.log
blocks-5-1 SOLVED!
problem details:
	state size: 46
	maximum depth: 11
with:
	plan: 0: (unstack b a) 1: (stack b c) 2: (unstack a d) 3: (stack a e) 4: (unstack b c) 5: (stack b a) 6: (pick-up c) 7: (stack c b) 8: (pick-up d) 9: (stack d c) 
	depth: 10
	time: 2230.61 seconds
history:
	1: depth 1 in 0.10 seconds
	2: depth 2 in 0.09 seconds
	3: depth 3 in 0.10 seconds
	4: depth 4 in 0.10 seconds
	5: depth 5 in 0.09 seconds
	6: depth 6 in 20.25 seconds
	7: depth 7 in 77.56 seconds
	8: depth 8 in 201.71 seconds
	9: depth 9 in 761.93 seconds
	10: depth 10 in 2230.61 seconds
output/logs/constructed/averaged/state80%-md11/valid/blocks-5-1.log
blocks-5-1 SOLVED!
problem details:
	state size: 52
	maximum depth: 11
with:
	plan: 0: (unstack b a) 1: (put-down b) 2: (unstack a d) 3: (stack a e) 4: (pick-up b) 5: (stack b a) 6: (pick-up c) 7: (stack c b) 8: (pick-up d) 9: (stack d c) 
	depth: 10
	time: 2018.65 seconds
history:
	1: depth 1 in 0.10 seconds
	2: depth 2 in 0.09 seconds
	3: depth 3 in 0.09 seconds
	4: depth 4 in 0.09 seconds
	5: depth 5 in 0.09 seconds
	6: depth 6 in 20.98 seconds
	7: depth 7 in 73.83 seconds
	8: depth 8 in 211.63 seconds
	9: depth 9 in 766.83 seconds
	10: depth 10 in 2018.65 seconds
output/logs/constructed/averaged/state90%-md11/valid/blocks-5-1.log
blocks-5-1 SOLVED!
problem details:
	state size: 59
	maximum depth: 11
with:
	plan: 0: (unstack b a) 1: (stack b c) 2: (unstack a d) 3: (stack a e) 4: (unstack b c) 5: (stack b a) 6: (pick-up c) 7: (stack c b) 8: (pick-up d) 9: (stack d c) 
	depth: 10
	time: 1489.29 seconds
history:
	1: depth 1 in 0.10 seconds
	2: depth 2 in 0.10 seconds
	3: depth 3 in 0.09 seconds
	4: depth 4 in 0.09 seconds
	5: depth 5 in 0.10 seconds
	6: depth 6 in 19.10 seconds
	7: depth 7 in 87.87 seconds
	8: depth 8 in 229.66 seconds
	9: depth 9 in 660.90 seconds
	10: depth 10 in 1489.29 seconds
output/logs/constructed/averaged/state100%-md11/valid/blocks-5-1.log
blocks-5-1 SOLVED!
problem details:
	state size: 66
	maximum depth: 11
with:
	plan: 0: (unstack b a) 1: (stack b c) 2: (unstack a d) 3: (stack a e) 4: (unstack b c) 5: (stack b a) 6: (pick-up c) 7: (stack c b) 8: (pick-up d) 9: (stack d c) 
	depth: 10
	time: 1610.29 seconds
history:
	1: depth 1 in 0.11 seconds
	2: depth 2 in 0.09 seconds
	3: depth 3 in 0.09 seconds
	4: depth 4 in 0.09 seconds
	5: depth 5 in 0.09 seconds
	6: depth 6 in 18.98 seconds
	7: depth 7 in 54.41 seconds
	8: depth 8 in 232.47 seconds
	9: depth 9 in 841.46 seconds
	10: depth 10 in 1610.29 seconds
