output/logs/constructed/averaged/state10%-md10/invalid/noPlanFound/mixed-f4-p2-u0-v0-g0-a0-n0-a0-b0-n0-f0-r0.log
mixed-f4-p2-u0-v0-g0-a0-n0-a0-b0-n0-f0-r0 FAILED
	reason failed: no plan found
problem details:
	state size: 17
	maximum depth: 10
with
	depth: 7
	time: 0.12 seconds
history:
	1: depth 1 in 0.10 seconds
	2: depth 2 in 0.10 seconds
	3: depth 3 in 0.09 seconds
	4: depth 4 in 0.10 seconds
	5: depth 5 in 0.10 seconds
	6: depth 6 in 0.11 seconds
	7: depth 7 in 0.12 seconds
output/logs/constructed/averaged/state20%-md10/valid/mixed-f4-p2-u0-v0-g0-a0-n0-a0-b0-n0-f0-r0.log
mixed-f4-p2-u0-v0-g0-a0-n0-a0-b0-n0-f0-r0 SOLVED!
problem details:
	state size: 34
	maximum depth: 10
with:
	plan: 0: (up f0 f1) 1: (board f1 p1) 2: (up f1 f3) 3: (board f3 p0) 4: (depart f3 p1) 5: (down f3 f2) 6: (depart f2 p0) 
	depth: 7
	time: 9.76 seconds
history:
	1: depth 1 in 0.11 seconds
	2: depth 2 in 0.11 seconds
	3: depth 3 in 0.10 seconds
	4: depth 4 in 0.10 seconds
	5: depth 5 in 0.10 seconds
	6: depth 6 in 0.10 seconds
	7: depth 7 in 9.76 seconds
output/logs/constructed/averaged/state30%-md10/valid/mixed-f4-p2-u0-v0-g0-a0-n0-a0-b0-n0-f0-r0.log
mixed-f4-p2-u0-v0-g0-a0-n0-a0-b0-n0-f0-r0 SOLVED!
problem details:
	state size: 52
	maximum depth: 10
with:
	plan: 0: (up f0 f1) 1: (board f1 p1) 2: (up f1 f3) 3: (depart f3 p1) 4: (board f3 p0) 5: (down f3 f2) 6: (depart f2 p0) 
	depth: 7
	time: 12.55 seconds
history:
	1: depth 1 in 0.11 seconds
	2: depth 2 in 0.10 seconds
	3: depth 3 in 0.10 seconds
	4: depth 4 in 0.10 seconds
	5: depth 5 in 0.10 seconds
	6: depth 6 in 0.10 seconds
	7: depth 7 in 12.55 seconds
output/logs/constructed/averaged/state40%-md10/valid/mixed-f4-p2-u0-v0-g0-a0-n0-a0-b0-n0-f0-r0.log
mixed-f4-p2-u0-v0-g0-a0-n0-a0-b0-n0-f0-r0 SOLVED!
problem details:
	state size: 69
	maximum depth: 10
with:
	plan: 0: (up f0 f1) 1: (board f1 p1) 2: (up f1 f3) 3: (board f3 p0) 4: (depart f3 p1) 5: (down f3 f2) 6: (depart f2 p0) 
	depth: 7
	time: 11.30 seconds
history:
	1: depth 1 in 0.10 seconds
	2: depth 2 in 0.09 seconds
	3: depth 3 in 0.10 seconds
	4: depth 4 in 0.10 seconds
	5: depth 5 in 0.09 seconds
	6: depth 6 in 0.10 seconds
	7: depth 7 in 11.30 seconds
output/logs/constructed/averaged/state50%-md11/valid/mixed-f4-p2-u0-v0-g0-a0-n0-a0-b0-n0-f0-r0.log
mixed-f4-p2-u0-v0-g0-a0-n0-a0-b0-n0-f0-r0 SOLVED!
problem details:
	state size: 87
	maximum depth: 11
with:
	plan: 0: (up f0 f1) 1: (board f1 p1) 2: (up f1 f3) 3: (board f3 p0) 4: (depart f3 p1) 5: (down f3 f2) 6: (depart f2 p0) 
	depth: 7
	time: 9.69 seconds
history:
	1: depth 1 in 0.10 seconds
	2: depth 2 in 0.09 seconds
	3: depth 3 in 0.10 seconds
	4: depth 4 in 0.10 seconds
	5: depth 5 in 0.10 seconds
	6: depth 6 in 0.10 seconds
	7: depth 7 in 9.69 seconds
output/logs/constructed/averaged/state60%-md11/valid/mixed-f4-p2-u0-v0-g0-a0-n0-a0-b0-n0-f0-r0.log
mixed-f4-p2-u0-v0-g0-a0-n0-a0-b0-n0-f0-r0 SOLVED!
problem details:
	state size: 104
	maximum depth: 11
with:
	plan: 0: (up f0 f1) 1: (board f1 p1) 2: (up f1 f3) 3: (board f3 p0) 4: (depart f3 p1) 5: (down f3 f2) 6: (depart f2 p0) 
	depth: 7
	time: 8.58 seconds
history:
	1: depth 1 in 0.10 seconds
	2: depth 2 in 0.11 seconds
	3: depth 3 in 0.10 seconds
	4: depth 4 in 0.10 seconds
	5: depth 5 in 0.10 seconds
	6: depth 6 in 0.10 seconds
	7: depth 7 in 8.58 seconds
output/logs/constructed/averaged/state70%-md11/valid/mixed-f4-p2-u0-v0-g0-a0-n0-a0-b0-n0-f0-r0.log
mixed-f4-p2-u0-v0-g0-a0-n0-a0-b0-n0-f0-r0 SOLVED!
problem details:
	state size: 121
	maximum depth: 11
with:
	plan: 0: (up f0 f1) 1: (board f1 p1) 2: (up f1 f3) 3: (board f3 p0) 4: (depart f3 p1) 5: (down f3 f2) 6: (depart f2 p0) 
	depth: 7
	time: 10.38 seconds
history:
	1: depth 1 in 0.11 seconds
	2: depth 2 in 0.10 seconds
	3: depth 3 in 0.10 seconds
	4: depth 4 in 0.09 seconds
	5: depth 5 in 0.10 seconds
	6: depth 6 in 0.10 seconds
	7: depth 7 in 10.38 seconds
output/logs/constructed/averaged/state80%-md11/valid/mixed-f4-p2-u0-v0-g0-a0-n0-a0-b0-n0-f0-r0.log
mixed-f4-p2-u0-v0-g0-a0-n0-a0-b0-n0-f0-r0 SOLVED!
problem details:
	state size: 139
	maximum depth: 11
with:
	plan: 0: (up f0 f1) 1: (board f1 p1) 2: (up f1 f3) 3: (depart f3 p1) 4: (board f3 p0) 5: (down f3 f2) 6: (depart f2 p0) 
	depth: 7
	time: 14.01 seconds
history:
	1: depth 1 in 0.11 seconds
	2: depth 2 in 0.10 seconds
	3: depth 3 in 0.10 seconds
	4: depth 4 in 0.09 seconds
	5: depth 5 in 0.10 seconds
	6: depth 6 in 0.10 seconds
	7: depth 7 in 14.01 seconds
output/logs/constructed/averaged/state90%-md11/valid/mixed-f4-p2-u0-v0-g0-a0-n0-a0-b0-n0-f0-r0.log
mixed-f4-p2-u0-v0-g0-a0-n0-a0-b0-n0-f0-r0 SOLVED!
problem details:
	state size: 156
	maximum depth: 11
with:
	plan: 0: (up f0 f1) 1: (board f1 p1) 2: (up f1 f3) 3: (depart f3 p1) 4: (board f3 p0) 5: (down f3 f2) 6: (depart f2 p0) 
	depth: 7
	time: 10.07 seconds
history:
	1: depth 1 in 0.11 seconds
	2: depth 2 in 0.10 seconds
	3: depth 3 in 0.10 seconds
	4: depth 4 in 0.10 seconds
	5: depth 5 in 0.10 seconds
	6: depth 6 in 0.10 seconds
	7: depth 7 in 10.07 seconds
output/logs/constructed/averaged/state100%-md11/valid/mixed-f4-p2-u0-v0-g0-a0-n0-a0-b0-n0-f0-r0.log
mixed-f4-p2-u0-v0-g0-a0-n0-a0-b0-n0-f0-r0 SOLVED!
problem details:
	state size: 174
	maximum depth: 11
with:
	plan: 0: (up f0 f1) 1: (board f1 p1) 2: (up f1 f3) 3: (board f3 p0) 4: (depart f3 p1) 5: (down f3 f2) 6: (depart f2 p0) 
	depth: 7
	time: 10.85 seconds
history:
	1: depth 1 in 0.10 seconds
	2: depth 2 in 0.09 seconds
	3: depth 3 in 0.10 seconds
	4: depth 4 in 0.10 seconds
	5: depth 5 in 0.09 seconds
	6: depth 6 in 0.10 seconds
	7: depth 7 in 10.85 seconds
