output/logs/constructed/averaged/state10%-md10/invalid/noPlanFound/mixed-f2-p1-u0-v0-g0-a0-n0-a0-b0-n0-f0-r4.log
mixed-f2-p1-u0-v0-g0-a0-n0-a0-b0-n0-f0-r4 FAILED
	reason failed: no plan found
problem details:
	state size: 5
	maximum depth: 10
with
	depth: 4
	time: 0.10 seconds
history:
	1: depth 1 in 0.09 seconds
	2: depth 2 in 0.09 seconds
output/logs/constructed/averaged/state20%-md10/invalid/noPlanFound/mixed-f2-p1-u0-v0-g0-a0-n0-a0-b0-n0-f0-r4.log
mixed-f2-p1-u0-v0-g0-a0-n0-a0-b0-n0-f0-r4 FAILED
	reason failed: depth out
problem details:
	state size: 10
	maximum depth: 10
with
	depth: 10
	time: 2.51 seconds
history:
	1: depth 1 in 0.10 seconds
	2: depth 2 in 0.09 seconds
	3: depth 3 in 0.09 seconds
	4: depth 4 in 0.68 seconds
	5: depth 5 in 0.93 seconds
	6: depth 6 in 1.15 seconds
	7: depth 7 in 1.46 seconds
	8: depth 8 in 1.64 seconds
	9: depth 9 in 2.04 seconds
output/logs/constructed/averaged/state30%-md10/valid/mixed-f2-p1-u0-v0-g0-a0-n0-a0-b0-n0-f0-r4.log
mixed-f2-p1-u0-v0-g0-a0-n0-a0-b0-n0-f0-r4 SOLVED!
problem details:
	state size: 15
	maximum depth: 10
with:
	plan: 0: (up f0 f1) 1: (board f1 p0) 2: (down f1 f0) 3: (depart f0 p0) 
	depth: 4
	time: 0.98 seconds
history:
	1: depth 1 in 0.09 seconds
	2: depth 2 in 0.09 seconds
output/logs/constructed/averaged/state40%-md10/valid/mixed-f2-p1-u0-v0-g0-a0-n0-a0-b0-n0-f0-r4.log
mixed-f2-p1-u0-v0-g0-a0-n0-a0-b0-n0-f0-r4 SOLVED!
problem details:
	state size: 20
	maximum depth: 10
with:
	plan: 0: (up f0 f1) 1: (board f1 p0) 2: (down f1 f0) 3: (depart f0 p0) 
	depth: 4
	time: 1.02 seconds
history:
	1: depth 1 in 0.10 seconds
	2: depth 2 in 0.09 seconds
	3: depth 3 in 0.09 seconds
output/logs/constructed/averaged/state50%-md11/valid/mixed-f2-p1-u0-v0-g0-a0-n0-a0-b0-n0-f0-r4.log
mixed-f2-p1-u0-v0-g0-a0-n0-a0-b0-n0-f0-r4 SOLVED!
problem details:
	state size: 25
	maximum depth: 11
with:
	plan: 0: (up f0 f1) 1: (board f1 p0) 2: (down f1 f0) 3: (depart f0 p0) 
	depth: 4
	time: 1.08 seconds
history:
	1: depth 1 in 0.10 seconds
	2: depth 2 in 0.09 seconds
	3: depth 3 in 0.09 seconds
output/logs/constructed/averaged/state60%-md11/valid/mixed-f2-p1-u0-v0-g0-a0-n0-a0-b0-n0-f0-r4.log
mixed-f2-p1-u0-v0-g0-a0-n0-a0-b0-n0-f0-r4 SOLVED!
problem details:
	state size: 30
	maximum depth: 11
with:
	plan: 0: (up f0 f1) 1: (board f1 p0) 2: (down f1 f0) 3: (depart f0 p0) 
	depth: 4
	time: 1.05 seconds
history:
	1: depth 1 in 0.10 seconds
	2: depth 2 in 0.09 seconds
	3: depth 3 in 0.10 seconds
output/logs/constructed/averaged/state70%-md11/valid/mixed-f2-p1-u0-v0-g0-a0-n0-a0-b0-n0-f0-r4.log
mixed-f2-p1-u0-v0-g0-a0-n0-a0-b0-n0-f0-r4 SOLVED!
problem details:
	state size: 35
	maximum depth: 11
with:
	plan: 0: (up f0 f1) 1: (board f1 p0) 2: (down f1 f0) 3: (depart f0 p0) 
	depth: 4
	time: 1.09 seconds
history:
	1: depth 1 in 0.09 seconds
	2: depth 2 in 0.09 seconds
	3: depth 3 in 0.09 seconds
output/logs/constructed/averaged/state80%-md11/valid/mixed-f2-p1-u0-v0-g0-a0-n0-a0-b0-n0-f0-r4.log
mixed-f2-p1-u0-v0-g0-a0-n0-a0-b0-n0-f0-r4 SOLVED!
problem details:
	state size: 40
	maximum depth: 11
with:
	plan: 0: (up f0 f1) 1: (board f1 p0) 2: (down f1 f0) 3: (depart f0 p0) 
	depth: 4
	time: 1.11 seconds
history:
	1: depth 1 in 0.10 seconds
	2: depth 2 in 0.09 seconds
	3: depth 3 in 0.09 seconds
output/logs/constructed/averaged/state90%-md11/valid/mixed-f2-p1-u0-v0-g0-a0-n0-a0-b0-n0-f0-r4.log
mixed-f2-p1-u0-v0-g0-a0-n0-a0-b0-n0-f0-r4 SOLVED!
problem details:
	state size: 45
	maximum depth: 11
with:
	plan: 0: (up f0 f1) 1: (board f1 p0) 2: (down f1 f0) 3: (depart f0 p0) 
	depth: 4
	time: 1.18 seconds
history:
	1: depth 1 in 0.11 seconds
	2: depth 2 in 0.09 seconds
	3: depth 3 in 0.09 seconds
output/logs/constructed/averaged/state100%-md11/valid/mixed-f2-p1-u0-v0-g0-a0-n0-a0-b0-n0-f0-r4.log
mixed-f2-p1-u0-v0-g0-a0-n0-a0-b0-n0-f0-r4 SOLVED!
problem details:
	state size: 51
	maximum depth: 11
with:
	plan: 0: (up f0 f1) 1: (board f1 p0) 2: (down f1 f0) 3: (depart f0 p0) 
	depth: 4
	time: 1.13 seconds
history:
	1: depth 1 in 0.10 seconds
	2: depth 2 in 0.09 seconds
	3: depth 3 in 0.09 seconds
