output/logs/constructed/averaged/state10%-md10/invalid/noPlanFound/mixed-f6-p3-u0-v0-g0-a0-n0-a0-b0-n0-f0-r3.log
mixed-f6-p3-u0-v0-g0-a0-n0-a0-b0-n0-f0-r3 FAILED
	reason failed: depth out
problem details:
	state size: 36
	maximum depth: 10
with
	depth: 10
	time: 0.15 seconds
history:
	1: depth 1 in 0.12 seconds
	2: depth 2 in 0.10 seconds
	3: depth 3 in 0.10 seconds
	4: depth 4 in 0.11 seconds
	5: depth 5 in 0.11 seconds
	6: depth 6 in 0.11 seconds
	7: depth 7 in 0.11 seconds
	8: depth 8 in 0.11 seconds
output/logs/constructed/averaged/state20%-md10/valid/mixed-f6-p3-u0-v0-g0-a0-n0-a0-b0-n0-f0-r3.log
mixed-f6-p3-u0-v0-g0-a0-n0-a0-b0-n0-f0-r3 SOLVED!
problem details:
	state size: 73
	maximum depth: 10
with:
	plan: 0: (board f0 p2) 1: (up f0 f5) 2: (depart f5 p2) 3: (board f5 p0) 4: (down f5 f0) 5: (depart f0 p0) 6: (up f0 f1) 7: (board f1 p1) 8: (up f1 f3) 9: (depart f3 p1) 
	depth: 10
	time: 242.04 seconds
history:
	1: depth 1 in 0.11 seconds
	2: depth 2 in 0.11 seconds
	3: depth 3 in 0.11 seconds
	4: depth 4 in 0.10 seconds
	5: depth 5 in 0.10 seconds
	6: depth 6 in 0.10 seconds
	7: depth 7 in 0.10 seconds
	8: depth 8 in 0.10 seconds
output/logs/constructed/averaged/state30%-md10/valid/mixed-f6-p3-u0-v0-g0-a0-n0-a0-b0-n0-f0-r3.log
mixed-f6-p3-u0-v0-g0-a0-n0-a0-b0-n0-f0-r3 SOLVED!
problem details:
	state size: 110
	maximum depth: 10
with:
	plan: 0: (board f0 p2) 1: (up f0 f1) 2: (board f1 p1) 3: (up f1 f3) 4: (depart f3 p1) 5: (up f3 f5) 6: (board f5 p0) 7: (depart f5 p2) 8: (down f5 f0) 9: (depart f0 p0) 
	depth: 10
	time: 725.75 seconds
history:
	1: depth 1 in 0.11 seconds
	2: depth 2 in 0.11 seconds
	3: depth 3 in 0.11 seconds
	4: depth 4 in 0.10 seconds
	5: depth 5 in 0.11 seconds
	6: depth 6 in 0.10 seconds
	7: depth 7 in 0.10 seconds
	8: depth 8 in 0.10 seconds
output/logs/constructed/averaged/state40%-md10/valid/mixed-f6-p3-u0-v0-g0-a0-n0-a0-b0-n0-f0-r3.log
mixed-f6-p3-u0-v0-g0-a0-n0-a0-b0-n0-f0-r3 SOLVED!
problem details:
	state size: 147
	maximum depth: 10
with:
	plan: 0: (board f0 p2) 1: (up f0 f1) 2: (board f1 p1) 3: (up f1 f5) 4: (board f5 p0) 5: (depart f5 p2) 6: (down f5 f0) 7: (depart f0 p0) 8: (up f0 f3) 9: (depart f3 p1) 
	depth: 10
	time: 560.77 seconds
history:
	1: depth 1 in 0.11 seconds
	2: depth 2 in 0.11 seconds
	3: depth 3 in 0.10 seconds
	4: depth 4 in 0.10 seconds
	5: depth 5 in 0.11 seconds
	6: depth 6 in 0.11 seconds
	7: depth 7 in 0.10 seconds
	8: depth 8 in 0.10 seconds
	9: depth 9 in 0.10 seconds
output/logs/constructed/averaged/state50%-md11/valid/mixed-f6-p3-u0-v0-g0-a0-n0-a0-b0-n0-f0-r3.log
mixed-f6-p3-u0-v0-g0-a0-n0-a0-b0-n0-f0-r3 SOLVED!
problem details:
	state size: 184
	maximum depth: 11
with:
	plan: 0: (board f0 p2) 1: (up f0 f5) 2: (depart f5 p2) 3: (board f5 p0) 4: (down f5 f1) 5: (board f1 p1) 6: (down f1 f0) 7: (depart f0 p0) 8: (up f0 f3) 9: (depart f3 p1) 
	depth: 10
	time: 547.11 seconds
history:
	1: depth 1 in 0.11 seconds
	2: depth 2 in 0.11 seconds
	3: depth 3 in 0.11 seconds
	4: depth 4 in 0.11 seconds
	5: depth 5 in 0.11 seconds
	6: depth 6 in 0.10 seconds
	7: depth 7 in 0.10 seconds
	8: depth 8 in 0.11 seconds
	9: depth 9 in 0.10 seconds
output/logs/constructed/averaged/state60%-md11/valid/mixed-f6-p3-u0-v0-g0-a0-n0-a0-b0-n0-f0-r3.log
mixed-f6-p3-u0-v0-g0-a0-n0-a0-b0-n0-f0-r3 SOLVED!
problem details:
	state size: 221
	maximum depth: 11
with:
	plan: 0: (board f0 p2) 1: (up f0 f1) 2: (board f1 p1) 3: (up f1 f3) 4: (depart f3 p1) 5: (up f3 f5) 6: (depart f5 p2) 7: (board f5 p0) 8: (down f5 f0) 9: (depart f0 p0) 
	depth: 10
	time: 274.62 seconds
history:
	1: depth 1 in 0.11 seconds
	2: depth 2 in 0.11 seconds
	3: depth 3 in 0.11 seconds
	4: depth 4 in 0.10 seconds
	5: depth 5 in 0.10 seconds
	6: depth 6 in 0.10 seconds
	7: depth 7 in 0.11 seconds
	8: depth 8 in 0.11 seconds
	9: depth 9 in 0.11 seconds
output/logs/constructed/averaged/state70%-md11/valid/mixed-f6-p3-u0-v0-g0-a0-n0-a0-b0-n0-f0-r3.log
mixed-f6-p3-u0-v0-g0-a0-n0-a0-b0-n0-f0-r3 SOLVED!
problem details:
	state size: 258
	maximum depth: 11
with:
	plan: 0: (board f0 p2) 1: (up f0 f1) 2: (board f1 p1) 3: (up f1 f5) 4: (depart f5 p2) 5: (board f5 p0) 6: (down f5 f3) 7: (depart f3 p1) 8: (down f3 f0) 9: (depart f0 p0) 
	depth: 10
	time: 212.46 seconds
history:
	1: depth 1 in 0.12 seconds
	2: depth 2 in 0.10 seconds
	3: depth 3 in 0.11 seconds
	4: depth 4 in 0.10 seconds
	5: depth 5 in 0.10 seconds
	6: depth 6 in 0.11 seconds
	7: depth 7 in 0.10 seconds
	8: depth 8 in 0.11 seconds
	9: depth 9 in 0.10 seconds
output/logs/constructed/averaged/state80%-md11/valid/mixed-f6-p3-u0-v0-g0-a0-n0-a0-b0-n0-f0-r3.log
mixed-f6-p3-u0-v0-g0-a0-n0-a0-b0-n0-f0-r3 SOLVED!
problem details:
	state size: 295
	maximum depth: 11
with:
	plan: 0: (board f0 p2) 1: (up f0 f1) 2: (board f1 p1) 3: (up f1 f5) 4: (board f5 p0) 5: (depart f5 p2) 6: (down f5 f0) 7: (depart f0 p0) 8: (up f0 f3) 9: (depart f3 p1) 
	depth: 10
	time: 717.36 seconds
history:
	1: depth 1 in 0.12 seconds
	2: depth 2 in 0.11 seconds
	3: depth 3 in 0.11 seconds
	4: depth 4 in 0.11 seconds
	5: depth 5 in 0.11 seconds
	6: depth 6 in 0.11 seconds
	7: depth 7 in 0.10 seconds
	8: depth 8 in 0.10 seconds
	9: depth 9 in 0.10 seconds
output/logs/constructed/averaged/state90%-md11/valid/mixed-f6-p3-u0-v0-g0-a0-n0-a0-b0-n0-f0-r3.log
mixed-f6-p3-u0-v0-g0-a0-n0-a0-b0-n0-f0-r3 SOLVED!
problem details:
	state size: 332
	maximum depth: 11
with:
	plan: 0: (board f0 p2) 1: (up f0 f1) 2: (board f1 p1) 3: (up f1 f5) 4: (depart f5 p2) 5: (board f5 p0) 6: (down f5 f0) 7: (depart f0 p0) 8: (up f0 f3) 9: (depart f3 p1) 
	depth: 10
	time: 655.02 seconds
history:
	1: depth 1 in 0.11 seconds
	2: depth 2 in 0.10 seconds
	3: depth 3 in 0.11 seconds
	4: depth 4 in 0.11 seconds
	5: depth 5 in 0.12 seconds
	6: depth 6 in 0.11 seconds
	7: depth 7 in 0.11 seconds
	8: depth 8 in 0.11 seconds
	9: depth 9 in 0.10 seconds
output/logs/constructed/averaged/state100%-md11/valid/mixed-f6-p3-u0-v0-g0-a0-n0-a0-b0-n0-f0-r3.log
mixed-f6-p3-u0-v0-g0-a0-n0-a0-b0-n0-f0-r3 SOLVED!
problem details:
	state size: 369
	maximum depth: 11
with:
	plan: 0: (board f0 p2) 1: (up f0 f5) 2: (depart f5 p2) 3: (board f5 p0) 4: (down f5 f1) 5: (board f1 p1) 6: (up f1 f3) 7: (depart f3 p1) 8: (down f3 f0) 9: (depart f0 p0) 
	depth: 10
	time: 844.79 seconds
history:
	1: depth 1 in 0.12 seconds
	2: depth 2 in 0.12 seconds
	3: depth 3 in 0.11 seconds
	4: depth 4 in 0.11 seconds
	5: depth 5 in 0.11 seconds
	6: depth 6 in 0.11 seconds
	7: depth 7 in 0.10 seconds
	8: depth 8 in 0.11 seconds
	9: depth 9 in 0.11 seconds
