output/logs/constructed/averaged/state10%-md10/invalid/noPlanFound/mixed-f6-p3-u0-v0-g0-a0-n0-a0-b0-n0-f0-r4.log
mixed-f6-p3-u0-v0-g0-a0-n0-a0-b0-n0-f0-r4 FAILED
	reason failed: depth out
problem details:
	state size: 36
	maximum depth: 10
with
	depth: 10
	time: 0.15 seconds
history:
	1: depth 1 in 0.11 seconds
	2: depth 2 in 0.11 seconds
	3: depth 3 in 0.10 seconds
	4: depth 4 in 0.10 seconds
	5: depth 5 in 0.11 seconds
	6: depth 6 in 0.10 seconds
	7: depth 7 in 0.10 seconds
	8: depth 8 in 0.10 seconds
output/logs/constructed/averaged/state20%-md10/valid/mixed-f6-p3-u0-v0-g0-a0-n0-a0-b0-n0-f0-r4.log
mixed-f6-p3-u0-v0-g0-a0-n0-a0-b0-n0-f0-r4 SOLVED!
problem details:
	state size: 73
	maximum depth: 10
with:
	plan: 0: (board f0 p2) 1: (up f0 f4) 2: (depart f4 p2) 3: (down f4 f2) 4: (board f2 p1) 5: (up f2 f3) 6: (board f3 p0) 7: (down f3 f0) 8: (depart f0 p0) 9: (depart f0 p1) 
	depth: 10
	time: 321.65 seconds
history:
	1: depth 1 in 0.12 seconds
	2: depth 2 in 0.11 seconds
	3: depth 3 in 0.11 seconds
	4: depth 4 in 0.11 seconds
	5: depth 5 in 0.11 seconds
	6: depth 6 in 0.11 seconds
	7: depth 7 in 0.10 seconds
	8: depth 8 in 0.11 seconds
output/logs/constructed/averaged/state30%-md10/valid/mixed-f6-p3-u0-v0-g0-a0-n0-a0-b0-n0-f0-r4.log
mixed-f6-p3-u0-v0-g0-a0-n0-a0-b0-n0-f0-r4 SOLVED!
problem details:
	state size: 110
	maximum depth: 10
with:
	plan: 0: (board f0 p2) 1: (up f0 f3) 2: (board f3 p0) 3: (down f3 f2) 4: (board f2 p1) 5: (up f2 f4) 6: (depart f4 p2) 7: (down f4 f0) 8: (depart f0 p1) 9: (depart f0 p0) 
	depth: 10
	time: 230.28 seconds
history:
	1: depth 1 in 0.12 seconds
	2: depth 2 in 0.10 seconds
	3: depth 3 in 0.11 seconds
	4: depth 4 in 0.10 seconds
	5: depth 5 in 0.11 seconds
	6: depth 6 in 0.11 seconds
	7: depth 7 in 0.10 seconds
	8: depth 8 in 0.11 seconds
output/logs/constructed/averaged/state40%-md10/valid/mixed-f6-p3-u0-v0-g0-a0-n0-a0-b0-n0-f0-r4.log
mixed-f6-p3-u0-v0-g0-a0-n0-a0-b0-n0-f0-r4 SOLVED!
problem details:
	state size: 147
	maximum depth: 10
with:
	plan: 0: (board f0 p2) 1: (up f0 f3) 2: (board f3 p0) 3: (up f3 f4) 4: (depart f4 p2) 5: (down f4 f2) 6: (board f2 p1) 7: (down f2 f0) 8: (depart f0 p0) 9: (depart f0 p1) 
	depth: 10
	time: 619.10 seconds
history:
	1: depth 1 in 0.12 seconds
	2: depth 2 in 0.11 seconds
	3: depth 3 in 0.11 seconds
	4: depth 4 in 0.10 seconds
	5: depth 5 in 0.11 seconds
	6: depth 6 in 0.10 seconds
	7: depth 7 in 0.11 seconds
	8: depth 8 in 0.11 seconds
	9: depth 9 in 0.10 seconds
output/logs/constructed/averaged/state50%-md11/valid/mixed-f6-p3-u0-v0-g0-a0-n0-a0-b0-n0-f0-r4.log
mixed-f6-p3-u0-v0-g0-a0-n0-a0-b0-n0-f0-r4 SOLVED!
problem details:
	state size: 184
	maximum depth: 11
with:
	plan: 0: (board f0 p2) 1: (up f0 f3) 2: (board f3 p0) 3: (up f3 f4) 4: (depart f4 p2) 5: (down f4 f2) 6: (board f2 p1) 7: (down f2 f0) 8: (depart f0 p1) 9: (depart f0 p0) 
	depth: 10
	time: 363.16 seconds
history:
	1: depth 1 in 0.11 seconds
	2: depth 2 in 0.11 seconds
	3: depth 3 in 0.10 seconds
	4: depth 4 in 0.10 seconds
	5: depth 5 in 0.11 seconds
	6: depth 6 in 0.10 seconds
	7: depth 7 in 0.11 seconds
	8: depth 8 in 0.11 seconds
	9: depth 9 in 0.11 seconds
output/logs/constructed/averaged/state60%-md11/valid/mixed-f6-p3-u0-v0-g0-a0-n0-a0-b0-n0-f0-r4.log
mixed-f6-p3-u0-v0-g0-a0-n0-a0-b0-n0-f0-r4 SOLVED!
problem details:
	state size: 221
	maximum depth: 11
with:
	plan: 0: (board f0 p2) 1: (up f0 f2) 2: (board f2 p1) 3: (up f2 f4) 4: (depart f4 p2) 5: (down f4 f3) 6: (board f3 p0) 7: (down f3 f0) 8: (depart f0 p1) 9: (depart f0 p0) 
	depth: 10
	time: 274.09 seconds
history:
	1: depth 1 in 0.12 seconds
	2: depth 2 in 0.11 seconds
	3: depth 3 in 0.10 seconds
	4: depth 4 in 0.11 seconds
	5: depth 5 in 0.11 seconds
	6: depth 6 in 0.10 seconds
	7: depth 7 in 0.11 seconds
	8: depth 8 in 0.10 seconds
	9: depth 9 in 0.11 seconds
output/logs/constructed/averaged/state70%-md11/valid/mixed-f6-p3-u0-v0-g0-a0-n0-a0-b0-n0-f0-r4.log
mixed-f6-p3-u0-v0-g0-a0-n0-a0-b0-n0-f0-r4 SOLVED!
problem details:
	state size: 258
	maximum depth: 11
with:
	plan: 0: (up f0 f2) 1: (board f2 p1) 2: (up f2 f3) 3: (board f3 p0) 4: (down f3 f0) 5: (board f0 p2) 6: (depart f0 p0) 7: (depart f0 p1) 8: (up f0 f4) 9: (depart f4 p2) 
	depth: 10
	time: 805.03 seconds
history:
	1: depth 1 in 0.11 seconds
	2: depth 2 in 0.11 seconds
	3: depth 3 in 0.11 seconds
	4: depth 4 in 0.11 seconds
	5: depth 5 in 0.11 seconds
	6: depth 6 in 0.11 seconds
	7: depth 7 in 0.11 seconds
	8: depth 8 in 0.11 seconds
	9: depth 9 in 0.10 seconds
output/logs/constructed/averaged/state80%-md11/valid/mixed-f6-p3-u0-v0-g0-a0-n0-a0-b0-n0-f0-r4.log
mixed-f6-p3-u0-v0-g0-a0-n0-a0-b0-n0-f0-r4 SOLVED!
problem details:
	state size: 295
	maximum depth: 11
with:
	plan: 0: (board f0 p2) 1: (up f0 f4) 2: (depart f4 p2) 3: (down f4 f3) 4: (board f3 p0) 5: (down f3 f2) 6: (board f2 p1) 7: (down f2 f0) 8: (depart f0 p0) 9: (depart f0 p1) 
	depth: 10
	time: 492.37 seconds
history:
	1: depth 1 in 0.12 seconds
	2: depth 2 in 0.11 seconds
	3: depth 3 in 0.11 seconds
	4: depth 4 in 0.10 seconds
	5: depth 5 in 0.10 seconds
	6: depth 6 in 0.11 seconds
	7: depth 7 in 0.11 seconds
	8: depth 8 in 0.11 seconds
	9: depth 9 in 0.10 seconds
output/logs/constructed/averaged/state90%-md11/valid/mixed-f6-p3-u0-v0-g0-a0-n0-a0-b0-n0-f0-r4.log
mixed-f6-p3-u0-v0-g0-a0-n0-a0-b0-n0-f0-r4 SOLVED!
problem details:
	state size: 332
	maximum depth: 11
with:
	plan: 0: (up f0 f3) 1: (board f3 p0) 2: (down f3 f2) 3: (board f2 p1) 4: (down f2 f0) 5: (depart f0 p1) 6: (board f0 p2) 7: (depart f0 p0) 8: (up f0 f4) 9: (depart f4 p2) 
	depth: 10
	time: 592.04 seconds
history:
	1: depth 1 in 0.12 seconds
	2: depth 2 in 0.10 seconds
	3: depth 3 in 0.10 seconds
	4: depth 4 in 0.10 seconds
	5: depth 5 in 0.10 seconds
	6: depth 6 in 0.10 seconds
	7: depth 7 in 0.11 seconds
	8: depth 8 in 0.11 seconds
	9: depth 9 in 0.10 seconds
output/logs/constructed/averaged/state100%-md11/valid/mixed-f6-p3-u0-v0-g0-a0-n0-a0-b0-n0-f0-r4.log
mixed-f6-p3-u0-v0-g0-a0-n0-a0-b0-n0-f0-r4 SOLVED!
problem details:
	state size: 369
	maximum depth: 11
with:
	plan: 0: (up f0 f3) 1: (board f3 p0) 2: (down f3 f2) 3: (board f2 p1) 4: (down f2 f0) 5: (depart f0 p0) 6: (board f0 p2) 7: (depart f0 p1) 8: (up f0 f4) 9: (depart f4 p2) 
	depth: 10
	time: 357.44 seconds
history:
	1: depth 1 in 0.11 seconds
	2: depth 2 in 0.11 seconds
	3: depth 3 in 0.11 seconds
	4: depth 4 in 0.11 seconds
	5: depth 5 in 0.10 seconds
	6: depth 6 in 0.11 seconds
	7: depth 7 in 0.11 seconds
	8: depth 8 in 0.11 seconds
	9: depth 9 in 0.12 seconds
