output/logs/constructed/averaged/state10%-md10/invalid/noPlanFound/mixed-f6-p3-u0-v0-g0-a0-n0-a0-b0-n0-f0-r1.log
mixed-f6-p3-u0-v0-g0-a0-n0-a0-b0-n0-f0-r1 FAILED
	reason failed: depth out
problem details:
	state size: 36
	maximum depth: 10
with
	depth: 10
	time: 0.15 seconds
history:
	1: depth 1 in 0.11 seconds
	2: depth 2 in 0.11 seconds
	3: depth 3 in 0.11 seconds
	4: depth 4 in 0.11 seconds
	5: depth 5 in 0.10 seconds
	6: depth 6 in 0.10 seconds
	7: depth 7 in 0.10 seconds
	8: depth 8 in 0.10 seconds
output/logs/constructed/averaged/state20%-md10/invalid/noPlanFound/mixed-f6-p3-u0-v0-g0-a0-n0-a0-b0-n0-f0-r1.log
mixed-f6-p3-u0-v0-g0-a0-n0-a0-b0-n0-f0-r1 FAILED
	reason failed: depth out
problem details:
	state size: 73
	maximum depth: 10
with
	depth: 10
	time: 642.97 seconds
history:
	1: depth 1 in 0.11 seconds
	2: depth 2 in 0.10 seconds
	3: depth 3 in 0.11 seconds
	4: depth 4 in 0.10 seconds
	5: depth 5 in 0.10 seconds
	6: depth 6 in 0.11 seconds
	7: depth 7 in 0.11 seconds
	8: depth 8 in 0.10 seconds
	9: depth 9 in 0.11 seconds
output/logs/constructed/averaged/state30%-md10/invalid/noPlanFound/mixed-f6-p3-u0-v0-g0-a0-n0-a0-b0-n0-f0-r1.log
mixed-f6-p3-u0-v0-g0-a0-n0-a0-b0-n0-f0-r1 FAILED
	reason failed: depth out
problem details:
	state size: 110
	maximum depth: 10
with
	depth: 10
	time: 198.63 seconds
history:
	1: depth 1 in 0.11 seconds
	2: depth 2 in 0.11 seconds
	3: depth 3 in 0.10 seconds
	4: depth 4 in 0.11 seconds
	5: depth 5 in 0.10 seconds
	6: depth 6 in 0.11 seconds
	7: depth 7 in 0.11 seconds
	8: depth 8 in 0.10 seconds
	9: depth 9 in 0.10 seconds
output/logs/constructed/averaged/state40%-md10/invalid/noPlanFound/mixed-f6-p3-u0-v0-g0-a0-n0-a0-b0-n0-f0-r1.log
mixed-f6-p3-u0-v0-g0-a0-n0-a0-b0-n0-f0-r1 FAILED
	reason failed: depth out
problem details:
	state size: 147
	maximum depth: 10
with
	depth: 10
	time: 391.72 seconds
history:
	1: depth 1 in 0.11 seconds
	2: depth 2 in 0.11 seconds
	3: depth 3 in 0.10 seconds
	4: depth 4 in 0.10 seconds
	5: depth 5 in 0.10 seconds
	6: depth 6 in 0.11 seconds
	7: depth 7 in 0.11 seconds
	8: depth 8 in 0.11 seconds
	9: depth 9 in 0.11 seconds
output/logs/constructed/averaged/state50%-md11/valid/mixed-f6-p3-u0-v0-g0-a0-n0-a0-b0-n0-f0-r1.log
mixed-f6-p3-u0-v0-g0-a0-n0-a0-b0-n0-f0-r1 SOLVED!
problem details:
	state size: 184
	maximum depth: 11
with:
	plan: 0: (up f0 f5) 1: (board f5 p1) 2: (down f5 f2) 3: (depart f2 p1) 4: (board f2 p0) 5: (up f2 f5) 6: (depart f5 p0) 7: (down f5 f4) 8: (board f4 p2) 9: (down f4 f1) 10: (depart f1 p2) 
	depth: 11
	time: 480.98 seconds
history:
	1: depth 1 in 0.11 seconds
	2: depth 2 in 0.11 seconds
	3: depth 3 in 0.10 seconds
	4: depth 4 in 0.10 seconds
	5: depth 5 in 0.11 seconds
	6: depth 6 in 0.10 seconds
	7: depth 7 in 0.10 seconds
	8: depth 8 in 0.11 seconds
	9: depth 9 in 0.10 seconds
	10: depth 10 in 342.79 seconds
output/logs/constructed/averaged/state60%-md11/valid/mixed-f6-p3-u0-v0-g0-a0-n0-a0-b0-n0-f0-r1.log
mixed-f6-p3-u0-v0-g0-a0-n0-a0-b0-n0-f0-r1 SOLVED!
problem details:
	state size: 221
	maximum depth: 11
with:
	plan: 0: (up f0 f4) 1: (board f4 p2) 2: (down f4 f1) 3: (depart f1 p2) 4: (up f1 f5) 5: (board f5 p1) 6: (down f5 f2) 7: (board f2 p0) 8: (depart f2 p1) 9: (up f2 f5) 10: (depart f5 p0) 
	depth: 11
	time: 334.93 seconds
history:
	1: depth 1 in 0.12 seconds
	2: depth 2 in 0.10 seconds
	3: depth 3 in 0.10 seconds
	4: depth 4 in 0.10 seconds
	5: depth 5 in 0.11 seconds
	6: depth 6 in 0.11 seconds
	7: depth 7 in 0.10 seconds
	8: depth 8 in 0.11 seconds
	9: depth 9 in 0.11 seconds
	10: depth 10 in 637.60 seconds
output/logs/constructed/averaged/state70%-md11/valid/mixed-f6-p3-u0-v0-g0-a0-n0-a0-b0-n0-f0-r1.log
mixed-f6-p3-u0-v0-g0-a0-n0-a0-b0-n0-f0-r1 SOLVED!
problem details:
	state size: 258
	maximum depth: 11
with:
	plan: 0: (up f0 f2) 1: (board f2 p0) 2: (up f2 f4) 3: (board f4 p2) 4: (down f4 f1) 5: (depart f1 p2) 6: (up f1 f5) 7: (depart f5 p0) 8: (board f5 p1) 9: (down f5 f2) 10: (depart f2 p1) 
	depth: 11
	time: 333.04 seconds
history:
	1: depth 1 in 0.12 seconds
	2: depth 2 in 0.11 seconds
	3: depth 3 in 0.10 seconds
	4: depth 4 in 0.10 seconds
	5: depth 5 in 0.10 seconds
	6: depth 6 in 0.10 seconds
	7: depth 7 in 0.11 seconds
	8: depth 8 in 0.10 seconds
	9: depth 9 in 0.10 seconds
	10: depth 10 in 180.97 seconds
output/logs/constructed/averaged/state80%-md11/valid/mixed-f6-p3-u0-v0-g0-a0-n0-a0-b0-n0-f0-r1.log
mixed-f6-p3-u0-v0-g0-a0-n0-a0-b0-n0-f0-r1 SOLVED!
problem details:
	state size: 295
	maximum depth: 11
with:
	plan: 0: (up f0 f5) 1: (board f5 p1) 2: (down f5 f2) 3: (board f2 p0) 4: (depart f2 p1) 5: (up f2 f4) 6: (board f4 p2) 7: (up f4 f5) 8: (depart f5 p0) 9: (down f5 f1) 10: (depart f1 p2) 
	depth: 11
	time: 273.61 seconds
history:
	1: depth 1 in 0.11 seconds
	2: depth 2 in 0.11 seconds
	3: depth 3 in 0.11 seconds
	4: depth 4 in 0.11 seconds
	5: depth 5 in 0.11 seconds
	6: depth 6 in 0.11 seconds
	7: depth 7 in 0.10 seconds
	8: depth 8 in 0.10 seconds
	9: depth 9 in 0.11 seconds
	10: depth 10 in 463.22 seconds
output/logs/constructed/averaged/state90%-md11/valid/mixed-f6-p3-u0-v0-g0-a0-n0-a0-b0-n0-f0-r1.log
mixed-f6-p3-u0-v0-g0-a0-n0-a0-b0-n0-f0-r1 SOLVED!
problem details:
	state size: 332
	maximum depth: 11
with:
	plan: 0: (up f0 f5) 1: (board f5 p1) 2: (down f5 f4) 3: (board f4 p2) 4: (down f4 f1) 5: (depart f1 p2) 6: (up f1 f2) 7: (depart f2 p1) 8: (board f2 p0) 9: (up f2 f5) 10: (depart f5 p0) 
	depth: 11
	time: 484.51 seconds
history:
	1: depth 1 in 0.12 seconds
	2: depth 2 in 0.10 seconds
	3: depth 3 in 0.10 seconds
	4: depth 4 in 0.11 seconds
	5: depth 5 in 0.11 seconds
	6: depth 6 in 0.10 seconds
	7: depth 7 in 0.10 seconds
	8: depth 8 in 0.10 seconds
	9: depth 9 in 0.10 seconds
	10: depth 10 in 344.17 seconds
output/logs/constructed/averaged/state100%-md11/valid/mixed-f6-p3-u0-v0-g0-a0-n0-a0-b0-n0-f0-r1.log
mixed-f6-p3-u0-v0-g0-a0-n0-a0-b0-n0-f0-r1 SOLVED!
problem details:
	state size: 369
	maximum depth: 11
with:
	plan: 0: (up f0 f2) 1: (board f2 p0) 2: (up f2 f4) 3: (board f4 p2) 4: (up f4 f5) 5: (depart f5 p0) 6: (board f5 p1) 7: (down f5 f1) 8: (depart f1 p2) 9: (up f1 f2) 10: (depart f2 p1) 
	depth: 11
	time: 673.37 seconds
history:
	1: depth 1 in 0.12 seconds
	2: depth 2 in 0.11 seconds
	3: depth 3 in 0.10 seconds
	4: depth 4 in 0.10 seconds
	5: depth 5 in 0.11 seconds
	6: depth 6 in 0.11 seconds
	7: depth 7 in 0.10 seconds
	8: depth 8 in 0.10 seconds
	9: depth 9 in 0.11 seconds
	10: depth 10 in 305.13 seconds
