output/logs/constructed/averaged/state10%-md10/invalid/noPlanFound/mixed-f4-p2-u0-v0-g0-a0-n0-a0-b0-n0-f0-r1.log
mixed-f4-p2-u0-v0-g0-a0-n0-a0-b0-n0-f0-r1 FAILED
	reason failed: no plan found
problem details:
	state size: 17
	maximum depth: 10
with
	depth: 7
	time: 0.12 seconds
history:
	1: depth 1 in 0.10 seconds
	2: depth 2 in 0.10 seconds
	3: depth 3 in 0.10 seconds
	4: depth 4 in 0.10 seconds
	5: depth 5 in 0.10 seconds
	6: depth 6 in 0.10 seconds
	7: depth 7 in 0.12 seconds
output/logs/constructed/averaged/state20%-md10/valid/mixed-f4-p2-u0-v0-g0-a0-n0-a0-b0-n0-f0-r1.log
mixed-f4-p2-u0-v0-g0-a0-n0-a0-b0-n0-f0-r1 SOLVED!
problem details:
	state size: 34
	maximum depth: 10
with:
	plan: 0: (board f0 p0) 1: (up f0 f3) 2: (board f3 p1) 3: (down f3 f1) 4: (depart f1 p0) 5: (down f1 f0) 6: (depart f0 p1) 
	depth: 7
	time: 10.61 seconds
history:
	1: depth 1 in 0.11 seconds
	2: depth 2 in 0.11 seconds
	3: depth 3 in 0.10 seconds
	4: depth 4 in 0.11 seconds
	5: depth 5 in 0.10 seconds
	6: depth 6 in 0.11 seconds
	7: depth 7 in 10.61 seconds
output/logs/constructed/averaged/state30%-md10/valid/mixed-f4-p2-u0-v0-g0-a0-n0-a0-b0-n0-f0-r1.log
mixed-f4-p2-u0-v0-g0-a0-n0-a0-b0-n0-f0-r1 SOLVED!
problem details:
	state size: 52
	maximum depth: 10
with:
	plan: 0: (board f0 p0) 1: (up f0 f3) 2: (board f3 p1) 3: (down f3 f0) 4: (depart f0 p1) 5: (up f0 f1) 6: (depart f1 p0) 
	depth: 7
	time: 11.17 seconds
history:
	1: depth 1 in 0.10 seconds
	2: depth 2 in 0.09 seconds
	3: depth 3 in 0.10 seconds
	4: depth 4 in 0.10 seconds
	5: depth 5 in 0.10 seconds
	6: depth 6 in 0.10 seconds
	7: depth 7 in 11.17 seconds
output/logs/constructed/averaged/state40%-md10/valid/mixed-f4-p2-u0-v0-g0-a0-n0-a0-b0-n0-f0-r1.log
mixed-f4-p2-u0-v0-g0-a0-n0-a0-b0-n0-f0-r1 SOLVED!
problem details:
	state size: 69
	maximum depth: 10
with:
	plan: 0: (board f0 p0) 1: (up f0 f1) 2: (depart f1 p0) 3: (up f1 f3) 4: (board f3 p1) 5: (down f3 f0) 6: (depart f0 p1) 
	depth: 7
	time: 9.04 seconds
history:
	1: depth 1 in 0.11 seconds
	2: depth 2 in 0.10 seconds
	3: depth 3 in 0.10 seconds
	4: depth 4 in 0.10 seconds
	5: depth 5 in 0.09 seconds
	6: depth 6 in 0.10 seconds
	7: depth 7 in 9.04 seconds
output/logs/constructed/averaged/state50%-md11/valid/mixed-f4-p2-u0-v0-g0-a0-n0-a0-b0-n0-f0-r1.log
mixed-f4-p2-u0-v0-g0-a0-n0-a0-b0-n0-f0-r1 SOLVED!
problem details:
	state size: 87
	maximum depth: 11
with:
	plan: 0: (up f0 f3) 1: (board f3 p1) 2: (down f3 f0) 3: (board f0 p0) 4: (depart f0 p1) 5: (up f0 f1) 6: (depart f1 p0) 
	depth: 7
	time: 9.39 seconds
history:
	1: depth 1 in 0.10 seconds
	2: depth 2 in 0.10 seconds
	3: depth 3 in 0.10 seconds
	4: depth 4 in 0.09 seconds
	5: depth 5 in 0.10 seconds
	6: depth 6 in 0.10 seconds
	7: depth 7 in 9.39 seconds
output/logs/constructed/averaged/state60%-md11/valid/mixed-f4-p2-u0-v0-g0-a0-n0-a0-b0-n0-f0-r1.log
mixed-f4-p2-u0-v0-g0-a0-n0-a0-b0-n0-f0-r1 SOLVED!
problem details:
	state size: 104
	maximum depth: 11
with:
	plan: 0: (up f0 f3) 1: (board f3 p1) 2: (down f3 f0) 3: (board f0 p0) 4: (depart f0 p1) 5: (up f0 f1) 6: (depart f1 p0) 
	depth: 7
	time: 11.52 seconds
history:
	1: depth 1 in 0.10 seconds
	2: depth 2 in 0.09 seconds
	3: depth 3 in 0.09 seconds
	4: depth 4 in 0.09 seconds
	5: depth 5 in 0.09 seconds
	6: depth 6 in 0.10 seconds
	7: depth 7 in 11.52 seconds
output/logs/constructed/averaged/state70%-md11/valid/mixed-f4-p2-u0-v0-g0-a0-n0-a0-b0-n0-f0-r1.log
mixed-f4-p2-u0-v0-g0-a0-n0-a0-b0-n0-f0-r1 SOLVED!
problem details:
	state size: 121
	maximum depth: 11
with:
	plan: 0: (board f0 p0) 1: (up f0 f3) 2: (board f3 p1) 3: (down f3 f1) 4: (depart f1 p0) 5: (down f1 f0) 6: (depart f0 p1) 
	depth: 7
	time: 11.99 seconds
history:
	1: depth 1 in 0.11 seconds
	2: depth 2 in 0.10 seconds
	3: depth 3 in 0.10 seconds
	4: depth 4 in 0.09 seconds
	5: depth 5 in 0.10 seconds
	6: depth 6 in 0.09 seconds
	7: depth 7 in 11.99 seconds
output/logs/constructed/averaged/state80%-md11/valid/mixed-f4-p2-u0-v0-g0-a0-n0-a0-b0-n0-f0-r1.log
mixed-f4-p2-u0-v0-g0-a0-n0-a0-b0-n0-f0-r1 SOLVED!
problem details:
	state size: 139
	maximum depth: 11
with:
	plan: 0: (up f0 f3) 1: (board f3 p1) 2: (down f3 f0) 3: (depart f0 p1) 4: (board f0 p0) 5: (up f0 f1) 6: (depart f1 p0) 
	depth: 7
	time: 12.44 seconds
history:
	1: depth 1 in 0.11 seconds
	2: depth 2 in 0.10 seconds
	3: depth 3 in 0.10 seconds
	4: depth 4 in 0.10 seconds
	5: depth 5 in 0.10 seconds
	6: depth 6 in 0.10 seconds
	7: depth 7 in 12.44 seconds
output/logs/constructed/averaged/state90%-md11/valid/mixed-f4-p2-u0-v0-g0-a0-n0-a0-b0-n0-f0-r1.log
mixed-f4-p2-u0-v0-g0-a0-n0-a0-b0-n0-f0-r1 SOLVED!
problem details:
	state size: 156
	maximum depth: 11
with:
	plan: 0: (board f0 p0) 1: (up f0 f3) 2: (board f3 p1) 3: (down f3 f1) 4: (depart f1 p0) 5: (down f1 f0) 6: (depart f0 p1) 
	depth: 7
	time: 11.53 seconds
history:
	1: depth 1 in 0.12 seconds
	2: depth 2 in 0.10 seconds
	3: depth 3 in 0.10 seconds
	4: depth 4 in 0.10 seconds
	5: depth 5 in 0.10 seconds
	6: depth 6 in 0.10 seconds
	7: depth 7 in 11.53 seconds
output/logs/constructed/averaged/state100%-md11/valid/mixed-f4-p2-u0-v0-g0-a0-n0-a0-b0-n0-f0-r1.log
mixed-f4-p2-u0-v0-g0-a0-n0-a0-b0-n0-f0-r1 SOLVED!
problem details:
	state size: 174
	maximum depth: 11
with:
	plan: 0: (up f0 f3) 1: (board f3 p1) 2: (down f3 f0) 3: (depart f0 p1) 4: (board f0 p0) 5: (up f0 f1) 6: (depart f1 p0) 
	depth: 7
	time: 13.11 seconds
history:
	1: depth 1 in 0.11 seconds
	2: depth 2 in 0.10 seconds
	3: depth 3 in 0.10 seconds
	4: depth 4 in 0.09 seconds
	5: depth 5 in 0.09 seconds
	6: depth 6 in 0.09 seconds
	7: depth 7 in 13.11 seconds
