blocks-4-0 FAILED
	reason failed: depth out
problem details:
	state size: 13
	maximum depth: 10
with
	depth: 10
	time: 1.77 seconds
history:
	1: depth 1 in 0.10 seconds
	2: depth 2 in 0.09 seconds
	3: depth 3 in 0.10 seconds
	4: depth 4 in 0.09 seconds
	5: depth 5 in 0.72 seconds
	6: depth 6 in 0.89 seconds
	7: depth 7 in 1.02 seconds
	8: depth 8 in 1.31 seconds
	9: depth 9 in 1.44 seconds
	10: depth 10 in 1.77 seconds
breakbreakbreak
blocks-4-0 FAILED
	reason failed: depth out
problem details:
	state size: 13
	maximum depth: 10
with
	depth: 10
	time: 1.68 seconds
history:
	1: depth 1 in 0.10 seconds
	2: depth 2 in 0.10 seconds
	3: depth 3 in 0.09 seconds
	4: depth 4 in 0.09 seconds
	5: depth 5 in 0.70 seconds
	6: depth 6 in 0.90 seconds
	7: depth 7 in 1.07 seconds
	8: depth 8 in 1.36 seconds
	9: depth 9 in 1.48 seconds
	10: depth 10 in 1.68 seconds
breakbreakbreak
blocks-4-0 FAILED
	reason failed: depth out
problem details:
	state size: 13
	maximum depth: 10
with
	depth: 10
	time: 1.66 seconds
history:
	1: depth 1 in 0.08 seconds
	2: depth 2 in 0.09 seconds
	3: depth 3 in 0.09 seconds
	4: depth 4 in 0.08 seconds
	5: depth 5 in 0.68 seconds
	6: depth 6 in 0.87 seconds
	7: depth 7 in 1.07 seconds
	8: depth 8 in 1.42 seconds
	9: depth 9 in 1.55 seconds
	10: depth 10 in 1.66 seconds
breakbreakbreak
blocks-4-0 FAILED
	reason failed: depth out
problem details:
	state size: 13
	maximum depth: 10
with
	depth: 10
	time: 1.65 seconds
history:
	1: depth 1 in 0.09 seconds
	2: depth 2 in 0.08 seconds
	3: depth 3 in 0.07 seconds
	4: depth 4 in 0.08 seconds
	5: depth 5 in 0.75 seconds
	6: depth 6 in 0.85 seconds
	7: depth 7 in 1.01 seconds
	8: depth 8 in 1.34 seconds
	9: depth 9 in 1.46 seconds
	10: depth 10 in 1.65 seconds
breakbreakbreak
blocks-4-0 FAILED
	reason failed: depth out
problem details:
	state size: 13
	maximum depth: 10
with
	depth: 10
	time: 1.66 seconds
history:
	1: depth 1 in 0.11 seconds
	2: depth 2 in 0.09 seconds
	3: depth 3 in 0.10 seconds
	4: depth 4 in 0.08 seconds
	5: depth 5 in 0.68 seconds
	6: depth 6 in 0.89 seconds
	7: depth 7 in 1.05 seconds
	8: depth 8 in 1.34 seconds
	9: depth 9 in 1.46 seconds
	10: depth 10 in 1.66 seconds
breakbreakbreak
blocks-4-0 FAILED
	reason failed: depth out
problem details:
	state size: 13
	maximum depth: 10
with
	depth: 10
	time: 1.66 seconds
history:
	1: depth 1 in 0.10 seconds
	2: depth 2 in 0.09 seconds
	3: depth 3 in 0.10 seconds
	4: depth 4 in 0.09 seconds
	5: depth 5 in 0.72 seconds
	6: depth 6 in 0.87 seconds
	7: depth 7 in 1.02 seconds
	8: depth 8 in 1.33 seconds
	9: depth 9 in 1.64 seconds
	10: depth 10 in 1.66 seconds
breakbreakbreak
blocks-4-0 FAILED
	reason failed: depth out
problem details:
	state size: 13
	maximum depth: 10
with
	depth: 10
	time: 1.79 seconds
history:
	1: depth 1 in 0.09 seconds
	2: depth 2 in 0.08 seconds
	3: depth 3 in 0.10 seconds
	4: depth 4 in 0.08 seconds
	5: depth 5 in 0.67 seconds
	6: depth 6 in 0.89 seconds
	7: depth 7 in 1.09 seconds
	8: depth 8 in 1.34 seconds
	9: depth 9 in 1.49 seconds
	10: depth 10 in 1.79 seconds
breakbreakbreak
blocks-4-0 FAILED
	reason failed: depth out
problem details:
	state size: 13
	maximum depth: 10
with
	depth: 10
	time: 1.74 seconds
history:
	1: depth 1 in 0.09 seconds
	2: depth 2 in 0.10 seconds
	3: depth 3 in 0.10 seconds
	4: depth 4 in 0.08 seconds
	5: depth 5 in 0.68 seconds
	6: depth 6 in 0.87 seconds
	7: depth 7 in 1.03 seconds
	8: depth 8 in 1.48 seconds
	9: depth 9 in 1.44 seconds
	10: depth 10 in 1.74 seconds
breakbreakbreak
blocks-4-0 FAILED
	reason failed: depth out
problem details:
	state size: 13
	maximum depth: 10
with
	depth: 10
	time: 1.75 seconds
history:
	1: depth 1 in 0.10 seconds
	2: depth 2 in 0.10 seconds
	3: depth 3 in 0.08 seconds
	4: depth 4 in 0.09 seconds
	5: depth 5 in 0.70 seconds
	6: depth 6 in 0.87 seconds
	7: depth 7 in 1.05 seconds
	8: depth 8 in 1.38 seconds
	9: depth 9 in 1.50 seconds
	10: depth 10 in 1.75 seconds
breakbreakbreak
blocks-4-0 FAILED
	reason failed: depth out
problem details:
	state size: 13
	maximum depth: 10
with
	depth: 10
	time: 1.71 seconds
history:
	1: depth 1 in 0.09 seconds
	2: depth 2 in 0.09 seconds
	3: depth 3 in 0.07 seconds
	4: depth 4 in 0.09 seconds
	5: depth 5 in 0.67 seconds
	6: depth 6 in 0.89 seconds
	7: depth 7 in 1.05 seconds
	8: depth 8 in 1.43 seconds
	9: depth 9 in 1.45 seconds
	10: depth 10 in 1.71 seconds
