p01-net1-b6-g2_rt0_instance FAILED
	reason failed: timeout
problem details:
	state size: 1377
	depth timeout: 300
with
	no plan found
	depth: 32
	time: 300.00 seconds
history:
	0: depth 1 in 4.22 seconds
	1: depth 2 in 4.18 seconds
	2: depth 3 in 4.31 seconds
	3: depth 4 in 4.26 seconds
	4: depth 5 in 4.12 seconds
	5: depth 6 in 4.22 seconds
	6: depth 7 in 4.24 seconds
	7: depth 8 in 4.18 seconds
	8: depth 9 in 4.23 seconds
	9: depth 10 in 4.31 seconds
	10: depth 11 in 4.27 seconds
	11: depth 12 in 4.29 seconds
	12: depth 13 in 4.33 seconds
	13: depth 14 in 4.31 seconds
	14: depth 15 in 4.34 seconds
	15: depth 16 in 4.20 seconds
	16: depth 17 in 4.25 seconds
	17: depth 18 in 4.17 seconds
	18: depth 19 in 4.23 seconds
	19: depth 20 in 4.28 seconds
	20: depth 21 in 4.22 seconds
	21: depth 22 in 4.28 seconds
	22: depth 23 in 4.31 seconds
	23: depth 24 in 4.42 seconds
	24: depth 25 in 4.49 seconds
	25: depth 26 in 4.38 seconds
	26: depth 27 in 4.18 seconds
	27: depth 28 in 4.24 seconds
	28: depth 29 in 4.21 seconds
	29: depth 30 in 4.25 seconds
	30: depth 31 in 4.36 seconds
