p10-net1-b14-g8_rt0_instance FAILED
	reason failed: timeout
problem details:
	state size: 3129
	depth timeout: 300
with
	no plan found
	depth: 49
	time: 300.00 seconds
history:
	0: depth 1 in 16.29 seconds
	1: depth 2 in 16.33 seconds
	2: depth 3 in 16.38 seconds
	3: depth 4 in 16.48 seconds
	4: depth 5 in 16.16 seconds
	5: depth 6 in 16.57 seconds
	6: depth 7 in 16.21 seconds
	7: depth 8 in 16.18 seconds
	8: depth 9 in 16.12 seconds
	9: depth 10 in 16.56 seconds
	10: depth 11 in 16.43 seconds
	11: depth 12 in 16.59 seconds
	12: depth 13 in 16.74 seconds
	13: depth 14 in 16.59 seconds
	14: depth 15 in 16.30 seconds
	15: depth 16 in 16.71 seconds
	16: depth 17 in 16.19 seconds
	17: depth 18 in 16.51 seconds
	18: depth 19 in 16.23 seconds
	19: depth 20 in 16.39 seconds
	20: depth 21 in 16.01 seconds
	21: depth 22 in 16.48 seconds
	22: depth 23 in 16.21 seconds
	23: depth 24 in 16.32 seconds
	24: depth 25 in 16.23 seconds
	25: depth 26 in 16.81 seconds
	26: depth 27 in 15.96 seconds
	27: depth 28 in 16.52 seconds
	28: depth 29 in 16.27 seconds
	29: depth 30 in 16.55 seconds
	30: depth 31 in 16.15 seconds
	31: depth 32 in 16.63 seconds
	32: depth 33 in 16.22 seconds
	33: depth 34 in 16.23 seconds
	34: depth 35 in 16.60 seconds
	35: depth 36 in 16.39 seconds
	36: depth 37 in 16.49 seconds
	37: depth 38 in 16.38 seconds
	38: depth 39 in 16.43 seconds
	39: depth 40 in 16.44 seconds
	40: depth 41 in 16.10 seconds
	41: depth 42 in 16.32 seconds
	42: depth 43 in 16.25 seconds
	43: depth 44 in 16.39 seconds
	44: depth 45 in 16.70 seconds
	45: depth 46 in 16.28 seconds
	46: depth 47 in 16.61 seconds
	47: depth 48 in 16.68 seconds
