p11-net2-b10-g2_rt0_instance FAILED
	reason failed: timeout
problem details:
	state size: 1501
	depth timeout: 300
with
	no plan found
	depth: 33
	time: 300.00 seconds
history:
	0: depth 1 in 4.81 seconds
	1: depth 2 in 4.72 seconds
	2: depth 3 in 4.78 seconds
	3: depth 4 in 4.82 seconds
	4: depth 5 in 4.69 seconds
	5: depth 6 in 4.79 seconds
	6: depth 7 in 4.86 seconds
	7: depth 8 in 4.82 seconds
	8: depth 9 in 4.75 seconds
	9: depth 10 in 4.96 seconds
	10: depth 11 in 5.15 seconds
	11: depth 12 in 4.95 seconds
	12: depth 13 in 4.85 seconds
	13: depth 14 in 4.91 seconds
	14: depth 15 in 4.97 seconds
	15: depth 16 in 4.77 seconds
	16: depth 17 in 4.67 seconds
	17: depth 18 in 4.75 seconds
	18: depth 19 in 4.79 seconds
	19: depth 20 in 4.69 seconds
	20: depth 21 in 4.77 seconds
	21: depth 22 in 4.98 seconds
	22: depth 23 in 4.89 seconds
	23: depth 24 in 4.69 seconds
	24: depth 25 in 4.67 seconds
	25: depth 26 in 4.60 seconds
	26: depth 27 in 4.70 seconds
	27: depth 28 in 4.77 seconds
	28: depth 29 in 4.98 seconds
	29: depth 30 in 4.60 seconds
	30: depth 31 in 4.66 seconds
	31: depth 32 in 4.72 seconds
