p12-net2-b10-g4_rt0_instance FAILED
	reason failed: timeout
problem details:
	state size: 2023
	depth timeout: 300
with
	no plan found
	depth: 39
	time: 300.00 seconds
history:
	0: depth 1 in 7.81 seconds
	1: depth 2 in 7.70 seconds
	2: depth 3 in 7.57 seconds
	3: depth 4 in 7.78 seconds
	4: depth 5 in 7.93 seconds
	5: depth 6 in 7.79 seconds
	6: depth 7 in 7.62 seconds
	7: depth 8 in 7.91 seconds
	8: depth 9 in 7.87 seconds
	9: depth 10 in 7.70 seconds
	10: depth 11 in 7.72 seconds
	11: depth 12 in 7.65 seconds
	12: depth 13 in 7.70 seconds
	13: depth 14 in 7.90 seconds
	14: depth 15 in 7.69 seconds
	15: depth 16 in 7.61 seconds
	16: depth 17 in 7.69 seconds
	17: depth 18 in 7.76 seconds
	18: depth 19 in 7.84 seconds
	19: depth 20 in 7.95 seconds
	20: depth 21 in 7.98 seconds
	21: depth 22 in 7.81 seconds
	22: depth 23 in 7.74 seconds
	23: depth 24 in 7.82 seconds
	24: depth 25 in 7.67 seconds
	25: depth 26 in 7.94 seconds
	26: depth 27 in 7.77 seconds
	27: depth 28 in 7.77 seconds
	28: depth 29 in 7.77 seconds
	29: depth 30 in 7.92 seconds
	30: depth 31 in 7.98 seconds
	31: depth 32 in 7.93 seconds
	32: depth 33 in 7.69 seconds
	33: depth 34 in 7.67 seconds
	34: depth 35 in 7.81 seconds
	35: depth 36 in 8.06 seconds
	36: depth 37 in 7.76 seconds
	37: depth 38 in 7.71 seconds
