p13-net2-b12-g3_rt0_instance FAILED
	reason failed: timeout
problem details:
	state size: 3201
	depth timeout: 300
with
	no plan found
	depth: 50
	time: 300.00 seconds
history:
	0: depth 1 in 17.40 seconds
	1: depth 2 in 17.76 seconds
	2: depth 3 in 17.22 seconds
	3: depth 4 in 17.95 seconds
	4: depth 5 in 17.31 seconds
	5: depth 6 in 17.59 seconds
	6: depth 7 in 17.30 seconds
	7: depth 8 in 17.69 seconds
	8: depth 9 in 18.01 seconds
	9: depth 10 in 17.85 seconds
	10: depth 11 in 17.41 seconds
	11: depth 12 in 17.58 seconds
	12: depth 13 in 17.26 seconds
	13: depth 14 in 17.60 seconds
	14: depth 15 in 17.31 seconds
	15: depth 16 in 17.59 seconds
	16: depth 17 in 17.29 seconds
	17: depth 18 in 17.93 seconds
	18: depth 19 in 17.01 seconds
	19: depth 20 in 17.33 seconds
	20: depth 21 in 17.06 seconds
	21: depth 22 in 17.70 seconds
	22: depth 23 in 17.72 seconds
	23: depth 24 in 17.82 seconds
	24: depth 25 in 17.75 seconds
	25: depth 26 in 17.61 seconds
	26: depth 27 in 17.51 seconds
	27: depth 28 in 17.44 seconds
	28: depth 29 in 17.40 seconds
	29: depth 30 in 17.43 seconds
	30: depth 31 in 17.31 seconds
	31: depth 32 in 17.68 seconds
	32: depth 33 in 17.63 seconds
	33: depth 34 in 17.55 seconds
	34: depth 35 in 17.39 seconds
	35: depth 36 in 17.44 seconds
	36: depth 37 in 17.65 seconds
	37: depth 38 in 17.47 seconds
	38: depth 39 in 17.57 seconds
	39: depth 40 in 17.75 seconds
	40: depth 41 in 17.85 seconds
	41: depth 42 in 17.73 seconds
	42: depth 43 in 17.26 seconds
	43: depth 44 in 17.96 seconds
	44: depth 45 in 17.20 seconds
	45: depth 46 in 17.42 seconds
	46: depth 47 in 17.77 seconds
	47: depth 48 in 17.44 seconds
	48: depth 49 in 17.30 seconds
