p16-net2-b14-g6_rt0_instance FAILED
	reason failed: timeout
problem details:
	state size: 4629
	depth timeout: 300
with
	no plan found
	depth: 61
	time: 300.00 seconds
history:
	0: depth 1 in 33.71 seconds
	1: depth 2 in 33.33 seconds
	2: depth 3 in 33.30 seconds
	3: depth 4 in 33.12 seconds
	4: depth 5 in 32.92 seconds
	5: depth 6 in 32.93 seconds
	6: depth 7 in 33.25 seconds
	7: depth 8 in 32.86 seconds
	8: depth 9 in 33.48 seconds
	9: depth 10 in 33.37 seconds
	10: depth 11 in 32.96 seconds
	11: depth 12 in 32.95 seconds
	12: depth 13 in 32.91 seconds
	13: depth 14 in 33.21 seconds
	14: depth 15 in 32.93 seconds
	15: depth 16 in 32.90 seconds
	16: depth 17 in 33.20 seconds
	17: depth 18 in 32.93 seconds
	18: depth 19 in 33.17 seconds
	19: depth 20 in 32.68 seconds
	20: depth 21 in 32.89 seconds
	21: depth 22 in 33.03 seconds
	22: depth 23 in 33.46 seconds
	23: depth 24 in 32.94 seconds
	24: depth 25 in 33.29 seconds
	25: depth 26 in 32.99 seconds
	26: depth 27 in 33.18 seconds
	27: depth 28 in 33.47 seconds
	28: depth 29 in 32.84 seconds
	29: depth 30 in 32.96 seconds
	30: depth 31 in 33.59 seconds
	31: depth 32 in 33.29 seconds
	32: depth 33 in 33.52 seconds
	33: depth 34 in 33.05 seconds
	34: depth 35 in 32.72 seconds
	35: depth 36 in 32.87 seconds
	36: depth 37 in 33.00 seconds
	37: depth 38 in 33.57 seconds
	38: depth 39 in 33.04 seconds
	39: depth 40 in 32.92 seconds
	40: depth 41 in 33.17 seconds
	41: depth 42 in 32.75 seconds
	42: depth 43 in 33.34 seconds
	43: depth 44 in 32.69 seconds
	44: depth 45 in 33.17 seconds
	45: depth 46 in 33.18 seconds
	46: depth 47 in 33.30 seconds
	47: depth 48 in 32.80 seconds
	48: depth 49 in 33.54 seconds
	49: depth 50 in 32.91 seconds
	50: depth 51 in 33.17 seconds
	51: depth 52 in 33.53 seconds
	52: depth 53 in 32.88 seconds
	53: depth 54 in 33.49 seconds
	54: depth 55 in 32.97 seconds
	55: depth 56 in 33.47 seconds
	56: depth 57 in 32.68 seconds
	57: depth 58 in 33.41 seconds
	58: depth 59 in 33.21 seconds
	59: depth 60 in 33.28 seconds
