p17-net2-b16-g5_rt0_instance FAILED
	reason failed: timeout
problem details:
	state size: 2537
	depth timeout: 300
with
	no plan found
	depth: 43
	time: 300.00 seconds
history:
	0: depth 1 in 11.07 seconds
	1: depth 2 in 11.00 seconds
	2: depth 3 in 11.15 seconds
	3: depth 4 in 11.26 seconds
	4: depth 5 in 10.78 seconds
	5: depth 6 in 11.08 seconds
	6: depth 7 in 11.13 seconds
	7: depth 8 in 11.14 seconds
	8: depth 9 in 11.08 seconds
	9: depth 10 in 11.30 seconds
	10: depth 11 in 11.05 seconds
	11: depth 12 in 11.15 seconds
	12: depth 13 in 11.80 seconds
	13: depth 14 in 10.97 seconds
	14: depth 15 in 11.27 seconds
	15: depth 16 in 11.31 seconds
	16: depth 17 in 11.27 seconds
	17: depth 18 in 11.28 seconds
	18: depth 19 in 11.12 seconds
	19: depth 20 in 11.17 seconds
	20: depth 21 in 11.24 seconds
	21: depth 22 in 11.20 seconds
	22: depth 23 in 11.11 seconds
	23: depth 24 in 11.29 seconds
	24: depth 25 in 11.10 seconds
	25: depth 26 in 10.78 seconds
	26: depth 27 in 11.19 seconds
	27: depth 28 in 11.11 seconds
	28: depth 29 in 11.31 seconds
	29: depth 30 in 11.05 seconds
	30: depth 31 in 11.20 seconds
	31: depth 32 in 11.71 seconds
	32: depth 33 in 10.85 seconds
	33: depth 34 in 10.96 seconds
	34: depth 35 in 11.14 seconds
	35: depth 36 in 11.35 seconds
	36: depth 37 in 11.34 seconds
	37: depth 38 in 11.16 seconds
	38: depth 39 in 10.87 seconds
	39: depth 40 in 10.99 seconds
	40: depth 41 in 11.65 seconds
	41: depth 42 in 11.19 seconds
