p18-net2-b16-g7_rt0_instance FAILED
	reason failed: timeout
problem details:
	state size: 4147
	depth timeout: 300
with
	no plan found
	depth: 57
	time: 300.00 seconds
history:
	0: depth 1 in 27.78 seconds
	1: depth 2 in 28.00 seconds
	2: depth 3 in 27.98 seconds
	3: depth 4 in 27.50 seconds
	4: depth 5 in 27.27 seconds
	5: depth 6 in 27.99 seconds
	6: depth 7 in 27.42 seconds
	7: depth 8 in 27.59 seconds
	8: depth 9 in 27.60 seconds
	9: depth 10 in 27.92 seconds
	10: depth 11 in 27.36 seconds
	11: depth 12 in 27.91 seconds
	12: depth 13 in 27.61 seconds
	13: depth 14 in 27.85 seconds
	14: depth 15 in 27.78 seconds
	15: depth 16 in 28.00 seconds
	16: depth 17 in 27.18 seconds
	17: depth 18 in 27.98 seconds
	18: depth 19 in 27.71 seconds
	19: depth 20 in 27.61 seconds
	20: depth 21 in 27.83 seconds
	21: depth 22 in 28.08 seconds
	22: depth 23 in 27.70 seconds
	23: depth 24 in 27.08 seconds
	24: depth 25 in 28.12 seconds
	25: depth 26 in 27.81 seconds
	26: depth 27 in 27.65 seconds
	27: depth 28 in 27.94 seconds
	28: depth 29 in 27.37 seconds
	29: depth 30 in 27.79 seconds
	30: depth 31 in 27.66 seconds
	31: depth 32 in 27.55 seconds
	32: depth 33 in 27.96 seconds
	33: depth 34 in 27.74 seconds
	34: depth 35 in 28.05 seconds
	35: depth 36 in 27.79 seconds
	36: depth 37 in 27.70 seconds
	37: depth 38 in 28.00 seconds
	38: depth 39 in 27.73 seconds
	39: depth 40 in 27.83 seconds
	40: depth 41 in 26.92 seconds
	41: depth 42 in 27.83 seconds
	42: depth 43 in 27.67 seconds
	43: depth 44 in 28.05 seconds
	44: depth 45 in 28.14 seconds
	45: depth 46 in 27.93 seconds
	46: depth 47 in 27.70 seconds
	47: depth 48 in 27.74 seconds
	48: depth 49 in 28.03 seconds
	49: depth 50 in 27.20 seconds
	50: depth 51 in 27.95 seconds
	51: depth 52 in 27.59 seconds
	52: depth 53 in 27.85 seconds
	53: depth 54 in 27.92 seconds
	54: depth 55 in 27.62 seconds
	55: depth 56 in 27.51 seconds
