p19-net2-b18-g6_rt0_instance FAILED
	reason failed: timeout
problem details:
	state size: 4467
	depth timeout: 300
with
	no plan found
	depth: 59
	time: 300.00 seconds
history:
	0: depth 1 in 28.66 seconds
	1: depth 2 in 27.91 seconds
	2: depth 3 in 29.01 seconds
	3: depth 4 in 28.37 seconds
	4: depth 5 in 28.17 seconds
	5: depth 6 in 28.09 seconds
	6: depth 7 in 28.76 seconds
	7: depth 8 in 28.28 seconds
	8: depth 9 in 28.45 seconds
	9: depth 10 in 28.12 seconds
	10: depth 11 in 28.35 seconds
	11: depth 12 in 27.93 seconds
	12: depth 13 in 28.57 seconds
	13: depth 14 in 28.61 seconds
	14: depth 15 in 28.68 seconds
	15: depth 16 in 28.97 seconds
	16: depth 17 in 28.84 seconds
	17: depth 18 in 28.63 seconds
	18: depth 19 in 28.89 seconds
	19: depth 20 in 28.76 seconds
	20: depth 21 in 28.56 seconds
	21: depth 22 in 28.18 seconds
	22: depth 23 in 28.59 seconds
	23: depth 24 in 28.40 seconds
	24: depth 25 in 28.57 seconds
	25: depth 26 in 28.54 seconds
	26: depth 27 in 28.89 seconds
	27: depth 28 in 28.71 seconds
	28: depth 29 in 28.50 seconds
	29: depth 30 in 28.45 seconds
	30: depth 31 in 28.35 seconds
	31: depth 32 in 28.49 seconds
	32: depth 33 in 28.87 seconds
	33: depth 34 in 28.22 seconds
	34: depth 35 in 28.35 seconds
	35: depth 36 in 29.08 seconds
	36: depth 37 in 28.69 seconds
	37: depth 38 in 28.63 seconds
	38: depth 39 in 28.86 seconds
	39: depth 40 in 28.66 seconds
	40: depth 41 in 28.22 seconds
	41: depth 42 in 28.76 seconds
	42: depth 43 in 28.96 seconds
	43: depth 44 in 28.77 seconds
	44: depth 45 in 28.87 seconds
	45: depth 46 in 28.31 seconds
	46: depth 47 in 28.85 seconds
	47: depth 48 in 28.50 seconds
	48: depth 49 in 28.39 seconds
	49: depth 50 in 28.91 seconds
	50: depth 51 in 28.56 seconds
	51: depth 52 in 28.55 seconds
	52: depth 53 in 28.48 seconds
	53: depth 54 in 28.64 seconds
	54: depth 55 in 28.51 seconds
	55: depth 56 in 28.54 seconds
	56: depth 57 in 28.89 seconds
	57: depth 58 in 28.32 seconds
