p20-net2-b18-g8_rt0_instance FAILED
	reason failed: timeout
problem details:
	state size: 8235
	depth timeout: 300
with
	no plan found
	depth: 83
	time: 300.00 seconds
history:
	0: depth 1 in 3.12 seconds
	1: depth 2 in 4.05 seconds
	2: depth 3 in 4.74 seconds
	3: depth 4 in 5.56 seconds
	4: depth 5 in 6.52 seconds
	5: depth 6 in 7.17 seconds
	6: depth 7 in 8.01 seconds
	7: depth 8 in 8.81 seconds
	8: depth 9 in 9.76 seconds
	9: depth 10 in 10.62 seconds
	10: depth 11 in 11.68 seconds
	11: depth 12 in 12.33 seconds
	12: depth 13 in 13.11 seconds
	13: depth 14 in 14.01 seconds
	14: depth 15 in 14.68 seconds
	15: depth 16 in 15.31 seconds
	16: depth 17 in 16.30 seconds
	17: depth 18 in 17.04 seconds
	18: depth 19 in 18.01 seconds
	19: depth 20 in 18.82 seconds
	20: depth 21 in 19.43 seconds
	21: depth 22 in 20.21 seconds
	22: depth 23 in 21.67 seconds
	23: depth 24 in 21.83 seconds
	24: depth 25 in 22.61 seconds
	25: depth 26 in 23.55 seconds
	26: depth 27 in 24.52 seconds
	27: depth 28 in 25.29 seconds
	28: depth 29 in 26.58 seconds
	29: depth 30 in 27.55 seconds
	30: depth 31 in 28.10 seconds
	31: depth 32 in 29.11 seconds
	32: depth 33 in 30.09 seconds
	33: depth 34 in 30.41 seconds
	34: depth 35 in 30.99 seconds
	35: depth 36 in 32.16 seconds
	36: depth 37 in 32.77 seconds
	37: depth 38 in 33.38 seconds
	38: depth 39 in 35.22 seconds
	39: depth 40 in 35.13 seconds
	40: depth 41 in 36.13 seconds
	41: depth 42 in 36.80 seconds
	42: depth 43 in 38.31 seconds
	43: depth 44 in 39.02 seconds
	44: depth 45 in 40.06 seconds
	45: depth 46 in 41.04 seconds
	46: depth 47 in 41.42 seconds
	47: depth 48 in 42.64 seconds
	48: depth 49 in 42.41 seconds
	49: depth 50 in 43.65 seconds
	50: depth 51 in 44.16 seconds
	51: depth 52 in 46.06 seconds
	52: depth 53 in 46.90 seconds
	53: depth 54 in 47.49 seconds
	54: depth 55 in 48.48 seconds
	55: depth 56 in 49.06 seconds
	56: depth 57 in 49.06 seconds
	57: depth 58 in 50.62 seconds
	58: depth 59 in 50.55 seconds
	59: depth 60 in 52.90 seconds
	60: depth 61 in 53.15 seconds
	61: depth 62 in 54.50 seconds
	62: depth 63 in 54.26 seconds
	63: depth 64 in 55.90 seconds
	64: depth 65 in 55.71 seconds
	65: depth 66 in 57.26 seconds
	66: depth 67 in 58.21 seconds
	67: depth 68 in 59.12 seconds
	68: depth 69 in 59.18 seconds
	69: depth 70 in 59.83 seconds
	70: depth 71 in 61.28 seconds
	71: depth 72 in 61.92 seconds
	72: depth 73 in 63.36 seconds
	73: depth 74 in 63.25 seconds
	74: depth 75 in 65.58 seconds
	75: depth 76 in 65.46 seconds
	76: depth 77 in 67.16 seconds
	77: depth 78 in 67.97 seconds
	78: depth 79 in 67.95 seconds
	79: depth 80 in 69.79 seconds
	80: depth 81 in 69.37 seconds
	81: depth 82 in 71.41 seconds
