p21-net3-b12-g2_rt0_instance FAILED
	reason failed: timeout
problem details:
	state size: 3732
	depth timeout: 300
with
	no plan found
	depth: 53
	time: 300.00 seconds
history:
	0: depth 1 in 21.82 seconds
	1: depth 2 in 22.02 seconds
	2: depth 3 in 21.70 seconds
	3: depth 4 in 21.98 seconds
	4: depth 5 in 21.92 seconds
	5: depth 6 in 21.66 seconds
	6: depth 7 in 21.65 seconds
	7: depth 8 in 21.72 seconds
	8: depth 9 in 22.05 seconds
	9: depth 10 in 21.74 seconds
	10: depth 11 in 21.46 seconds
	11: depth 12 in 21.54 seconds
	12: depth 13 in 21.65 seconds
	13: depth 14 in 21.78 seconds
	14: depth 15 in 21.93 seconds
	15: depth 16 in 21.72 seconds
	16: depth 17 in 21.93 seconds
	17: depth 18 in 21.92 seconds
	18: depth 19 in 21.92 seconds
	19: depth 20 in 21.88 seconds
	20: depth 21 in 21.67 seconds
	21: depth 22 in 21.75 seconds
	22: depth 23 in 21.80 seconds
	23: depth 24 in 21.82 seconds
	24: depth 25 in 21.68 seconds
	25: depth 26 in 21.85 seconds
	26: depth 27 in 21.82 seconds
	27: depth 28 in 21.71 seconds
	28: depth 29 in 22.17 seconds
	29: depth 30 in 21.87 seconds
	30: depth 31 in 22.08 seconds
	31: depth 32 in 21.60 seconds
	32: depth 33 in 21.97 seconds
	33: depth 34 in 21.76 seconds
	34: depth 35 in 21.59 seconds
	35: depth 36 in 21.84 seconds
	36: depth 37 in 22.08 seconds
	37: depth 38 in 21.90 seconds
	38: depth 39 in 21.97 seconds
	39: depth 40 in 22.26 seconds
	40: depth 41 in 21.60 seconds
	41: depth 42 in 21.94 seconds
	42: depth 43 in 21.80 seconds
	43: depth 44 in 21.57 seconds
	44: depth 45 in 21.86 seconds
	45: depth 46 in 21.81 seconds
	46: depth 47 in 21.77 seconds
	47: depth 48 in 21.65 seconds
	48: depth 49 in 21.52 seconds
	49: depth 50 in 21.73 seconds
	50: depth 51 in 21.97 seconds
	51: depth 52 in 21.57 seconds
