p25-net3-b16-g5_rt0_instance FAILED
	reason failed: timeout
problem details:
	state size: 6736
	depth timeout: 300
with
	no plan found
	depth: 73
	time: 300.00 seconds
history:
	0: depth 1 in 2.19 seconds
	1: depth 2 in 2.78 seconds
	2: depth 3 in 3.23 seconds
	3: depth 4 in 3.76 seconds
	4: depth 5 in 4.32 seconds
	5: depth 6 in 4.85 seconds
	6: depth 7 in 5.39 seconds
	7: depth 8 in 5.96 seconds
	8: depth 9 in 6.55 seconds
	9: depth 10 in 7.05 seconds
	10: depth 11 in 7.81 seconds
	11: depth 12 in 8.17 seconds
	12: depth 13 in 8.94 seconds
	13: depth 14 in 9.42 seconds
	14: depth 15 in 9.74 seconds
	15: depth 16 in 10.59 seconds
	16: depth 17 in 11.13 seconds
	17: depth 18 in 11.81 seconds
	18: depth 19 in 12.21 seconds
	19: depth 20 in 12.82 seconds
	20: depth 21 in 13.47 seconds
	21: depth 22 in 13.92 seconds
	22: depth 23 in 14.55 seconds
	23: depth 24 in 14.76 seconds
	24: depth 25 in 15.29 seconds
	25: depth 26 in 16.21 seconds
	26: depth 27 in 16.38 seconds
	27: depth 28 in 17.25 seconds
	28: depth 29 in 17.96 seconds
	29: depth 30 in 18.12 seconds
	30: depth 31 in 19.19 seconds
	31: depth 32 in 19.28 seconds
	32: depth 33 in 20.20 seconds
	33: depth 34 in 20.34 seconds
	34: depth 35 in 21.34 seconds
	35: depth 36 in 21.93 seconds
	36: depth 37 in 22.40 seconds
	37: depth 38 in 22.64 seconds
	38: depth 39 in 23.19 seconds
	39: depth 40 in 24.15 seconds
	40: depth 41 in 24.63 seconds
	41: depth 42 in 25.29 seconds
	42: depth 43 in 25.89 seconds
	43: depth 44 in 26.28 seconds
	44: depth 45 in 26.43 seconds
	45: depth 46 in 26.86 seconds
	46: depth 47 in 28.25 seconds
	47: depth 48 in 28.12 seconds
	48: depth 49 in 29.43 seconds
	49: depth 50 in 29.88 seconds
	50: depth 51 in 29.86 seconds
	51: depth 52 in 30.40 seconds
	52: depth 53 in 30.99 seconds
	53: depth 54 in 31.60 seconds
	54: depth 55 in 32.06 seconds
	55: depth 56 in 33.08 seconds
	56: depth 57 in 33.77 seconds
	57: depth 58 in 34.20 seconds
	58: depth 59 in 34.35 seconds
	59: depth 60 in 35.43 seconds
	60: depth 61 in 35.98 seconds
	61: depth 62 in 35.77 seconds
	62: depth 63 in 37.18 seconds
	63: depth 64 in 37.62 seconds
	64: depth 65 in 38.40 seconds
	65: depth 66 in 38.04 seconds
	66: depth 67 in 39.45 seconds
	67: depth 68 in 39.23 seconds
	68: depth 69 in 39.70 seconds
	69: depth 70 in 41.32 seconds
	70: depth 71 in 40.98 seconds
	71: depth 72 in 41.64 seconds
