p26-net3-b16-g7_rt0_instance FAILED
	reason failed: timeout
problem details:
	state size: 7416
	depth timeout: 300
with
	no plan found
	depth: 77
	time: 300.00 seconds
history:
	0: depth 1 in 2.47 seconds
	1: depth 2 in 3.13 seconds
	2: depth 3 in 3.82 seconds
	3: depth 4 in 4.38 seconds
	4: depth 5 in 5.12 seconds
	5: depth 6 in 5.68 seconds
	6: depth 7 in 6.29 seconds
	7: depth 8 in 7.15 seconds
	8: depth 9 in 7.75 seconds
	9: depth 10 in 8.41 seconds
	10: depth 11 in 9.12 seconds
	11: depth 12 in 9.48 seconds
	12: depth 13 in 10.17 seconds
	13: depth 14 in 11.19 seconds
	14: depth 15 in 11.77 seconds
	15: depth 16 in 12.66 seconds
	16: depth 17 in 12.81 seconds
	17: depth 18 in 13.46 seconds
	18: depth 19 in 14.42 seconds
	19: depth 20 in 14.76 seconds
	20: depth 21 in 15.58 seconds
	21: depth 22 in 16.39 seconds
	22: depth 23 in 17.10 seconds
	23: depth 24 in 17.81 seconds
	24: depth 25 in 18.11 seconds
	25: depth 26 in 19.03 seconds
	26: depth 27 in 19.90 seconds
	27: depth 28 in 20.43 seconds
	28: depth 29 in 21.08 seconds
	29: depth 30 in 21.29 seconds
	30: depth 31 in 22.28 seconds
	31: depth 32 in 23.04 seconds
	32: depth 33 in 23.79 seconds
	33: depth 34 in 24.00 seconds
	34: depth 35 in 24.58 seconds
	35: depth 36 in 25.39 seconds
	36: depth 37 in 25.96 seconds
	37: depth 38 in 27.03 seconds
	38: depth 39 in 27.39 seconds
	39: depth 40 in 28.38 seconds
	40: depth 41 in 28.45 seconds
	41: depth 42 in 29.18 seconds
	42: depth 43 in 29.98 seconds
	43: depth 44 in 31.13 seconds
	44: depth 45 in 31.71 seconds
	45: depth 46 in 32.15 seconds
	46: depth 47 in 33.12 seconds
	47: depth 48 in 33.58 seconds
	48: depth 49 in 34.35 seconds
	49: depth 50 in 35.02 seconds
	50: depth 51 in 34.86 seconds
	51: depth 52 in 36.18 seconds
	52: depth 53 in 36.92 seconds
	53: depth 54 in 37.36 seconds
	54: depth 55 in 37.68 seconds
	55: depth 56 in 39.00 seconds
	56: depth 57 in 39.66 seconds
	57: depth 58 in 40.36 seconds
	58: depth 59 in 40.87 seconds
	59: depth 60 in 41.41 seconds
	60: depth 61 in 42.25 seconds
	61: depth 62 in 42.36 seconds
	62: depth 63 in 42.63 seconds
	63: depth 64 in 44.50 seconds
	64: depth 65 in 45.15 seconds
	65: depth 66 in 45.26 seconds
	66: depth 67 in 45.67 seconds
	67: depth 68 in 46.86 seconds
	68: depth 69 in 46.51 seconds
	69: depth 70 in 48.40 seconds
	70: depth 71 in 47.95 seconds
	71: depth 72 in 49.59 seconds
	72: depth 73 in 50.30 seconds
	73: depth 74 in 50.95 seconds
	74: depth 75 in 51.50 seconds
	75: depth 76 in 51.35 seconds
