p28-net3-b18-g7_rt0_instance FAILED
	reason failed: timeout
problem details:
	state size: 7822
	depth timeout: 300
with
	no plan found
	depth: 79
	time: 300.00 seconds
history:
	0: depth 1 in 2.80 seconds
	1: depth 2 in 3.51 seconds
	2: depth 3 in 4.14 seconds
	3: depth 4 in 4.81 seconds
	4: depth 5 in 5.44 seconds
	5: depth 6 in 6.27 seconds
	6: depth 7 in 6.75 seconds
	7: depth 8 in 7.63 seconds
	8: depth 9 in 8.38 seconds
	9: depth 10 in 8.84 seconds
	10: depth 11 in 9.50 seconds
	11: depth 12 in 10.43 seconds
	12: depth 13 in 11.27 seconds
	13: depth 14 in 11.87 seconds
	14: depth 15 in 12.59 seconds
	15: depth 16 in 13.27 seconds
	16: depth 17 in 13.66 seconds
	17: depth 18 in 14.39 seconds
	18: depth 19 in 15.12 seconds
	19: depth 20 in 15.80 seconds
	20: depth 21 in 16.52 seconds
	21: depth 22 in 17.75 seconds
	22: depth 23 in 18.37 seconds
	23: depth 24 in 18.67 seconds
	24: depth 25 in 19.90 seconds
	25: depth 26 in 20.05 seconds
	26: depth 27 in 21.28 seconds
	27: depth 28 in 21.92 seconds
	28: depth 29 in 22.70 seconds
	29: depth 30 in 23.38 seconds
	30: depth 31 in 24.10 seconds
	31: depth 32 in 24.14 seconds
	32: depth 33 in 25.02 seconds
	33: depth 34 in 25.50 seconds
	34: depth 35 in 26.96 seconds
	35: depth 36 in 26.97 seconds
	36: depth 37 in 27.80 seconds
	37: depth 38 in 28.74 seconds
	38: depth 39 in 29.27 seconds
	39: depth 40 in 30.51 seconds
	40: depth 41 in 30.58 seconds
	41: depth 42 in 31.81 seconds
	42: depth 43 in 31.85 seconds
	43: depth 44 in 32.57 seconds
	44: depth 45 in 33.64 seconds
	45: depth 46 in 34.19 seconds
	46: depth 47 in 35.00 seconds
	47: depth 48 in 36.28 seconds
	48: depth 49 in 37.22 seconds
	49: depth 50 in 36.87 seconds
	50: depth 51 in 37.78 seconds
	51: depth 52 in 38.40 seconds
	52: depth 53 in 40.09 seconds
	53: depth 54 in 40.65 seconds
	54: depth 55 in 41.70 seconds
	55: depth 56 in 41.15 seconds
	56: depth 57 in 42.94 seconds
	57: depth 58 in 42.50 seconds
	58: depth 59 in 43.31 seconds
	59: depth 60 in 43.89 seconds
	60: depth 61 in 45.35 seconds
	61: depth 62 in 45.31 seconds
	62: depth 63 in 47.04 seconds
	63: depth 64 in 46.64 seconds
	64: depth 65 in 48.11 seconds
	65: depth 66 in 49.29 seconds
	66: depth 67 in 49.84 seconds
	67: depth 68 in 49.45 seconds
	68: depth 69 in 50.38 seconds
	69: depth 70 in 52.05 seconds
	70: depth 71 in 52.99 seconds
	71: depth 72 in 53.64 seconds
	72: depth 73 in 53.43 seconds
	73: depth 74 in 54.19 seconds
	74: depth 75 in 54.97 seconds
	75: depth 76 in 55.57 seconds
	76: depth 77 in 57.46 seconds
	77: depth 78 in 56.75 seconds
