p29-net3-b20-g6_rt0_instance FAILED
	reason failed: timeout
problem details:
	state size: 9963
	depth timeout: 300
with
	no plan found
	depth: 90
	time: 300.00 seconds
history:
	0: depth 1 in 3.98 seconds
	1: depth 2 in 4.98 seconds
	2: depth 3 in 5.96 seconds
	3: depth 4 in 7.10 seconds
	4: depth 5 in 8.00 seconds
	5: depth 6 in 9.30 seconds
	6: depth 7 in 10.04 seconds
	7: depth 8 in 11.42 seconds
	8: depth 9 in 12.46 seconds
	9: depth 10 in 13.58 seconds
	10: depth 11 in 14.71 seconds
	11: depth 12 in 15.68 seconds
	12: depth 13 in 16.43 seconds
	13: depth 14 in 17.88 seconds
	14: depth 15 in 18.94 seconds
	15: depth 16 in 19.98 seconds
	16: depth 17 in 21.18 seconds
	17: depth 18 in 22.31 seconds
	18: depth 19 in 23.31 seconds
	19: depth 20 in 23.92 seconds
	20: depth 21 in 25.49 seconds
	21: depth 22 in 26.00 seconds
	22: depth 23 in 27.78 seconds
	23: depth 24 in 28.91 seconds
	24: depth 25 in 29.39 seconds
	25: depth 26 in 30.29 seconds
	26: depth 27 in 32.11 seconds
	27: depth 28 in 32.49 seconds
	28: depth 29 in 34.45 seconds
	29: depth 30 in 34.77 seconds
	30: depth 31 in 35.71 seconds
	31: depth 32 in 36.73 seconds
	32: depth 33 in 38.86 seconds
	33: depth 34 in 39.93 seconds
	34: depth 35 in 40.53 seconds
	35: depth 36 in 41.16 seconds
	36: depth 37 in 43.39 seconds
	37: depth 38 in 43.12 seconds
	38: depth 39 in 44.23 seconds
	39: depth 40 in 45.48 seconds
	40: depth 41 in 46.85 seconds
	41: depth 42 in 48.20 seconds
	42: depth 43 in 48.74 seconds
	43: depth 44 in 49.83 seconds
	44: depth 45 in 50.78 seconds
	45: depth 46 in 53.11 seconds
	46: depth 47 in 54.17 seconds
	47: depth 48 in 54.86 seconds
	48: depth 49 in 56.14 seconds
	49: depth 50 in 57.32 seconds
	50: depth 51 in 57.08 seconds
	51: depth 52 in 58.12 seconds
	52: depth 53 in 60.79 seconds
	53: depth 54 in 61.26 seconds
	54: depth 55 in 61.80 seconds
	55: depth 56 in 62.53 seconds
	56: depth 57 in 63.83 seconds
	57: depth 58 in 64.62 seconds
	58: depth 59 in 67.27 seconds
	59: depth 60 in 66.75 seconds
	60: depth 61 in 67.72 seconds
	61: depth 62 in 70.22 seconds
	62: depth 63 in 70.49 seconds
	63: depth 64 in 71.39 seconds
	64: depth 65 in 72.71 seconds
	65: depth 66 in 74.18 seconds
	66: depth 67 in 74.34 seconds
	67: depth 68 in 76.31 seconds
	68: depth 69 in 77.73 seconds
	69: depth 70 in 79.48 seconds
	70: depth 71 in 80.58 seconds
	71: depth 72 in 81.08 seconds
	72: depth 73 in 80.64 seconds
	73: depth 74 in 84.05 seconds
	74: depth 75 in 84.49 seconds
	75: depth 76 in 85.77 seconds
	76: depth 77 in 84.92 seconds
	77: depth 78 in 86.03 seconds
	78: depth 79 in 88.18 seconds
	79: depth 80 in 89.61 seconds
	80: depth 81 in 91.20 seconds
	81: depth 82 in 92.39 seconds
	82: depth 83 in 92.60 seconds
	83: depth 84 in 92.35 seconds
	84: depth 85 in 93.53 seconds
	85: depth 86 in 95.63 seconds
	86: depth 87 in 95.53 seconds
	87: depth 88 in 98.24 seconds
	88: depth 89 in 98.52 seconds
