p30-net3-b20-g8_rt0_instance FAILED
	reason failed: timeout
problem details:
	state size: 10572
	depth timeout: 300
with
	no plan found
	depth: 93
	time: 300.00 seconds
history:
	0: depth 1 in 4.35 seconds
	1: depth 2 in 5.61 seconds
	2: depth 3 in 6.85 seconds
	3: depth 4 in 8.02 seconds
	4: depth 5 in 9.27 seconds
	5: depth 6 in 10.05 seconds
	6: depth 7 in 11.42 seconds
	7: depth 8 in 12.66 seconds
	8: depth 9 in 13.78 seconds
	9: depth 10 in 14.67 seconds
	10: depth 11 in 16.19 seconds
	11: depth 12 in 16.91 seconds
	12: depth 13 in 18.51 seconds
	13: depth 14 in 19.75 seconds
	14: depth 15 in 20.87 seconds
	15: depth 16 in 21.92 seconds
	16: depth 17 in 23.23 seconds
	17: depth 18 in 24.24 seconds
	18: depth 19 in 25.74 seconds
	19: depth 20 in 26.28 seconds
	20: depth 21 in 28.15 seconds
	21: depth 22 in 29.47 seconds
	22: depth 23 in 30.44 seconds
	23: depth 24 in 30.84 seconds
	24: depth 25 in 33.03 seconds
	25: depth 26 in 34.24 seconds
	26: depth 27 in 35.07 seconds
	27: depth 28 in 36.65 seconds
	28: depth 29 in 36.91 seconds
	29: depth 30 in 38.98 seconds
	30: depth 31 in 40.02 seconds
	31: depth 32 in 41.42 seconds
	32: depth 33 in 41.64 seconds
	33: depth 34 in 43.56 seconds
	34: depth 35 in 44.88 seconds
	35: depth 36 in 46.20 seconds
	36: depth 37 in 47.36 seconds
	37: depth 38 in 48.54 seconds
	38: depth 39 in 49.75 seconds
	39: depth 40 in 50.57 seconds
	40: depth 41 in 52.15 seconds
	41: depth 42 in 53.36 seconds
	42: depth 43 in 54.67 seconds
	43: depth 44 in 54.87 seconds
	44: depth 45 in 57.06 seconds
	45: depth 46 in 58.09 seconds
	46: depth 47 in 59.08 seconds
	47: depth 48 in 59.96 seconds
	48: depth 49 in 61.30 seconds
	49: depth 50 in 61.89 seconds
	50: depth 51 in 64.39 seconds
	51: depth 52 in 64.04 seconds
	52: depth 53 in 65.75 seconds
	53: depth 54 in 66.52 seconds
	54: depth 55 in 67.77 seconds
	55: depth 56 in 68.81 seconds
	56: depth 57 in 71.72 seconds
	57: depth 58 in 72.59 seconds
	58: depth 59 in 72.96 seconds
	59: depth 60 in 73.97 seconds
	60: depth 61 in 76.04 seconds
	61: depth 62 in 75.89 seconds
	62: depth 63 in 76.99 seconds
	63: depth 64 in 78.34 seconds
	64: depth 65 in 79.58 seconds
	65: depth 66 in 82.37 seconds
	66: depth 67 in 81.92 seconds
	67: depth 68 in 82.77 seconds
	68: depth 69 in 84.16 seconds
	69: depth 70 in 85.37 seconds
	70: depth 71 in 86.92 seconds
	71: depth 72 in 89.47 seconds
	72: depth 73 in 88.77 seconds
	73: depth 74 in 90.13 seconds
	74: depth 75 in 92.17 seconds
	75: depth 76 in 92.45 seconds
	76: depth 77 in 95.40 seconds
	77: depth 78 in 96.19 seconds
	78: depth 79 in 95.57 seconds
	79: depth 80 in 96.80 seconds
	80: depth 81 in 98.08 seconds
	81: depth 82 in 101.37 seconds
	82: depth 83 in 100.75 seconds
	83: depth 84 in 102.30 seconds
	84: depth 85 in 105.07 seconds
	85: depth 86 in 104.28 seconds
	86: depth 87 in 105.07 seconds
	87: depth 88 in 106.44 seconds
	88: depth 89 in 107.73 seconds
	89: depth 90 in 111.56 seconds
	90: depth 91 in 111.50 seconds
	91: depth 92 in 112.25 seconds
