p31-net4-b14-g3_rt0_instance FAILED
	reason failed: timeout
problem details:
	state size: 2132
	depth timeout: 300
with
	no plan found
	depth: 38
	time: 300.00 seconds
history:
	0: depth 1 in 7.07 seconds
	1: depth 2 in 7.12 seconds
	2: depth 3 in 7.12 seconds
	3: depth 4 in 7.12 seconds
	4: depth 5 in 7.24 seconds
	5: depth 6 in 7.12 seconds
	6: depth 7 in 7.09 seconds
	7: depth 8 in 7.21 seconds
	8: depth 9 in 7.14 seconds
	9: depth 10 in 7.12 seconds
	10: depth 11 in 7.00 seconds
	11: depth 12 in 7.06 seconds
	12: depth 13 in 6.97 seconds
	13: depth 14 in 7.34 seconds
	14: depth 15 in 7.02 seconds
	15: depth 16 in 7.03 seconds
	16: depth 17 in 7.13 seconds
	17: depth 18 in 7.11 seconds
	18: depth 19 in 7.07 seconds
	19: depth 20 in 7.15 seconds
	20: depth 21 in 7.29 seconds
	21: depth 22 in 6.95 seconds
	22: depth 23 in 6.99 seconds
	23: depth 24 in 7.15 seconds
	24: depth 25 in 7.01 seconds
	25: depth 26 in 7.14 seconds
	26: depth 27 in 7.03 seconds
	27: depth 28 in 6.91 seconds
	28: depth 29 in 7.11 seconds
	29: depth 30 in 7.21 seconds
	30: depth 31 in 7.12 seconds
	31: depth 32 in 7.19 seconds
	32: depth 33 in 7.07 seconds
	33: depth 34 in 7.22 seconds
	34: depth 35 in 7.51 seconds
	35: depth 36 in 7.29 seconds
	36: depth 37 in 7.11 seconds
