p32-net4-b14-g5_rt0_instance FAILED
	reason failed: timeout
problem details:
	state size: 3672
	depth timeout: 300
with
	no plan found
	depth: 52
	time: 300.00 seconds
history:
	0: depth 1 in 20.38 seconds
	1: depth 2 in 20.97 seconds
	2: depth 3 in 20.84 seconds
	3: depth 4 in 20.53 seconds
	4: depth 5 in 20.75 seconds
	5: depth 6 in 20.66 seconds
	6: depth 7 in 20.90 seconds
	7: depth 8 in 20.77 seconds
	8: depth 9 in 20.73 seconds
	9: depth 10 in 20.59 seconds
	10: depth 11 in 20.61 seconds
	11: depth 12 in 20.94 seconds
	12: depth 13 in 20.61 seconds
	13: depth 14 in 20.94 seconds
	14: depth 15 in 20.48 seconds
	15: depth 16 in 21.02 seconds
	16: depth 17 in 20.57 seconds
	17: depth 18 in 20.96 seconds
	18: depth 19 in 20.79 seconds
	19: depth 20 in 20.50 seconds
	20: depth 21 in 20.61 seconds
	21: depth 22 in 20.76 seconds
	22: depth 23 in 21.15 seconds
	23: depth 24 in 20.72 seconds
	24: depth 25 in 20.97 seconds
	25: depth 26 in 21.02 seconds
	26: depth 27 in 20.42 seconds
	27: depth 28 in 20.59 seconds
	28: depth 29 in 20.84 seconds
	29: depth 30 in 20.43 seconds
	30: depth 31 in 20.23 seconds
	31: depth 32 in 20.51 seconds
	32: depth 33 in 20.49 seconds
	33: depth 34 in 20.49 seconds
	34: depth 35 in 20.32 seconds
	35: depth 36 in 20.33 seconds
	36: depth 37 in 21.02 seconds
	37: depth 38 in 21.03 seconds
	38: depth 39 in 20.77 seconds
	39: depth 40 in 20.73 seconds
	40: depth 41 in 20.62 seconds
	41: depth 42 in 20.99 seconds
	42: depth 43 in 20.74 seconds
	43: depth 44 in 20.72 seconds
	44: depth 45 in 20.49 seconds
	45: depth 46 in 21.51 seconds
	46: depth 47 in 20.76 seconds
	47: depth 48 in 20.61 seconds
	48: depth 49 in 20.74 seconds
	49: depth 50 in 20.65 seconds
	50: depth 51 in 20.66 seconds
