p33-net4-b16-g5_rt0_instance FAILED
	reason failed: timeout
problem details:
	state size: 5654
	depth timeout: 300
with
	no plan found
	depth: 66
	time: 300.00 seconds
history:
	0: depth 1 in 1.63 seconds
	1: depth 2 in 1.99 seconds
	2: depth 3 in 2.41 seconds
	3: depth 4 in 2.86 seconds
	4: depth 5 in 3.19 seconds
	5: depth 6 in 3.63 seconds
	6: depth 7 in 3.96 seconds
	7: depth 8 in 4.46 seconds
	8: depth 9 in 4.82 seconds
	9: depth 10 in 5.35 seconds
	10: depth 11 in 5.63 seconds
	11: depth 12 in 6.06 seconds
	12: depth 13 in 6.37 seconds
	13: depth 14 in 6.79 seconds
	14: depth 15 in 7.18 seconds
	15: depth 16 in 7.76 seconds
	16: depth 17 in 8.22 seconds
	17: depth 18 in 8.49 seconds
	18: depth 19 in 8.99 seconds
	19: depth 20 in 9.25 seconds
	20: depth 21 in 9.86 seconds
	21: depth 22 in 10.41 seconds
	22: depth 23 in 10.41 seconds
	23: depth 24 in 10.83 seconds
	24: depth 25 in 11.17 seconds
	25: depth 26 in 11.60 seconds
	26: depth 27 in 12.38 seconds
	27: depth 28 in 12.90 seconds
	28: depth 29 in 12.73 seconds
	29: depth 30 in 13.56 seconds
	30: depth 31 in 13.90 seconds
	31: depth 32 in 14.00 seconds
	32: depth 33 in 14.78 seconds
	33: depth 34 in 14.77 seconds
	34: depth 35 in 15.54 seconds
	35: depth 36 in 15.94 seconds
	36: depth 37 in 15.95 seconds
	37: depth 38 in 16.80 seconds
	38: depth 39 in 16.97 seconds
	39: depth 40 in 17.62 seconds
	40: depth 41 in 18.00 seconds
	41: depth 42 in 17.92 seconds
	42: depth 43 in 18.36 seconds
	43: depth 44 in 19.45 seconds
	44: depth 45 in 19.41 seconds
	45: depth 46 in 20.03 seconds
	46: depth 47 in 19.93 seconds
	47: depth 48 in 20.52 seconds
	48: depth 49 in 21.39 seconds
	49: depth 50 in 21.66 seconds
	50: depth 51 in 22.05 seconds
	51: depth 52 in 22.38 seconds
	52: depth 53 in 23.04 seconds
	53: depth 54 in 22.73 seconds
	54: depth 55 in 23.66 seconds
	55: depth 56 in 23.62 seconds
	56: depth 57 in 24.32 seconds
	57: depth 58 in 24.47 seconds
	58: depth 59 in 25.46 seconds
	59: depth 60 in 25.89 seconds
	60: depth 61 in 26.19 seconds
	61: depth 62 in 26.18 seconds
	62: depth 63 in 27.06 seconds
	63: depth 64 in 27.03 seconds
	64: depth 65 in 27.80 seconds
