p34-net4-b16-g6_rt0_instance FAILED
	reason failed: timeout
problem details:
	state size: 6278
	depth timeout: 300
with
	no plan found
	depth: 70
	time: 300.00 seconds
history:
	0: depth 1 in 1.90 seconds
	1: depth 2 in 2.44 seconds
	2: depth 3 in 2.91 seconds
	3: depth 4 in 3.30 seconds
	4: depth 5 in 3.91 seconds
	5: depth 6 in 4.35 seconds
	6: depth 7 in 4.77 seconds
	7: depth 8 in 5.23 seconds
	8: depth 9 in 5.71 seconds
	9: depth 10 in 6.18 seconds
	10: depth 11 in 6.84 seconds
	11: depth 12 in 7.45 seconds
	12: depth 13 in 7.59 seconds
	13: depth 14 in 8.21 seconds
	14: depth 15 in 8.51 seconds
	15: depth 16 in 9.00 seconds
	16: depth 17 in 9.75 seconds
	17: depth 18 in 10.25 seconds
	18: depth 19 in 10.48 seconds
	19: depth 20 in 11.22 seconds
	20: depth 21 in 11.73 seconds
	21: depth 22 in 12.26 seconds
	22: depth 23 in 12.71 seconds
	23: depth 24 in 13.32 seconds
	24: depth 25 in 13.53 seconds
	25: depth 26 in 14.22 seconds
	26: depth 27 in 14.33 seconds
	27: depth 28 in 15.23 seconds
	28: depth 29 in 15.33 seconds
	29: depth 30 in 16.28 seconds
	30: depth 31 in 16.71 seconds
	31: depth 32 in 17.31 seconds
	32: depth 33 in 17.27 seconds
	33: depth 34 in 17.76 seconds
	34: depth 35 in 18.28 seconds
	35: depth 36 in 18.72 seconds
	36: depth 37 in 19.34 seconds
	37: depth 38 in 20.12 seconds
	38: depth 39 in 20.22 seconds
	39: depth 40 in 21.24 seconds
	40: depth 41 in 21.60 seconds
	41: depth 42 in 21.81 seconds
	42: depth 43 in 22.50 seconds
	43: depth 44 in 23.03 seconds
	44: depth 45 in 23.03 seconds
	45: depth 46 in 23.52 seconds
	46: depth 47 in 24.74 seconds
	47: depth 48 in 24.86 seconds
	48: depth 49 in 25.52 seconds
	49: depth 50 in 25.54 seconds
	50: depth 51 in 26.18 seconds
	51: depth 52 in 27.11 seconds
	52: depth 53 in 27.36 seconds
	53: depth 54 in 28.29 seconds
	54: depth 55 in 28.52 seconds
	55: depth 56 in 28.97 seconds
	56: depth 57 in 29.33 seconds
	57: depth 58 in 29.23 seconds
	58: depth 59 in 29.62 seconds
	59: depth 60 in 30.44 seconds
	60: depth 61 in 31.51 seconds
	61: depth 62 in 31.26 seconds
	62: depth 63 in 32.66 seconds
	63: depth 64 in 32.66 seconds
	64: depth 65 in 33.39 seconds
	65: depth 66 in 33.01 seconds
	66: depth 67 in 33.69 seconds
	67: depth 68 in 35.24 seconds
	68: depth 69 in 34.62 seconds
