p35-net4-b18-g4_rt0_instance FAILED
	reason failed: timeout
problem details:
	state size: 12932
	depth timeout: 300
with
	no plan found
	depth: 104
	time: 300.00 seconds
history:
	0: depth 1 in 5.93 seconds
	1: depth 2 in 7.74 seconds
	2: depth 3 in 9.41 seconds
	3: depth 4 in 10.76 seconds
	4: depth 5 in 12.27 seconds
	5: depth 6 in 14.20 seconds
	6: depth 7 in 15.41 seconds
	7: depth 8 in 17.42 seconds
	8: depth 9 in 19.09 seconds
	9: depth 10 in 20.10 seconds
	10: depth 11 in 22.53 seconds
	11: depth 12 in 23.41 seconds
	12: depth 13 in 25.49 seconds
	13: depth 14 in 27.08 seconds
	14: depth 15 in 28.17 seconds
	15: depth 16 in 30.18 seconds
	16: depth 17 in 32.14 seconds
	17: depth 18 in 33.15 seconds
	18: depth 19 in 35.57 seconds
	19: depth 20 in 37.38 seconds
	20: depth 21 in 38.12 seconds
	21: depth 22 in 40.59 seconds
	22: depth 23 in 42.26 seconds
	23: depth 24 in 43.81 seconds
	24: depth 25 in 44.59 seconds
	25: depth 26 in 46.35 seconds
	26: depth 27 in 49.08 seconds
	27: depth 28 in 49.51 seconds
	28: depth 29 in 52.21 seconds
	29: depth 30 in 52.80 seconds
	30: depth 31 in 55.12 seconds
	31: depth 32 in 56.38 seconds
	32: depth 33 in 58.25 seconds
	33: depth 34 in 59.47 seconds
	34: depth 35 in 62.63 seconds
	35: depth 36 in 64.30 seconds
	36: depth 37 in 64.14 seconds
	37: depth 38 in 65.87 seconds
	38: depth 39 in 69.09 seconds
	39: depth 40 in 69.20 seconds
	40: depth 41 in 70.85 seconds
	41: depth 42 in 74.00 seconds
	42: depth 43 in 74.31 seconds
	43: depth 44 in 77.23 seconds
	44: depth 45 in 77.66 seconds
	45: depth 46 in 79.76 seconds
	46: depth 47 in 82.10 seconds
	47: depth 48 in 82.60 seconds
	48: depth 49 in 85.57 seconds
	49: depth 50 in 86.91 seconds
	50: depth 51 in 87.46 seconds
	51: depth 52 in 90.67 seconds
	52: depth 53 in 92.16 seconds
	53: depth 54 in 92.52 seconds
	54: depth 55 in 95.02 seconds
	55: depth 56 in 96.98 seconds
	56: depth 57 in 98.65 seconds
	57: depth 58 in 100.37 seconds
	58: depth 59 in 100.63 seconds
	59: depth 60 in 104.22 seconds
	60: depth 61 in 106.04 seconds
	61: depth 62 in 106.80 seconds
	62: depth 63 in 108.78 seconds
	63: depth 64 in 108.54 seconds
	64: depth 65 in 110.40 seconds
	65: depth 66 in 113.36 seconds
	66: depth 67 in 113.24 seconds
	67: depth 68 in 118.44 seconds
	68: depth 69 in 117.34 seconds
	69: depth 70 in 119.04 seconds
	70: depth 71 in 121.41 seconds
	71: depth 72 in 123.68 seconds
	72: depth 73 in 123.93 seconds
	73: depth 74 in 126.45 seconds
	74: depth 75 in 129.25 seconds
	75: depth 76 in 128.12 seconds
	76: depth 77 in 136.31 seconds
	77: depth 78 in 132.03 seconds
	78: depth 79 in 133.85 seconds
	79: depth 80 in 137.54 seconds
	80: depth 81 in 136.43 seconds
	81: depth 82 in 139.64 seconds
	82: depth 83 in 139.82 seconds
	83: depth 84 in 141.79 seconds
	84: depth 85 in 145.14 seconds
	85: depth 86 in 147.28 seconds
	86: depth 87 in 149.30 seconds
	87: depth 88 in 148.21 seconds
	88: depth 89 in 150.08 seconds
	89: depth 90 in 151.09 seconds
	90: depth 91 in 156.00 seconds
	91: depth 92 in 157.26 seconds
	92: depth 93 in 158.36 seconds
	93: depth 94 in 160.96 seconds
	94: depth 95 in 160.27 seconds
	95: depth 96 in 163.28 seconds
	96: depth 97 in 163.01 seconds
	97: depth 98 in 165.80 seconds
	98: depth 99 in 170.18 seconds
	99: depth 100 in 168.44 seconds
	100: depth 101 in 173.03 seconds
	101: depth 102 in 175.20 seconds
	102: depth 103 in 174.58 seconds
