p36-net4-b18-g6_rt0_instance FAILED
	reason failed: timeout
problem details:
	state size: 12932
	depth timeout: 300
with
	no plan found
	depth: 104
	time: 300.00 seconds
history:
	0: depth 1 in 5.91 seconds
	1: depth 2 in 7.80 seconds
	2: depth 3 in 9.41 seconds
	3: depth 4 in 10.95 seconds
	4: depth 5 in 12.61 seconds
	5: depth 6 in 14.24 seconds
	6: depth 7 in 16.00 seconds
	7: depth 8 in 17.62 seconds
	8: depth 9 in 19.27 seconds
	9: depth 10 in 20.87 seconds
	10: depth 11 in 22.74 seconds
	11: depth 12 in 23.95 seconds
	12: depth 13 in 26.03 seconds
	13: depth 14 in 27.65 seconds
	14: depth 15 in 29.41 seconds
	15: depth 16 in 30.30 seconds
	16: depth 17 in 33.01 seconds
	17: depth 18 in 33.92 seconds
	18: depth 19 in 36.18 seconds
	19: depth 20 in 37.14 seconds
	20: depth 21 in 39.75 seconds
	21: depth 22 in 40.78 seconds
	22: depth 23 in 42.16 seconds
	23: depth 24 in 44.63 seconds
	24: depth 25 in 46.29 seconds
	25: depth 26 in 47.78 seconds
	26: depth 27 in 48.96 seconds
	27: depth 28 in 51.85 seconds
	28: depth 29 in 52.61 seconds
	29: depth 30 in 54.72 seconds
	30: depth 31 in 56.39 seconds
	31: depth 32 in 57.83 seconds
	32: depth 33 in 60.24 seconds
	33: depth 34 in 61.66 seconds
	34: depth 35 in 63.05 seconds
	35: depth 36 in 65.49 seconds
	36: depth 37 in 65.57 seconds
	37: depth 38 in 68.97 seconds
	38: depth 39 in 69.82 seconds
	39: depth 40 in 71.75 seconds
	40: depth 41 in 72.96 seconds
	41: depth 42 in 74.18 seconds
	42: depth 43 in 77.52 seconds
	43: depth 44 in 77.16 seconds
	44: depth 45 in 80.92 seconds
	45: depth 46 in 81.10 seconds
	46: depth 47 in 83.25 seconds
	47: depth 48 in 84.13 seconds
	48: depth 49 in 85.97 seconds
	49: depth 50 in 87.92 seconds
	50: depth 51 in 89.04 seconds
	51: depth 52 in 90.80 seconds
	52: depth 53 in 92.71 seconds
	53: depth 54 in 94.53 seconds
	54: depth 55 in 95.38 seconds
	55: depth 56 in 97.67 seconds
	56: depth 57 in 99.99 seconds
	57: depth 58 in 100.12 seconds
	58: depth 59 in 103.52 seconds
	59: depth 60 in 105.49 seconds
	60: depth 61 in 107.38 seconds
	61: depth 62 in 107.21 seconds
	62: depth 63 in 110.86 seconds
	63: depth 64 in 113.31 seconds
	64: depth 65 in 114.01 seconds
	65: depth 66 in 116.33 seconds
	66: depth 67 in 117.31 seconds
	67: depth 68 in 117.55 seconds
	68: depth 69 in 121.00 seconds
	69: depth 70 in 122.46 seconds
	70: depth 71 in 122.38 seconds
	71: depth 72 in 125.15 seconds
	72: depth 73 in 126.13 seconds
	73: depth 74 in 129.68 seconds
	74: depth 75 in 130.26 seconds
	75: depth 76 in 130.48 seconds
	76: depth 77 in 133.21 seconds
	77: depth 78 in 135.87 seconds
	78: depth 79 in 135.67 seconds
	79: depth 80 in 139.70 seconds
	80: depth 81 in 141.00 seconds
	81: depth 82 in 140.37 seconds
	82: depth 83 in 145.62 seconds
	83: depth 84 in 145.77 seconds
	84: depth 85 in 145.70 seconds
	85: depth 86 in 148.81 seconds
	86: depth 87 in 148.85 seconds
	87: depth 88 in 150.71 seconds
	88: depth 89 in 152.87 seconds
	89: depth 90 in 154.01 seconds
	90: depth 91 in 155.90 seconds
	91: depth 92 in 156.83 seconds
	92: depth 93 in 158.76 seconds
	93: depth 94 in 163.21 seconds
	94: depth 95 in 164.25 seconds
	95: depth 96 in 165.65 seconds
	96: depth 97 in 166.52 seconds
	97: depth 98 in 167.94 seconds
	98: depth 99 in 169.25 seconds
	99: depth 100 in 170.26 seconds
	100: depth 101 in 172.44 seconds
	101: depth 102 in 174.34 seconds
	102: depth 103 in 178.66 seconds
