p37-net4-b20-g5_rt0_instance FAILED
	reason failed: timeout
problem details:
	state size: 8466
	depth timeout: 300
with
	no plan found
	depth: 82
	time: 300.00 seconds
history:
	0: depth 1 in 3.09 seconds
	1: depth 2 in 3.85 seconds
	2: depth 3 in 4.69 seconds
	3: depth 4 in 5.38 seconds
	4: depth 5 in 6.35 seconds
	5: depth 6 in 6.93 seconds
	6: depth 7 in 7.65 seconds
	7: depth 8 in 8.67 seconds
	8: depth 9 in 9.47 seconds
	9: depth 10 in 10.02 seconds
	10: depth 11 in 10.81 seconds
	11: depth 12 in 11.92 seconds
	12: depth 13 in 12.39 seconds
	13: depth 14 in 13.17 seconds
	14: depth 15 in 14.02 seconds
	15: depth 16 in 15.37 seconds
	16: depth 17 in 15.52 seconds
	17: depth 18 in 16.86 seconds
	18: depth 19 in 17.54 seconds
	19: depth 20 in 18.57 seconds
	20: depth 21 in 18.72 seconds
	21: depth 22 in 19.96 seconds
	22: depth 23 in 20.23 seconds
	23: depth 24 in 21.09 seconds
	24: depth 25 in 22.54 seconds
	25: depth 26 in 22.91 seconds
	26: depth 27 in 23.50 seconds
	27: depth 28 in 25.13 seconds
	28: depth 29 in 25.67 seconds
	29: depth 30 in 25.87 seconds
	30: depth 31 in 26.81 seconds
	31: depth 32 in 27.97 seconds
	32: depth 33 in 28.77 seconds
	33: depth 34 in 29.73 seconds
	34: depth 35 in 30.53 seconds
	35: depth 36 in 30.74 seconds
	36: depth 37 in 32.09 seconds
	37: depth 38 in 32.18 seconds
	38: depth 39 in 34.00 seconds
	39: depth 40 in 34.52 seconds
	40: depth 41 in 34.99 seconds
	41: depth 42 in 36.36 seconds
	42: depth 43 in 36.17 seconds
	43: depth 44 in 37.09 seconds
	44: depth 45 in 38.51 seconds
	45: depth 46 in 39.82 seconds
	46: depth 47 in 39.35 seconds
	47: depth 48 in 41.09 seconds
	48: depth 49 in 41.81 seconds
	49: depth 50 in 41.96 seconds
	50: depth 51 in 42.62 seconds
	51: depth 52 in 43.68 seconds
	52: depth 53 in 44.59 seconds
	53: depth 54 in 45.12 seconds
	54: depth 55 in 46.16 seconds
	55: depth 56 in 46.64 seconds
	56: depth 57 in 48.22 seconds
	57: depth 58 in 48.27 seconds
	58: depth 59 in 49.15 seconds
	59: depth 60 in 49.97 seconds
	60: depth 61 in 51.99 seconds
	61: depth 62 in 52.84 seconds
	62: depth 63 in 53.38 seconds
	63: depth 64 in 53.69 seconds
	64: depth 65 in 54.40 seconds
	65: depth 66 in 54.54 seconds
	66: depth 67 in 55.37 seconds
	67: depth 68 in 56.35 seconds
	68: depth 69 in 57.18 seconds
	69: depth 70 in 57.92 seconds
	70: depth 71 in 58.78 seconds
	71: depth 72 in 59.49 seconds
	72: depth 73 in 61.37 seconds
	73: depth 74 in 60.98 seconds
	74: depth 75 in 61.94 seconds
	75: depth 76 in 62.81 seconds
	76: depth 77 in 63.52 seconds
	77: depth 78 in 65.52 seconds
	78: depth 79 in 65.00 seconds
	79: depth 80 in 65.85 seconds
	80: depth 81 in 66.58 seconds
