p40-net4-b22-g8_rt0_instance FAILED
	reason failed: timeout
problem details:
	state size: 9101
	depth timeout: 300
with
	no plan found
	depth: 85
	time: 300.00 seconds
history:
	0: depth 1 in 3.43 seconds
	1: depth 2 in 4.32 seconds
	2: depth 3 in 5.04 seconds
	3: depth 4 in 6.02 seconds
	4: depth 5 in 6.74 seconds
	5: depth 6 in 7.57 seconds
	6: depth 7 in 8.50 seconds
	7: depth 8 in 9.73 seconds
	8: depth 9 in 10.28 seconds
	9: depth 10 in 11.48 seconds
	10: depth 11 in 12.23 seconds
	11: depth 12 in 12.77 seconds
	12: depth 13 in 13.76 seconds
	13: depth 14 in 14.71 seconds
	14: depth 15 in 15.59 seconds
	15: depth 16 in 16.92 seconds
	16: depth 17 in 17.19 seconds
	17: depth 18 in 18.15 seconds
	18: depth 19 in 19.12 seconds
	19: depth 20 in 19.96 seconds
	20: depth 21 in 21.42 seconds
	21: depth 22 in 22.01 seconds
	22: depth 23 in 22.73 seconds
	23: depth 24 in 23.87 seconds
	24: depth 25 in 24.36 seconds
	25: depth 26 in 25.32 seconds
	26: depth 27 in 26.94 seconds
	27: depth 28 in 27.21 seconds
	28: depth 29 in 28.71 seconds
	29: depth 30 in 29.70 seconds
	30: depth 31 in 29.85 seconds
	31: depth 32 in 30.57 seconds
	32: depth 33 in 31.48 seconds
	33: depth 34 in 32.35 seconds
	34: depth 35 in 33.18 seconds
	35: depth 36 in 34.92 seconds
	36: depth 37 in 34.94 seconds
	37: depth 38 in 36.76 seconds
	38: depth 39 in 36.67 seconds
	39: depth 40 in 37.84 seconds
	40: depth 41 in 39.45 seconds
	41: depth 42 in 40.25 seconds
	42: depth 43 in 40.98 seconds
	43: depth 44 in 41.22 seconds
	44: depth 45 in 42.17 seconds
	45: depth 46 in 44.08 seconds
	46: depth 47 in 44.08 seconds
	47: depth 48 in 44.83 seconds
	48: depth 49 in 46.92 seconds
	49: depth 50 in 47.28 seconds
	50: depth 51 in 48.43 seconds
	51: depth 52 in 49.02 seconds
	52: depth 53 in 49.10 seconds
	53: depth 54 in 50.20 seconds
	54: depth 55 in 51.96 seconds
	55: depth 56 in 51.58 seconds
	56: depth 57 in 53.47 seconds
	57: depth 58 in 54.48 seconds
	58: depth 59 in 54.09 seconds
	59: depth 60 in 55.32 seconds
	60: depth 61 in 56.61 seconds
	61: depth 62 in 57.67 seconds
	62: depth 63 in 58.18 seconds
	63: depth 64 in 59.66 seconds
	64: depth 65 in 59.63 seconds
	65: depth 66 in 60.68 seconds
	66: depth 67 in 61.52 seconds
	67: depth 68 in 62.22 seconds
	68: depth 69 in 63.56 seconds
	69: depth 70 in 64.21 seconds
	70: depth 71 in 65.03 seconds
	71: depth 72 in 65.91 seconds
	72: depth 73 in 68.67 seconds
	73: depth 74 in 67.43 seconds
	74: depth 75 in 68.20 seconds
	75: depth 76 in 69.53 seconds
	76: depth 77 in 70.41 seconds
	77: depth 78 in 72.85 seconds
	78: depth 79 in 73.03 seconds
	79: depth 80 in 72.94 seconds
	80: depth 81 in 73.92 seconds
	81: depth 82 in 74.63 seconds
	82: depth 83 in 75.59 seconds
	83: depth 84 in 76.44 seconds
