p41-net5-b22-g2_rt0_instance FAILED
	reason failed: timeout
problem details:
	state size: 5924
	depth timeout: 300
with
	no plan found
	depth: 65
	time: 300.00 seconds
history:
	0: depth 1 in 42.05 seconds
	1: depth 2 in 42.87 seconds
	2: depth 3 in 41.89 seconds
	3: depth 4 in 41.32 seconds
	4: depth 5 in 41.42 seconds
	5: depth 6 in 41.66 seconds
	6: depth 7 in 42.40 seconds
	7: depth 8 in 42.16 seconds
	8: depth 9 in 41.69 seconds
	9: depth 10 in 41.78 seconds
	10: depth 11 in 41.87 seconds
	11: depth 12 in 41.76 seconds
	12: depth 13 in 42.33 seconds
	13: depth 14 in 41.52 seconds
	14: depth 15 in 41.85 seconds
	15: depth 16 in 41.82 seconds
	16: depth 17 in 41.73 seconds
	17: depth 18 in 42.19 seconds
	18: depth 19 in 41.82 seconds
	19: depth 20 in 41.55 seconds
	20: depth 21 in 41.72 seconds
	21: depth 22 in 42.34 seconds
	22: depth 23 in 42.44 seconds
	23: depth 24 in 41.75 seconds
	24: depth 25 in 42.04 seconds
	25: depth 26 in 42.10 seconds
	26: depth 27 in 42.04 seconds
	27: depth 28 in 42.17 seconds
	28: depth 29 in 42.21 seconds
	29: depth 30 in 41.47 seconds
	30: depth 31 in 42.01 seconds
	31: depth 32 in 41.62 seconds
	32: depth 33 in 41.98 seconds
	33: depth 34 in 42.06 seconds
	34: depth 35 in 41.80 seconds
	35: depth 36 in 41.81 seconds
	36: depth 37 in 42.51 seconds
	37: depth 38 in 41.42 seconds
	38: depth 39 in 41.42 seconds
	39: depth 40 in 41.90 seconds
	40: depth 41 in 41.95 seconds
	41: depth 42 in 42.40 seconds
	42: depth 43 in 41.31 seconds
	43: depth 44 in 42.08 seconds
	44: depth 45 in 41.76 seconds
	45: depth 46 in 41.67 seconds
	46: depth 47 in 42.24 seconds
	47: depth 48 in 41.49 seconds
	48: depth 49 in 42.19 seconds
	49: depth 50 in 41.83 seconds
	50: depth 51 in 41.76 seconds
	51: depth 52 in 41.04 seconds
	52: depth 53 in 41.71 seconds
	53: depth 54 in 42.12 seconds
	54: depth 55 in 41.23 seconds
	55: depth 56 in 41.39 seconds
	56: depth 57 in 41.80 seconds
	57: depth 58 in 42.08 seconds
	58: depth 59 in 42.13 seconds
	59: depth 60 in 41.94 seconds
	60: depth 61 in 41.47 seconds
	61: depth 62 in 42.16 seconds
	62: depth 63 in 41.31 seconds
	63: depth 64 in 41.65 seconds
