p42-net5-b22-g4_rt0_instance FAILED
	reason failed: timeout
problem details:
	state size: 13258
	depth timeout: 300
with
	no plan found
	depth: 103
	time: 300.00 seconds
history:
	0: depth 1 in 5.88 seconds
	1: depth 2 in 7.72 seconds
	2: depth 3 in 9.05 seconds
	3: depth 4 in 10.55 seconds
	4: depth 5 in 12.04 seconds
	5: depth 6 in 14.00 seconds
	6: depth 7 in 15.22 seconds
	7: depth 8 in 16.73 seconds
	8: depth 9 in 18.84 seconds
	9: depth 10 in 20.35 seconds
	10: depth 11 in 21.94 seconds
	11: depth 12 in 23.04 seconds
	12: depth 13 in 25.35 seconds
	13: depth 14 in 26.74 seconds
	14: depth 15 in 29.05 seconds
	15: depth 16 in 30.20 seconds
	16: depth 17 in 31.07 seconds
	17: depth 18 in 32.63 seconds
	18: depth 19 in 35.72 seconds
	19: depth 20 in 36.79 seconds
	20: depth 21 in 37.34 seconds
	21: depth 22 in 40.06 seconds
	22: depth 23 in 40.77 seconds
	23: depth 24 in 42.30 seconds
	24: depth 25 in 45.18 seconds
	25: depth 26 in 45.97 seconds
	26: depth 27 in 47.17 seconds
	27: depth 28 in 50.07 seconds
	28: depth 29 in 50.48 seconds
	29: depth 30 in 52.30 seconds
	30: depth 31 in 54.83 seconds
	31: depth 32 in 55.12 seconds
	32: depth 33 in 57.46 seconds
	33: depth 34 in 58.28 seconds
	34: depth 35 in 60.64 seconds
	35: depth 36 in 62.97 seconds
	36: depth 37 in 64.54 seconds
	37: depth 38 in 64.71 seconds
	38: depth 39 in 67.59 seconds
	39: depth 40 in 69.15 seconds
	40: depth 41 in 69.40 seconds
	41: depth 42 in 71.40 seconds
	42: depth 43 in 72.50 seconds
	43: depth 44 in 76.17 seconds
	44: depth 45 in 75.98 seconds
	45: depth 46 in 79.46 seconds
	46: depth 47 in 79.24 seconds
	47: depth 48 in 80.95 seconds
	48: depth 49 in 84.88 seconds
	49: depth 50 in 83.48 seconds
	50: depth 51 in 85.48 seconds
	51: depth 52 in 88.81 seconds
	52: depth 53 in 90.91 seconds
	53: depth 54 in 93.05 seconds
	54: depth 55 in 94.11 seconds
	55: depth 56 in 93.86 seconds
	56: depth 57 in 96.97 seconds
	57: depth 58 in 99.22 seconds
	58: depth 59 in 99.57 seconds
	59: depth 60 in 100.64 seconds
	60: depth 61 in 103.57 seconds
	61: depth 62 in 102.90 seconds
	62: depth 63 in 104.80 seconds
	63: depth 64 in 107.63 seconds
	64: depth 65 in 110.62 seconds
	65: depth 66 in 109.61 seconds
	66: depth 67 in 111.53 seconds
	67: depth 68 in 113.72 seconds
	68: depth 69 in 114.49 seconds
	69: depth 70 in 118.08 seconds
	70: depth 71 in 117.01 seconds
	71: depth 72 in 119.60 seconds
	72: depth 73 in 121.50 seconds
	73: depth 74 in 123.18 seconds
	74: depth 75 in 124.65 seconds
	75: depth 76 in 126.52 seconds
	76: depth 77 in 128.05 seconds
	77: depth 78 in 128.67 seconds
	78: depth 79 in 131.17 seconds
	79: depth 80 in 133.03 seconds
	80: depth 81 in 133.71 seconds
	81: depth 82 in 137.37 seconds
	82: depth 83 in 137.73 seconds
	83: depth 84 in 138.18 seconds
	84: depth 85 in 140.83 seconds
	85: depth 86 in 142.37 seconds
	86: depth 87 in 144.00 seconds
	87: depth 88 in 146.12 seconds
	88: depth 89 in 147.73 seconds
	89: depth 90 in 149.61 seconds
	90: depth 91 in 153.15 seconds
	91: depth 92 in 153.95 seconds
	92: depth 93 in 156.03 seconds
	93: depth 94 in 155.09 seconds
	94: depth 95 in 156.88 seconds
	95: depth 96 in 159.50 seconds
	96: depth 97 in 171.45 seconds
	97: depth 98 in 161.83 seconds
	98: depth 99 in 164.17 seconds
	99: depth 100 in 163.99 seconds
	100: depth 101 in 165.60 seconds
	101: depth 102 in 168.93 seconds
