p43-net5-b24-g3_rt0_instance FAILED
	reason failed: timeout
problem details:
	state size: 21752
	depth timeout: 300
with
	no plan found
	depth: 46
	time: 300.00 seconds
history:
	0: depth 1 in 13.33 seconds
	1: depth 2 in 16.31 seconds
	2: depth 3 in 20.36 seconds
	3: depth 4 in 23.16 seconds
	4: depth 5 in 26.36 seconds
	5: depth 6 in 30.81 seconds
	6: depth 7 in 34.18 seconds
	7: depth 8 in 36.86 seconds
	8: depth 9 in 40.13 seconds
	9: depth 10 in 43.68 seconds
	10: depth 11 in 47.22 seconds
	11: depth 12 in 50.71 seconds
	12: depth 13 in 53.57 seconds
	13: depth 14 in 57.09 seconds
	14: depth 15 in 61.22 seconds
	15: depth 16 in 64.27 seconds
	16: depth 17 in 67.65 seconds
	17: depth 18 in 71.10 seconds
	18: depth 19 in 74.58 seconds
	19: depth 20 in 77.80 seconds
	20: depth 21 in 82.12 seconds
	21: depth 22 in 86.89 seconds
	22: depth 23 in 87.47 seconds
	23: depth 24 in 93.54 seconds
	24: depth 25 in 96.35 seconds
	25: depth 26 in 98.87 seconds
	26: depth 27 in 101.84 seconds
	27: depth 28 in 106.22 seconds
	28: depth 29 in 110.32 seconds
	29: depth 30 in 113.39 seconds
	30: depth 31 in 116.18 seconds
	31: depth 32 in 121.55 seconds
	32: depth 33 in 125.60 seconds
	33: depth 34 in 126.71 seconds
	34: depth 35 in 132.78 seconds
	35: depth 36 in 133.00 seconds
	36: depth 37 in 138.02 seconds
	37: depth 38 in 140.57 seconds
	38: depth 39 in 145.18 seconds
	39: depth 40 in 146.52 seconds
	40: depth 41 in 150.39 seconds
	41: depth 42 in 156.00 seconds
	42: depth 43 in 157.39 seconds
	43: depth 44 in 160.63 seconds
	44: depth 45 in 164.22 seconds
