p44-net5-b24-g5_rt0_instance FAILED
	reason failed: timeout
problem details:
	state size: 21752
	depth timeout: 300
with
	no plan found
	depth: 135
	time: 300.00 seconds
history:
	0: depth 1 in 13.22 seconds
	1: depth 2 in 16.56 seconds
	2: depth 3 in 19.78 seconds
	3: depth 4 in 23.14 seconds
	4: depth 5 in 26.79 seconds
	5: depth 6 in 29.96 seconds
	6: depth 7 in 33.17 seconds
	7: depth 8 in 37.18 seconds
	8: depth 9 in 40.66 seconds
	9: depth 10 in 42.61 seconds
	10: depth 11 in 46.67 seconds
	11: depth 12 in 50.76 seconds
	12: depth 13 in 53.33 seconds
	13: depth 14 in 56.28 seconds
	14: depth 15 in 60.81 seconds
	15: depth 16 in 64.37 seconds
	16: depth 17 in 68.26 seconds
	17: depth 18 in 70.01 seconds
	18: depth 19 in 75.55 seconds
	19: depth 20 in 77.89 seconds
	20: depth 21 in 81.18 seconds
	21: depth 22 in 83.74 seconds
	22: depth 23 in 89.31 seconds
	23: depth 24 in 90.98 seconds
	24: depth 25 in 93.61 seconds
	25: depth 26 in 99.65 seconds
	26: depth 27 in 102.11 seconds
	27: depth 28 in 104.44 seconds
	28: depth 29 in 107.22 seconds
	29: depth 30 in 111.68 seconds
	30: depth 31 in 114.59 seconds
	31: depth 32 in 117.94 seconds
	32: depth 33 in 120.05 seconds
	33: depth 34 in 127.40 seconds
	34: depth 35 in 129.15 seconds
	35: depth 36 in 132.46 seconds
	36: depth 37 in 134.34 seconds
	37: depth 38 in 141.31 seconds
	38: depth 39 in 141.45 seconds
	39: depth 40 in 145.25 seconds
	40: depth 41 in 149.33 seconds
	41: depth 42 in 151.88 seconds
	42: depth 43 in 157.34 seconds
	43: depth 44 in 157.14 seconds
	44: depth 45 in 162.93 seconds
	45: depth 46 in 125.28 seconds
	46: depth 47 in 107.68 seconds
	47: depth 48 in 97.95 seconds
	48: depth 49 in 97.28 seconds
	49: depth 50 in 99.35 seconds
	50: depth 51 in 100.63 seconds
	51: depth 52 in 102.24 seconds
	52: depth 53 in 104.93 seconds
	53: depth 54 in 106.19 seconds
	54: depth 55 in 107.46 seconds
	55: depth 56 in 108.41 seconds
	56: depth 57 in 109.78 seconds
	57: depth 58 in 112.09 seconds
	58: depth 59 in 114.39 seconds
	59: depth 60 in 114.48 seconds
	60: depth 61 in 116.51 seconds
	61: depth 62 in 119.76 seconds
	62: depth 63 in 119.34 seconds
	63: depth 64 in 121.97 seconds
	64: depth 65 in 122.27 seconds
	65: depth 66 in 123.36 seconds
	66: depth 67 in 127.41 seconds
	67: depth 68 in 127.18 seconds
	68: depth 69 in 130.49 seconds
	69: depth 70 in 131.49 seconds
	70: depth 71 in 132.85 seconds
	71: depth 72 in 135.49 seconds
	72: depth 73 in 134.93 seconds
	73: depth 74 in 139.25 seconds
	74: depth 75 in 138.98 seconds
	75: depth 76 in 139.94 seconds
	76: depth 77 in 141.88 seconds
	77: depth 78 in 143.71 seconds
	78: depth 79 in 144.75 seconds
	79: depth 80 in 146.09 seconds
	80: depth 81 in 148.42 seconds
	81: depth 82 in 151.63 seconds
	82: depth 83 in 153.06 seconds
	83: depth 84 in 153.37 seconds
	84: depth 85 in 156.72 seconds
	85: depth 86 in 155.94 seconds
	86: depth 87 in 157.63 seconds
	87: depth 88 in 163.06 seconds
	88: depth 89 in 161.89 seconds
	89: depth 90 in 162.90 seconds
	90: depth 91 in 165.27 seconds
	91: depth 92 in 165.62 seconds
	92: depth 93 in 170.05 seconds
	93: depth 94 in 168.59 seconds
	94: depth 95 in 170.99 seconds
	95: depth 96 in 172.23 seconds
	96: depth 97 in 172.78 seconds
	97: depth 98 in 175.41 seconds
	98: depth 99 in 175.19 seconds
	99: depth 100 in 177.28 seconds
	100: depth 101 in 181.44 seconds
	101: depth 102 in 183.14 seconds
	102: depth 103 in 183.51 seconds
	103: depth 104 in 185.22 seconds
	104: depth 105 in 188.22 seconds
	105: depth 106 in 190.51 seconds
	106: depth 107 in 190.47 seconds
	107: depth 108 in 190.41 seconds
	108: depth 109 in 191.91 seconds
	109: depth 110 in 194.80 seconds
	110: depth 111 in 195.75 seconds
	111: depth 112 in 196.85 seconds
	112: depth 113 in 200.09 seconds
	113: depth 114 in 201.19 seconds
	114: depth 115 in 202.91 seconds
	115: depth 116 in 203.56 seconds
	116: depth 117 in 204.92 seconds
	117: depth 118 in 205.45 seconds
	118: depth 119 in 209.29 seconds
	119: depth 120 in 209.66 seconds
	120: depth 121 in 214.42 seconds
	121: depth 122 in 214.73 seconds
	122: depth 123 in 212.20 seconds
	123: depth 124 in 218.23 seconds
	124: depth 125 in 221.98 seconds
	125: depth 126 in 221.93 seconds
	126: depth 127 in 222.02 seconds
	127: depth 128 in 224.77 seconds
	128: depth 129 in 223.84 seconds
	129: depth 130 in 227.97 seconds
	130: depth 131 in 230.77 seconds
	131: depth 132 in 231.67 seconds
	132: depth 133 in 232.84 seconds
	133: depth 134 in 233.09 seconds
