p45-net5-b26-g4_rt0_instance FAILED
	reason failed: timeout
problem details:
	state size: 15582
	depth timeout: 300
with
	no plan found
	depth: 112
	time: 300.00 seconds
history:
	0: depth 1 in 7.76 seconds
	1: depth 2 in 9.89 seconds
	2: depth 3 in 11.75 seconds
	3: depth 4 in 13.36 seconds
	4: depth 5 in 15.91 seconds
	5: depth 6 in 17.38 seconds
	6: depth 7 in 19.42 seconds
	7: depth 8 in 21.61 seconds
	8: depth 9 in 23.54 seconds
	9: depth 10 in 25.56 seconds
	10: depth 11 in 28.66 seconds
	11: depth 12 in 30.50 seconds
	12: depth 13 in 31.75 seconds
	13: depth 14 in 33.68 seconds
	14: depth 15 in 35.74 seconds
	15: depth 16 in 38.99 seconds
	16: depth 17 in 40.84 seconds
	17: depth 18 in 42.06 seconds
	18: depth 19 in 44.03 seconds
	19: depth 20 in 45.89 seconds
	20: depth 21 in 48.62 seconds
	21: depth 22 in 51.19 seconds
	22: depth 23 in 53.46 seconds
	23: depth 24 in 53.92 seconds
	24: depth 25 in 58.11 seconds
	25: depth 26 in 60.07 seconds
	26: depth 27 in 61.26 seconds
	27: depth 28 in 62.59 seconds
	28: depth 29 in 66.04 seconds
	29: depth 30 in 68.37 seconds
	30: depth 31 in 69.25 seconds
	31: depth 32 in 71.43 seconds
	32: depth 33 in 75.67 seconds
	33: depth 34 in 74.90 seconds
	34: depth 35 in 77.64 seconds
	35: depth 36 in 80.59 seconds
	36: depth 37 in 81.60 seconds
	37: depth 38 in 83.88 seconds
	38: depth 39 in 87.06 seconds
	39: depth 40 in 88.40 seconds
	40: depth 41 in 91.08 seconds
	41: depth 42 in 91.90 seconds
	42: depth 43 in 94.92 seconds
	43: depth 44 in 96.12 seconds
	44: depth 45 in 98.63 seconds
	45: depth 46 in 101.30 seconds
	46: depth 47 in 104.87 seconds
	47: depth 48 in 103.94 seconds
	48: depth 49 in 110.18 seconds
	49: depth 50 in 108.47 seconds
	50: depth 51 in 112.56 seconds
	51: depth 52 in 114.79 seconds
	52: depth 53 in 115.05 seconds
	53: depth 54 in 117.78 seconds
	54: depth 55 in 121.62 seconds
	55: depth 56 in 121.33 seconds
	56: depth 57 in 126.83 seconds
	57: depth 58 in 127.89 seconds
	58: depth 59 in 128.26 seconds
	59: depth 60 in 132.05 seconds
	60: depth 61 in 131.54 seconds
	61: depth 62 in 133.87 seconds
	62: depth 63 in 139.38 seconds
	63: depth 64 in 141.21 seconds
	64: depth 65 in 141.82 seconds
	65: depth 66 in 141.98 seconds
	66: depth 67 in 144.69 seconds
	67: depth 68 in 147.21 seconds
	68: depth 69 in 149.29 seconds
	69: depth 70 in 150.57 seconds
	70: depth 71 in 153.96 seconds
	71: depth 72 in 157.79 seconds
	72: depth 73 in 156.69 seconds
	73: depth 74 in 158.67 seconds
	74: depth 75 in 161.92 seconds
	75: depth 76 in 164.82 seconds
	76: depth 77 in 165.71 seconds
	77: depth 78 in 167.78 seconds
	78: depth 79 in 173.14 seconds
	79: depth 80 in 171.38 seconds
	80: depth 81 in 174.25 seconds
	81: depth 82 in 177.35 seconds
	82: depth 83 in 120.59 seconds
	83: depth 84 in 151.17 seconds
	84: depth 85 in 100.84 seconds
	85: depth 86 in 101.71 seconds
	86: depth 87 in 101.30 seconds
	87: depth 88 in 102.76 seconds
	88: depth 89 in 103.60 seconds
	89: depth 90 in 105.40 seconds
	90: depth 91 in 107.11 seconds
	91: depth 92 in 108.48 seconds
	92: depth 93 in 108.01 seconds
	93: depth 94 in 108.61 seconds
	94: depth 95 in 109.53 seconds
	95: depth 96 in 110.84 seconds
	96: depth 97 in 112.27 seconds
	97: depth 98 in 113.37 seconds
	98: depth 99 in 115.00 seconds
	99: depth 100 in 115.77 seconds
	100: depth 101 in 114.66 seconds
	101: depth 102 in 115.63 seconds
	102: depth 103 in 116.92 seconds
	103: depth 104 in 119.95 seconds
	104: depth 105 in 120.68 seconds
	105: depth 106 in 121.33 seconds
	106: depth 107 in 120.95 seconds
	107: depth 108 in 124.09 seconds
	108: depth 109 in 122.59 seconds
	109: depth 110 in 124.33 seconds
	110: depth 111 in 125.52 seconds
