p46-net5-b26-g6_rt0_instance FAILED
	reason failed: timeout
problem details:
	state size: 15582
	depth timeout: 300
with
	no plan found
	depth: 83
	time: 300.00 seconds
history:
	0: depth 1 in 7.51 seconds
	1: depth 2 in 9.24 seconds
	2: depth 3 in 11.21 seconds
	3: depth 4 in 13.82 seconds
	4: depth 5 in 15.66 seconds
	5: depth 6 in 17.21 seconds
	6: depth 7 in 19.25 seconds
	7: depth 8 in 22.25 seconds
	8: depth 9 in 24.02 seconds
	9: depth 10 in 25.25 seconds
	10: depth 11 in 28.30 seconds
	11: depth 12 in 29.78 seconds
	12: depth 13 in 31.68 seconds
	13: depth 14 in 34.24 seconds
	14: depth 15 in 35.44 seconds
	15: depth 16 in 37.75 seconds
	16: depth 17 in 41.08 seconds
	17: depth 18 in 41.70 seconds
	18: depth 19 in 44.90 seconds
	19: depth 20 in 46.63 seconds
	20: depth 21 in 47.91 seconds
	21: depth 22 in 51.28 seconds
	22: depth 23 in 54.91 seconds
	23: depth 24 in 55.13 seconds
	24: depth 25 in 58.85 seconds
	25: depth 26 in 59.94 seconds
	26: depth 27 in 61.93 seconds
	27: depth 28 in 63.05 seconds
	28: depth 29 in 65.78 seconds
	29: depth 30 in 67.15 seconds
	30: depth 31 in 69.65 seconds
	31: depth 32 in 72.50 seconds
	32: depth 33 in 73.10 seconds
	33: depth 34 in 75.17 seconds
	34: depth 35 in 79.40 seconds
	35: depth 36 in 80.26 seconds
	36: depth 37 in 81.08 seconds
	37: depth 38 in 86.06 seconds
	38: depth 39 in 87.80 seconds
	39: depth 40 in 89.07 seconds
	40: depth 41 in 90.58 seconds
	41: depth 42 in 91.78 seconds
	42: depth 43 in 93.69 seconds
	43: depth 44 in 95.74 seconds
	44: depth 45 in 99.00 seconds
	45: depth 46 in 101.62 seconds
	46: depth 47 in 102.07 seconds
	47: depth 48 in 105.06 seconds
	48: depth 49 in 105.92 seconds
	49: depth 50 in 108.42 seconds
	50: depth 51 in 113.13 seconds
	51: depth 52 in 112.76 seconds
	52: depth 53 in 117.50 seconds
	53: depth 54 in 118.77 seconds
	54: depth 55 in 120.33 seconds
	55: depth 56 in 123.30 seconds
	56: depth 57 in 125.32 seconds
	57: depth 58 in 127.17 seconds
	58: depth 59 in 129.76 seconds
	59: depth 60 in 132.38 seconds
	60: depth 61 in 131.55 seconds
	61: depth 62 in 136.06 seconds
	62: depth 63 in 139.01 seconds
	63: depth 64 in 140.55 seconds
	64: depth 65 in 142.70 seconds
	65: depth 66 in 145.54 seconds
	66: depth 67 in 146.37 seconds
	67: depth 68 in 148.41 seconds
	68: depth 69 in 147.42 seconds
	69: depth 70 in 151.37 seconds
	70: depth 71 in 152.92 seconds
	71: depth 72 in 154.40 seconds
	72: depth 73 in 157.85 seconds
	73: depth 74 in 158.94 seconds
	74: depth 75 in 161.56 seconds
	75: depth 76 in 162.46 seconds
	76: depth 77 in 164.68 seconds
	77: depth 78 in 168.54 seconds
	78: depth 79 in 170.40 seconds
	79: depth 80 in 170.54 seconds
	80: depth 81 in 176.85 seconds
	81: depth 82 in 179.61 seconds
