p47-net5-b28-g5_rt0_instance FAILED
	reason failed: timeout
problem details:
	state size: 17468
	depth timeout: 300
with
	no plan found
	depth: 68
	time: 300.00 seconds
history:
	0: depth 1 in 9.00 seconds
	1: depth 2 in 11.26 seconds
	2: depth 3 in 13.80 seconds
	3: depth 4 in 15.86 seconds
	4: depth 5 in 18.72 seconds
	5: depth 6 in 21.09 seconds
	6: depth 7 in 23.47 seconds
	7: depth 8 in 25.93 seconds
	8: depth 9 in 27.54 seconds
	9: depth 10 in 30.81 seconds
	10: depth 11 in 32.92 seconds
	11: depth 12 in 34.91 seconds
	12: depth 13 in 38.31 seconds
	13: depth 14 in 40.83 seconds
	14: depth 15 in 43.12 seconds
	15: depth 16 in 44.75 seconds
	16: depth 17 in 48.12 seconds
	17: depth 18 in 50.75 seconds
	18: depth 19 in 53.17 seconds
	19: depth 20 in 54.18 seconds
	20: depth 21 in 56.92 seconds
	21: depth 22 in 60.75 seconds
	22: depth 23 in 62.94 seconds
	23: depth 24 in 65.21 seconds
	24: depth 25 in 67.70 seconds
	25: depth 26 in 70.46 seconds
	26: depth 27 in 71.66 seconds
	27: depth 28 in 74.01 seconds
	28: depth 29 in 77.48 seconds
	29: depth 30 in 80.94 seconds
	30: depth 31 in 81.07 seconds
	31: depth 32 in 86.00 seconds
	32: depth 33 in 87.34 seconds
	33: depth 34 in 88.79 seconds
	34: depth 35 in 93.54 seconds
	35: depth 36 in 93.40 seconds
	36: depth 37 in 98.36 seconds
	37: depth 38 in 100.53 seconds
	38: depth 39 in 102.75 seconds
	39: depth 40 in 102.62 seconds
	40: depth 41 in 108.57 seconds
	41: depth 42 in 109.89 seconds
	42: depth 43 in 112.44 seconds
	43: depth 44 in 112.71 seconds
	44: depth 45 in 116.06 seconds
	45: depth 46 in 120.37 seconds
	46: depth 47 in 123.14 seconds
	47: depth 48 in 128.91 seconds
	48: depth 49 in 124.96 seconds
	49: depth 50 in 127.51 seconds
	50: depth 51 in 132.02 seconds
	51: depth 52 in 136.03 seconds
	52: depth 53 in 137.45 seconds
	53: depth 54 in 138.13 seconds
	54: depth 55 in 142.32 seconds
	55: depth 56 in 144.47 seconds
	56: depth 57 in 147.96 seconds
	57: depth 58 in 150.47 seconds
	58: depth 59 in 152.82 seconds
	59: depth 60 in 154.69 seconds
	60: depth 61 in 158.03 seconds
	61: depth 62 in 159.47 seconds
	62: depth 63 in 162.95 seconds
	63: depth 64 in 164.08 seconds
	64: depth 65 in 162.70 seconds
	65: depth 66 in 169.63 seconds
	66: depth 67 in 171.39 seconds
