p48-net5-b28-g7_rt0_instance FAILED
	reason failed: timeout
problem details:
	state size: 17468
	depth timeout: 300
with
	no plan found
	depth: 68
	time: 300.00 seconds
history:
	0: depth 1 in 8.95 seconds
	1: depth 2 in 11.30 seconds
	2: depth 3 in 14.13 seconds
	3: depth 4 in 15.94 seconds
	4: depth 5 in 18.71 seconds
	5: depth 6 in 20.76 seconds
	6: depth 7 in 23.11 seconds
	7: depth 8 in 25.77 seconds
	8: depth 9 in 29.03 seconds
	9: depth 10 in 31.29 seconds
	10: depth 11 in 32.87 seconds
	11: depth 12 in 35.19 seconds
	12: depth 13 in 37.55 seconds
	13: depth 14 in 41.46 seconds
	14: depth 15 in 42.52 seconds
	15: depth 16 in 45.22 seconds
	16: depth 17 in 48.07 seconds
	17: depth 18 in 51.61 seconds
	18: depth 19 in 52.70 seconds
	19: depth 20 in 55.67 seconds
	20: depth 21 in 58.71 seconds
	21: depth 22 in 60.35 seconds
	22: depth 23 in 63.04 seconds
	23: depth 24 in 66.46 seconds
	24: depth 25 in 67.45 seconds
	25: depth 26 in 71.35 seconds
	26: depth 27 in 73.85 seconds
	27: depth 28 in 75.81 seconds
	28: depth 29 in 80.83 seconds
	29: depth 30 in 80.55 seconds
	30: depth 31 in 82.23 seconds
	31: depth 32 in 84.32 seconds
	32: depth 33 in 89.23 seconds
	33: depth 34 in 89.39 seconds
	34: depth 35 in 92.84 seconds
	35: depth 36 in 94.59 seconds
	36: depth 37 in 97.30 seconds
	37: depth 38 in 101.71 seconds
	38: depth 39 in 104.13 seconds
	39: depth 40 in 104.16 seconds
	40: depth 41 in 106.81 seconds
	41: depth 42 in 111.35 seconds
	42: depth 43 in 111.80 seconds
	43: depth 44 in 115.85 seconds
	44: depth 45 in 116.42 seconds
	45: depth 46 in 120.14 seconds
	46: depth 47 in 121.36 seconds
	47: depth 48 in 124.65 seconds
	48: depth 49 in 127.20 seconds
	49: depth 50 in 130.79 seconds
	50: depth 51 in 131.53 seconds
	51: depth 52 in 133.84 seconds
	52: depth 53 in 136.69 seconds
	53: depth 54 in 140.02 seconds
	54: depth 55 in 141.43 seconds
	55: depth 56 in 145.40 seconds
	56: depth 57 in 146.17 seconds
	57: depth 58 in 148.20 seconds
	58: depth 59 in 151.02 seconds
	59: depth 60 in 152.80 seconds
	60: depth 61 in 159.01 seconds
	61: depth 62 in 157.67 seconds
	62: depth 63 in 165.21 seconds
	63: depth 64 in 164.45 seconds
	64: depth 65 in 169.02 seconds
	65: depth 66 in 171.11 seconds
	66: depth 67 in 175.34 seconds
