p49-net5-b30-g6_rt0_instance FAILED
	reason failed: timeout
problem details:
	state size: 19460
	depth timeout: 300
with
	no plan found
	depth: 126
	time: 300.00 seconds
history:
	0: depth 1 in 11.02 seconds
	1: depth 2 in 13.76 seconds
	2: depth 3 in 16.52 seconds
	3: depth 4 in 18.72 seconds
	4: depth 5 in 21.75 seconds
	5: depth 6 in 25.32 seconds
	6: depth 7 in 28.37 seconds
	7: depth 8 in 30.14 seconds
	8: depth 9 in 33.13 seconds
	9: depth 10 in 36.01 seconds
	10: depth 11 in 39.99 seconds
	11: depth 12 in 41.97 seconds
	12: depth 13 in 45.90 seconds
	13: depth 14 in 48.64 seconds
	14: depth 15 in 51.79 seconds
	15: depth 16 in 54.88 seconds
	16: depth 17 in 58.10 seconds
	17: depth 18 in 60.71 seconds
	18: depth 19 in 62.44 seconds
	19: depth 20 in 67.23 seconds
	20: depth 21 in 69.82 seconds
	21: depth 22 in 72.33 seconds
	22: depth 23 in 75.83 seconds
	23: depth 24 in 78.11 seconds
	24: depth 25 in 83.54 seconds
	25: depth 26 in 85.11 seconds
	26: depth 27 in 85.73 seconds
	27: depth 28 in 91.75 seconds
	28: depth 29 in 94.63 seconds
	29: depth 30 in 94.88 seconds
	30: depth 31 in 101.07 seconds
	31: depth 32 in 103.13 seconds
	32: depth 33 in 106.25 seconds
	33: depth 34 in 108.89 seconds
	34: depth 35 in 112.59 seconds
	35: depth 36 in 115.85 seconds
	36: depth 37 in 118.87 seconds
	37: depth 38 in 121.76 seconds
	38: depth 39 in 124.09 seconds
	39: depth 40 in 124.78 seconds
	40: depth 41 in 130.85 seconds
	41: depth 42 in 134.66 seconds
	42: depth 43 in 134.90 seconds
	43: depth 44 in 138.26 seconds
	44: depth 45 in 143.63 seconds
	45: depth 46 in 146.07 seconds
	46: depth 47 in 148.82 seconds
	47: depth 48 in 149.26 seconds
	48: depth 49 in 155.99 seconds
	49: depth 50 in 158.32 seconds
	50: depth 51 in 161.84 seconds
	51: depth 52 in 164.39 seconds
	52: depth 53 in 166.72 seconds
	53: depth 54 in 170.52 seconds
	54: depth 55 in 174.01 seconds
	55: depth 56 in 177.75 seconds
	56: depth 57 in 117.26 seconds
	57: depth 58 in 99.78 seconds
	58: depth 59 in 98.97 seconds
	59: depth 60 in 101.67 seconds
	60: depth 61 in 100.92 seconds
	61: depth 62 in 104.95 seconds
	62: depth 63 in 104.87 seconds
	63: depth 64 in 105.67 seconds
	64: depth 65 in 108.76 seconds
	65: depth 66 in 110.01 seconds
	66: depth 67 in 110.47 seconds
	67: depth 68 in 112.92 seconds
	68: depth 69 in 111.95 seconds
	69: depth 70 in 114.31 seconds
	70: depth 71 in 115.66 seconds
	71: depth 72 in 116.82 seconds
	72: depth 73 in 116.98 seconds
	73: depth 74 in 119.32 seconds
	74: depth 75 in 120.64 seconds
	75: depth 76 in 121.38 seconds
	76: depth 77 in 122.74 seconds
	77: depth 78 in 124.79 seconds
	78: depth 79 in 125.67 seconds
	79: depth 80 in 128.34 seconds
	80: depth 81 in 128.43 seconds
	81: depth 82 in 131.07 seconds
	82: depth 83 in 131.44 seconds
	83: depth 84 in 134.64 seconds
	84: depth 85 in 139.53 seconds
	85: depth 86 in 135.83 seconds
	86: depth 87 in 136.94 seconds
	87: depth 88 in 138.77 seconds
	88: depth 89 in 139.84 seconds
	89: depth 90 in 141.03 seconds
	90: depth 91 in 144.60 seconds
	91: depth 92 in 145.82 seconds
	92: depth 93 in 146.09 seconds
	93: depth 94 in 147.67 seconds
	94: depth 95 in 147.43 seconds
	95: depth 96 in 148.73 seconds
	96: depth 97 in 149.87 seconds
	97: depth 98 in 151.38 seconds
	98: depth 99 in 154.05 seconds
	99: depth 100 in 155.44 seconds
	100: depth 101 in 156.37 seconds
	101: depth 102 in 157.44 seconds
	102: depth 103 in 158.86 seconds
	103: depth 104 in 159.72 seconds
	104: depth 105 in 161.99 seconds
	105: depth 106 in 163.17 seconds
	106: depth 107 in 164.02 seconds
	107: depth 108 in 166.17 seconds
	108: depth 109 in 166.67 seconds
	109: depth 110 in 168.87 seconds
	110: depth 111 in 168.97 seconds
	111: depth 112 in 171.01 seconds
	112: depth 113 in 172.55 seconds
	113: depth 114 in 174.75 seconds
	114: depth 115 in 177.49 seconds
	115: depth 116 in 177.07 seconds
	116: depth 117 in 179.84 seconds
	117: depth 118 in 180.41 seconds
	118: depth 119 in 180.58 seconds
	119: depth 120 in 185.45 seconds
	120: depth 121 in 182.48 seconds
	121: depth 122 in 186.08 seconds
	122: depth 123 in 186.75 seconds
	123: depth 124 in 188.12 seconds
	124: depth 125 in 189.62 seconds
