p50-net5-b30-g8_rt0_instance FAILED
	reason failed: timeout
problem details:
	state size: 19460
	depth timeout: 300
with
	no plan found
	depth: 126
	time: 300.00 seconds
history:
	0: depth 1 in 10.44 seconds
	1: depth 2 in 13.41 seconds
	2: depth 3 in 16.38 seconds
	3: depth 4 in 19.57 seconds
	4: depth 5 in 21.74 seconds
	5: depth 6 in 24.91 seconds
	6: depth 7 in 27.64 seconds
	7: depth 8 in 30.51 seconds
	8: depth 9 in 34.26 seconds
	9: depth 10 in 36.91 seconds
	10: depth 11 in 39.00 seconds
	11: depth 12 in 42.40 seconds
	12: depth 13 in 46.13 seconds
	13: depth 14 in 49.41 seconds
	14: depth 15 in 51.17 seconds
	15: depth 16 in 55.31 seconds
	16: depth 17 in 58.39 seconds
	17: depth 18 in 61.75 seconds
	18: depth 19 in 63.44 seconds
	19: depth 20 in 67.41 seconds
	20: depth 21 in 70.17 seconds
	21: depth 22 in 72.77 seconds
	22: depth 23 in 76.73 seconds
	23: depth 24 in 77.26 seconds
	24: depth 25 in 82.83 seconds
	25: depth 26 in 85.79 seconds
	26: depth 27 in 87.91 seconds
	27: depth 28 in 91.97 seconds
	28: depth 29 in 94.17 seconds
	29: depth 30 in 97.42 seconds
	30: depth 31 in 100.75 seconds
	31: depth 32 in 103.68 seconds
	32: depth 33 in 106.69 seconds
	33: depth 34 in 109.99 seconds
	34: depth 35 in 109.72 seconds
	35: depth 36 in 113.70 seconds
	36: depth 37 in 117.93 seconds
	37: depth 38 in 121.06 seconds
	38: depth 39 in 124.45 seconds
	39: depth 40 in 128.31 seconds
	40: depth 41 in 131.62 seconds
	41: depth 42 in 132.34 seconds
	42: depth 43 in 135.59 seconds
	43: depth 44 in 139.51 seconds
	44: depth 45 in 140.74 seconds
	45: depth 46 in 145.19 seconds
	46: depth 47 in 147.54 seconds
	47: depth 48 in 151.67 seconds
	48: depth 49 in 154.63 seconds
	49: depth 50 in 158.66 seconds
	50: depth 51 in 161.52 seconds
	51: depth 52 in 163.35 seconds
	52: depth 53 in 164.65 seconds
	53: depth 54 in 168.44 seconds
	54: depth 55 in 173.68 seconds
	55: depth 56 in 176.80 seconds
	56: depth 57 in 112.13 seconds
	57: depth 58 in 100.14 seconds
	58: depth 59 in 100.32 seconds
	59: depth 60 in 99.77 seconds
	60: depth 61 in 102.87 seconds
	61: depth 62 in 104.71 seconds
	62: depth 63 in 105.44 seconds
	63: depth 64 in 105.59 seconds
	64: depth 65 in 108.65 seconds
	65: depth 66 in 108.90 seconds
	66: depth 67 in 111.74 seconds
	67: depth 68 in 111.27 seconds
	68: depth 69 in 113.41 seconds
	69: depth 70 in 116.56 seconds
	70: depth 71 in 116.93 seconds
	71: depth 72 in 117.94 seconds
	72: depth 73 in 118.31 seconds
	73: depth 74 in 121.35 seconds
	74: depth 75 in 120.96 seconds
	75: depth 76 in 124.08 seconds
	76: depth 77 in 124.15 seconds
	77: depth 78 in 125.77 seconds
	78: depth 79 in 126.60 seconds
	79: depth 80 in 128.76 seconds
	80: depth 81 in 131.37 seconds
	81: depth 82 in 130.15 seconds
	82: depth 83 in 132.26 seconds
	83: depth 84 in 135.24 seconds
	84: depth 85 in 135.03 seconds
	85: depth 86 in 136.31 seconds
	86: depth 87 in 137.55 seconds
	87: depth 88 in 139.08 seconds
	88: depth 89 in 140.28 seconds
	89: depth 90 in 142.14 seconds
	90: depth 91 in 142.91 seconds
	91: depth 92 in 144.88 seconds
	92: depth 93 in 148.27 seconds
	93: depth 94 in 148.29 seconds
	94: depth 95 in 150.73 seconds
	95: depth 96 in 149.04 seconds
	96: depth 97 in 151.95 seconds
	97: depth 98 in 153.39 seconds
	98: depth 99 in 153.82 seconds
	99: depth 100 in 155.38 seconds
	100: depth 101 in 157.17 seconds
	101: depth 102 in 158.36 seconds
	102: depth 103 in 162.07 seconds
	103: depth 104 in 160.48 seconds
	104: depth 105 in 162.71 seconds
	105: depth 106 in 164.15 seconds
	106: depth 107 in 166.25 seconds
	107: depth 108 in 168.23 seconds
	108: depth 109 in 168.67 seconds
	109: depth 110 in 169.79 seconds
	110: depth 111 in 171.93 seconds
	111: depth 112 in 174.10 seconds
	112: depth 113 in 175.13 seconds
	113: depth 114 in 176.31 seconds
	114: depth 115 in 177.39 seconds
	115: depth 116 in 178.60 seconds
	116: depth 117 in 179.26 seconds
	117: depth 118 in 181.23 seconds
	118: depth 119 in 183.04 seconds
	119: depth 120 in 182.70 seconds
	120: depth 121 in 184.95 seconds
	121: depth 122 in 185.50 seconds
	122: depth 123 in 190.70 seconds
	123: depth 124 in 190.30 seconds
	124: depth 125 in 190.06 seconds
