mixed-f6-p3-u0-v0-g0-a0-n0-a0-b0-n0-f0-r1 FAILED
	reason failed: depth out
problem details:
	state size: 36
	maximum depth: 10
with
	depth: 10
	time: 0.15 seconds
history:
	1: depth 1 in 0.11 seconds
	2: depth 2 in 0.11 seconds
	3: depth 3 in 0.12 seconds
	4: depth 4 in 0.12 seconds
	5: depth 5 in 0.10 seconds
	6: depth 6 in 0.09 seconds
	7: depth 7 in 0.10 seconds
	8: depth 8 in 0.10 seconds
	9: depth 9 in 0.10 seconds
breakbreakbreak
mixed-f6-p3-u0-v0-g0-a0-n0-a0-b0-n0-f0-r1 FAILED
	reason failed: depth out
problem details:
	state size: 36
	maximum depth: 10
with
	depth: 10
	time: 0.14 seconds
history:
	1: depth 1 in 0.11 seconds
	2: depth 2 in 0.11 seconds
	3: depth 3 in 0.11 seconds
	4: depth 4 in 0.12 seconds
	5: depth 5 in 0.12 seconds
	6: depth 6 in 0.11 seconds
	7: depth 7 in 0.10 seconds
	8: depth 8 in 0.09 seconds
	9: depth 9 in 0.11 seconds
breakbreakbreak
mixed-f6-p3-u0-v0-g0-a0-n0-a0-b0-n0-f0-r1 FAILED
	reason failed: depth out
problem details:
	state size: 36
	maximum depth: 10
with
	depth: 10
	time: 0.16 seconds
history:
	1: depth 1 in 0.12 seconds
	2: depth 2 in 0.11 seconds
	3: depth 3 in 0.09 seconds
	4: depth 4 in 0.08 seconds
	5: depth 5 in 0.09 seconds
	6: depth 6 in 0.09 seconds
	7: depth 7 in 0.11 seconds
	8: depth 8 in 0.11 seconds
	9: depth 9 in 0.13 seconds
breakbreakbreak
mixed-f6-p3-u0-v0-g0-a0-n0-a0-b0-n0-f0-r1 FAILED
	reason failed: depth out
problem details:
	state size: 36
	maximum depth: 10
with
	depth: 10
	time: 0.14 seconds
history:
	1: depth 1 in 0.12 seconds
	2: depth 2 in 0.10 seconds
	3: depth 3 in 0.08 seconds
	4: depth 4 in 0.12 seconds
	5: depth 5 in 0.11 seconds
	6: depth 6 in 0.09 seconds
	7: depth 7 in 0.10 seconds
	8: depth 8 in 0.12 seconds
	9: depth 9 in 0.09 seconds
breakbreakbreak
mixed-f6-p3-u0-v0-g0-a0-n0-a0-b0-n0-f0-r1 FAILED
	reason failed: depth out
problem details:
	state size: 36
	maximum depth: 10
with
	depth: 10
	time: 0.15 seconds
history:
	1: depth 1 in 0.12 seconds
	2: depth 2 in 0.10 seconds
	3: depth 3 in 0.10 seconds
	4: depth 4 in 0.11 seconds
	5: depth 5 in 0.09 seconds
	6: depth 6 in 0.09 seconds
	7: depth 7 in 0.09 seconds
	8: depth 8 in 0.10 seconds
	9: depth 9 in 0.10 seconds
breakbreakbreak
mixed-f6-p3-u0-v0-g0-a0-n0-a0-b0-n0-f0-r1 FAILED
	reason failed: depth out
problem details:
	state size: 36
	maximum depth: 10
with
	depth: 10
	time: 0.15 seconds
history:
	1: depth 1 in 0.12 seconds
	2: depth 2 in 0.10 seconds
	3: depth 3 in 0.13 seconds
	4: depth 4 in 0.11 seconds
	5: depth 5 in 0.08 seconds
	6: depth 6 in 0.09 seconds
	7: depth 7 in 0.10 seconds
	8: depth 8 in 0.10 seconds
	9: depth 9 in 0.09 seconds
breakbreakbreak
mixed-f6-p3-u0-v0-g0-a0-n0-a0-b0-n0-f0-r1 FAILED
	reason failed: depth out
problem details:
	state size: 36
	maximum depth: 10
with
	depth: 10
	time: 0.15 seconds
history:
	1: depth 1 in 0.12 seconds
	2: depth 2 in 0.11 seconds
	3: depth 3 in 0.12 seconds
	4: depth 4 in 0.12 seconds
	5: depth 5 in 0.09 seconds
	6: depth 6 in 0.10 seconds
	7: depth 7 in 0.11 seconds
	8: depth 8 in 0.09 seconds
	9: depth 9 in 0.09 seconds
breakbreakbreak
mixed-f6-p3-u0-v0-g0-a0-n0-a0-b0-n0-f0-r1 FAILED
	reason failed: depth out
problem details:
	state size: 36
	maximum depth: 10
with
	depth: 10
	time: 0.15 seconds
history:
	1: depth 1 in 0.12 seconds
	2: depth 2 in 0.11 seconds
	3: depth 3 in 0.12 seconds
	4: depth 4 in 0.13 seconds
	5: depth 5 in 0.11 seconds
	6: depth 6 in 0.10 seconds
	7: depth 7 in 0.10 seconds
	8: depth 8 in 0.10 seconds
	9: depth 9 in 0.11 seconds
breakbreakbreak
mixed-f6-p3-u0-v0-g0-a0-n0-a0-b0-n0-f0-r1 FAILED
	reason failed: depth out
problem details:
	state size: 36
	maximum depth: 10
with
	depth: 10
	time: 0.16 seconds
history:
	1: depth 1 in 0.10 seconds
	2: depth 2 in 0.09 seconds
	3: depth 3 in 0.11 seconds
	4: depth 4 in 0.10 seconds
	5: depth 5 in 0.10 seconds
	6: depth 6 in 0.09 seconds
	7: depth 7 in 0.11 seconds
	8: depth 8 in 0.12 seconds
	9: depth 9 in 0.11 seconds
breakbreakbreak
mixed-f6-p3-u0-v0-g0-a0-n0-a0-b0-n0-f0-r1 FAILED
	reason failed: depth out
problem details:
	state size: 36
	maximum depth: 10
with
	depth: 10
	time: 0.16 seconds
history:
	1: depth 1 in 0.10 seconds
	2: depth 2 in 0.11 seconds
	3: depth 3 in 0.12 seconds
	4: depth 4 in 0.09 seconds
	5: depth 5 in 0.10 seconds
	6: depth 6 in 0.11 seconds
	7: depth 7 in 0.11 seconds
	8: depth 8 in 0.09 seconds
	9: depth 9 in 0.10 seconds
