blocks-13-1 FAILED
	reason failed: timeout
problem details:
	state size: 378
	depth timeout: 300
with
	no plan found
	depth: 14
	time: 300.00 seconds
history:
	0: depth 1 in 0.12 seconds
	1: depth 2 in 0.10 seconds
	2: depth 3 in 0.10 seconds
	3: depth 4 in 0.10 seconds
	4: depth 5 in 0.08 seconds
	5: depth 6 in 0.09 seconds
	6: depth 7 in 0.08 seconds
	7: depth 8 in 0.09 seconds
	8: depth 9 in 0.09 seconds
	9: depth 10 in 0.10 seconds
	10: depth 11 in 0.09 seconds
	11: depth 12 in 0.08 seconds
	12: depth 13 in 0.11 seconds
