mixed-f44-p22-u0-v0-g0-a0-n0-a0-b0-n0-f0-r1 FAILED
	reason failed: timeout
problem details:
	state size: 17754
	depth timeout: 300
with
	no plan found
	depth: 67
	time: 300.00 seconds
history:
	0: depth 1 in 0.33 seconds
	1: depth 2 in 0.26 seconds
	2: depth 3 in 0.25 seconds
	3: depth 4 in 0.25 seconds
	4: depth 5 in 0.27 seconds
	5: depth 6 in 0.27 seconds
	6: depth 7 in 0.28 seconds
	7: depth 8 in 0.30 seconds
	8: depth 9 in 0.30 seconds
	9: depth 10 in 0.30 seconds
	10: depth 11 in 0.30 seconds
	11: depth 12 in 0.31 seconds
	12: depth 13 in 0.31 seconds
	13: depth 14 in 0.33 seconds
	14: depth 15 in 0.32 seconds
	15: depth 16 in 0.32 seconds
	16: depth 17 in 0.34 seconds
	17: depth 18 in 0.35 seconds
	18: depth 19 in 0.36 seconds
	19: depth 20 in 0.40 seconds
	20: depth 21 in 0.35 seconds
	21: depth 22 in 0.37 seconds
	22: depth 23 in 0.37 seconds
	23: depth 24 in 0.37 seconds
	24: depth 25 in 0.38 seconds
	25: depth 26 in 0.40 seconds
	26: depth 27 in 0.39 seconds
	27: depth 28 in 0.39 seconds
	28: depth 29 in 0.41 seconds
	29: depth 30 in 0.41 seconds
	30: depth 31 in 0.41 seconds
	31: depth 32 in 0.42 seconds
	32: depth 33 in 0.44 seconds
	33: depth 34 in 0.43 seconds
	34: depth 35 in 0.44 seconds
	35: depth 36 in 0.45 seconds
	36: depth 37 in 0.44 seconds
	37: depth 38 in 0.45 seconds
	38: depth 39 in 0.46 seconds
	39: depth 40 in 0.47 seconds
	40: depth 41 in 0.46 seconds
	41: depth 42 in 0.48 seconds
	42: depth 43 in 0.49 seconds
	43: depth 44 in 0.48 seconds
	44: depth 45 in 0.50 seconds
	45: depth 46 in 0.49 seconds
	46: depth 47 in 0.51 seconds
	47: depth 48 in 0.50 seconds
	48: depth 49 in 0.52 seconds
	49: depth 50 in 0.53 seconds
	50: depth 51 in 0.53 seconds
	51: depth 52 in 0.54 seconds
	52: depth 53 in 0.54 seconds
	53: depth 54 in 0.55 seconds
	54: depth 55 in 0.53 seconds
	55: depth 56 in 0.57 seconds
	56: depth 57 in 0.58 seconds
	57: depth 58 in 0.62 seconds
	58: depth 59 in 0.57 seconds
	59: depth 60 in 0.57 seconds
	60: depth 61 in 0.58 seconds
	61: depth 62 in 0.57 seconds
	62: depth 63 in 0.61 seconds
	63: depth 64 in 0.59 seconds
	64: depth 65 in 0.60 seconds
	65: depth 66 in 0.63 seconds
