mixed-f16-p8-u0-v0-g0-a0-n0-a0-b0-n0-f0-r2 FAILED
	reason failed: timeout
problem details:
	state size: 2424
	depth timeout: 300
with
	no plan found
	depth: 25
	time: 300.00 seconds
history:
	0: depth 1 in 0.18 seconds
	1: depth 2 in 0.18 seconds
	2: depth 3 in 0.18 seconds
	3: depth 4 in 0.18 seconds
	4: depth 5 in 0.17 seconds
	5: depth 6 in 0.17 seconds
	6: depth 7 in 0.19 seconds
	7: depth 8 in 0.17 seconds
	8: depth 9 in 0.18 seconds
	9: depth 10 in 0.18 seconds
	10: depth 11 in 0.16 seconds
	11: depth 12 in 0.18 seconds
	12: depth 13 in 0.17 seconds
	13: depth 14 in 0.16 seconds
	14: depth 15 in 0.19 seconds
	15: depth 16 in 0.17 seconds
	16: depth 17 in 0.18 seconds
	17: depth 18 in 0.19 seconds
	18: depth 19 in 0.17 seconds
	19: depth 20 in 0.18 seconds
	20: depth 21 in 0.18 seconds
	21: depth 22 in 0.18 seconds
	22: depth 23 in 0.18 seconds
	23: depth 24 in 0.18 seconds
