mixed-f46-p23-u0-v0-g0-a0-n0-a0-b0-n0-f0-r0 FAILED
	reason failed: timeout
problem details:
	state size: 19389
	depth timeout: 300
with
	no plan found
	depth: 318
	time: 300.00 seconds
history:
	0: depth 1 in 0.33 seconds
	1: depth 2 in 0.26 seconds
	2: depth 3 in 0.28 seconds
	3: depth 4 in 0.28 seconds
	4: depth 5 in 0.29 seconds
	5: depth 6 in 0.29 seconds
	6: depth 7 in 0.34 seconds
	7: depth 8 in 0.30 seconds
	8: depth 9 in 0.32 seconds
	9: depth 10 in 0.31 seconds
	10: depth 11 in 0.31 seconds
	11: depth 12 in 0.32 seconds
	12: depth 13 in 0.33 seconds
	13: depth 14 in 0.36 seconds
	14: depth 15 in 0.35 seconds
	15: depth 16 in 0.36 seconds
	16: depth 17 in 0.40 seconds
	17: depth 18 in 0.38 seconds
	18: depth 19 in 0.38 seconds
	19: depth 20 in 0.39 seconds
	20: depth 21 in 0.38 seconds
	21: depth 22 in 0.40 seconds
	22: depth 23 in 0.40 seconds
	23: depth 24 in 0.41 seconds
	24: depth 25 in 0.44 seconds
	25: depth 26 in 0.39 seconds
	26: depth 27 in 0.41 seconds
	27: depth 28 in 0.44 seconds
	28: depth 29 in 0.46 seconds
	29: depth 30 in 0.45 seconds
	30: depth 31 in 0.44 seconds
	31: depth 32 in 0.46 seconds
	32: depth 33 in 0.45 seconds
	33: depth 34 in 0.47 seconds
	34: depth 35 in 0.46 seconds
	35: depth 36 in 0.51 seconds
	36: depth 37 in 0.50 seconds
	37: depth 38 in 0.53 seconds
	38: depth 39 in 0.48 seconds
	39: depth 40 in 0.50 seconds
	40: depth 41 in 0.49 seconds
	41: depth 42 in 0.50 seconds
	42: depth 43 in 0.52 seconds
	43: depth 44 in 0.54 seconds
	44: depth 45 in 0.54 seconds
	45: depth 46 in 0.57 seconds
	46: depth 47 in 0.56 seconds
	47: depth 48 in 0.56 seconds
	48: depth 49 in 0.58 seconds
	49: depth 50 in 0.56 seconds
	50: depth 51 in 0.56 seconds
	51: depth 52 in 0.58 seconds
	52: depth 53 in 0.58 seconds
	53: depth 54 in 0.60 seconds
	54: depth 55 in 0.59 seconds
	55: depth 56 in 0.61 seconds
	56: depth 57 in 0.63 seconds
	57: depth 58 in 0.61 seconds
	58: depth 59 in 0.64 seconds
	59: depth 60 in 0.61 seconds
	60: depth 61 in 0.62 seconds
	61: depth 62 in 0.61 seconds
	62: depth 63 in 0.69 seconds
	63: depth 64 in 0.67 seconds
	64: depth 65 in 0.64 seconds
	65: depth 66 in 0.63 seconds
	66: depth 67 in 0.65 seconds
	67: depth 68 in 0.68 seconds
	68: depth 69 in 0.69 seconds
	69: depth 70 in 96.23 seconds
	70: depth 71 in 94.51 seconds
	71: depth 72 in 94.89 seconds
	72: depth 73 in 95.79 seconds
	73: depth 74 in 95.65 seconds
	74: depth 75 in 95.71 seconds
	75: depth 76 in 95.75 seconds
	76: depth 77 in 97.46 seconds
	77: depth 78 in 97.23 seconds
	78: depth 79 in 97.62 seconds
	79: depth 80 in 95.87 seconds
	80: depth 81 in 97.19 seconds
	81: depth 82 in 97.57 seconds
	82: depth 83 in 98.00 seconds
	83: depth 84 in 98.13 seconds
	84: depth 85 in 99.19 seconds
	85: depth 86 in 99.12 seconds
	86: depth 87 in 99.55 seconds
	87: depth 88 in 98.60 seconds
	88: depth 89 in 100.47 seconds
	89: depth 90 in 100.26 seconds
	90: depth 91 in 100.16 seconds
	91: depth 92 in 101.20 seconds
	92: depth 93 in 99.60 seconds
	93: depth 94 in 101.01 seconds
	94: depth 95 in 101.94 seconds
	95: depth 96 in 101.87 seconds
	96: depth 97 in 101.20 seconds
	97: depth 98 in 100.96 seconds
	98: depth 99 in 101.52 seconds
	99: depth 100 in 101.59 seconds
	100: depth 101 in 101.87 seconds
	101: depth 102 in 103.13 seconds
	102: depth 103 in 102.84 seconds
	103: depth 104 in 103.33 seconds
	104: depth 105 in 103.42 seconds
	105: depth 106 in 104.13 seconds
	106: depth 107 in 104.31 seconds
	107: depth 108 in 105.73 seconds
	108: depth 109 in 105.43 seconds
	109: depth 110 in 106.71 seconds
	110: depth 111 in 106.07 seconds
	111: depth 112 in 106.64 seconds
	112: depth 113 in 107.61 seconds
	113: depth 114 in 106.34 seconds
	114: depth 115 in 108.10 seconds
	115: depth 116 in 108.49 seconds
	116: depth 117 in 108.85 seconds
	117: depth 118 in 107.51 seconds
	118: depth 119 in 109.12 seconds
	119: depth 120 in 109.46 seconds
	120: depth 121 in 110.06 seconds
	121: depth 122 in 111.05 seconds
	122: depth 123 in 110.34 seconds
	123: depth 124 in 110.05 seconds
	124: depth 125 in 110.19 seconds
	125: depth 126 in 110.39 seconds
	126: depth 127 in 112.21 seconds
	127: depth 128 in 110.77 seconds
	128: depth 129 in 113.31 seconds
	129: depth 130 in 113.20 seconds
	130: depth 131 in 113.75 seconds
	131: depth 132 in 114.64 seconds
	132: depth 133 in 114.77 seconds
	133: depth 134 in 113.24 seconds
	134: depth 135 in 114.23 seconds
	135: depth 136 in 114.52 seconds
	136: depth 137 in 114.98 seconds
	137: depth 138 in 116.83 seconds
	138: depth 139 in 116.15 seconds
	139: depth 140 in 116.02 seconds
	140: depth 141 in 118.28 seconds
	141: depth 142 in 116.73 seconds
	142: depth 143 in 119.12 seconds
	143: depth 144 in 118.85 seconds
	144: depth 145 in 120.33 seconds
	145: depth 146 in 118.44 seconds
	146: depth 147 in 120.67 seconds
	147: depth 148 in 120.23 seconds
	148: depth 149 in 119.84 seconds
	149: depth 150 in 120.84 seconds
	150: depth 151 in 122.47 seconds
	151: depth 152 in 121.17 seconds
	152: depth 153 in 123.96 seconds
	153: depth 154 in 123.69 seconds
	154: depth 155 in 124.19 seconds
	155: depth 156 in 122.29 seconds
	156: depth 157 in 124.24 seconds
	157: depth 158 in 124.17 seconds
	158: depth 159 in 125.88 seconds
	159: depth 160 in 126.59 seconds
	160: depth 161 in 126.87 seconds
	161: depth 162 in 126.13 seconds
	162: depth 163 in 127.27 seconds
	163: depth 164 in 128.41 seconds
	164: depth 165 in 127.81 seconds
	165: depth 166 in 129.08 seconds
	166: depth 167 in 129.28 seconds
	167: depth 168 in 129.49 seconds
	168: depth 169 in 129.55 seconds
	169: depth 170 in 130.20 seconds
	170: depth 171 in 131.04 seconds
	171: depth 172 in 131.19 seconds
	172: depth 173 in 132.09 seconds
	173: depth 174 in 133.21 seconds
	174: depth 175 in 132.36 seconds
	175: depth 176 in 134.63 seconds
	176: depth 177 in 133.51 seconds
	177: depth 178 in 135.02 seconds
	178: depth 179 in 135.11 seconds
	179: depth 180 in 135.73 seconds
	180: depth 181 in 135.80 seconds
	181: depth 182 in 137.20 seconds
	182: depth 183 in 136.43 seconds
	183: depth 184 in 140.05 seconds
	184: depth 185 in 141.86 seconds
	185: depth 186 in 139.42 seconds
	186: depth 187 in 139.33 seconds
	187: depth 188 in 141.46 seconds
	188: depth 189 in 142.91 seconds
	189: depth 190 in 141.30 seconds
	190: depth 191 in 142.10 seconds
	191: depth 192 in 142.53 seconds
	192: depth 193 in 143.38 seconds
	193: depth 194 in 142.54 seconds
	194: depth 195 in 145.66 seconds
	195: depth 196 in 145.69 seconds
	196: depth 197 in 145.45 seconds
	197: depth 198 in 145.70 seconds
	198: depth 199 in 148.94 seconds
	199: depth 200 in 150.00 seconds
	200: depth 201 in 152.49 seconds
	201: depth 202 in 148.93 seconds
	202: depth 203 in 148.27 seconds
	203: depth 204 in 152.16 seconds
	204: depth 205 in 152.54 seconds
	205: depth 206 in 156.50 seconds
	206: depth 207 in 151.48 seconds
	207: depth 208 in 150.99 seconds
	208: depth 209 in 154.23 seconds
	209: depth 210 in 152.36 seconds
	210: depth 211 in 152.45 seconds
	211: depth 212 in 156.59 seconds
	212: depth 213 in 159.05 seconds
	213: depth 214 in 160.81 seconds
	214: depth 215 in 157.82 seconds
	215: depth 216 in 156.88 seconds
	216: depth 217 in 160.59 seconds
	217: depth 218 in 162.32 seconds
	218: depth 219 in 164.02 seconds
	219: depth 220 in 162.34 seconds
	220: depth 221 in 162.90 seconds
	221: depth 222 in 160.17 seconds
	222: depth 223 in 167.01 seconds
	223: depth 224 in 166.77 seconds
	224: depth 225 in 160.79 seconds
	225: depth 226 in 168.53 seconds
	226: depth 227 in 166.82 seconds
	227: depth 228 in 172.59 seconds
	228: depth 229 in 167.97 seconds
	229: depth 230 in 168.60 seconds
	230: depth 231 in 168.30 seconds
	231: depth 232 in 169.08 seconds
	232: depth 233 in 167.58 seconds
	233: depth 234 in 177.49 seconds
	234: depth 235 in 170.99 seconds
	235: depth 236 in 171.27 seconds
	236: depth 237 in 175.64 seconds
	237: depth 238 in 178.64 seconds
	238: depth 239 in 176.74 seconds
	239: depth 240 in 176.83 seconds
	240: depth 241 in 179.53 seconds
	241: depth 242 in 183.12 seconds
	242: depth 243 in 173.70 seconds
	243: depth 244 in 174.31 seconds
	244: depth 245 in 179.32 seconds
	245: depth 246 in 185.57 seconds
	246: depth 247 in 175.56 seconds
	247: depth 248 in 185.54 seconds
	248: depth 249 in 181.88 seconds
	249: depth 250 in 183.77 seconds
	250: depth 251 in 187.92 seconds
	251: depth 252 in 189.76 seconds
	252: depth 253 in 190.10 seconds
	253: depth 254 in 189.74 seconds
	254: depth 255 in 191.00 seconds
	255: depth 256 in 184.03 seconds
	256: depth 257 in 194.85 seconds
	257: depth 258 in 190.71 seconds
	258: depth 259 in 197.63 seconds
	259: depth 260 in 189.39 seconds
	260: depth 261 in 196.42 seconds
	261: depth 262 in 199.01 seconds
	262: depth 263 in 197.28 seconds
	263: depth 264 in 197.89 seconds
	264: depth 265 in 203.07 seconds
	265: depth 266 in 206.64 seconds
	266: depth 267 in 202.06 seconds
	267: depth 268 in 198.56 seconds
	268: depth 269 in 201.29 seconds
	269: depth 270 in 206.97 seconds
	270: depth 271 in 206.43 seconds
	271: depth 272 in 207.93 seconds
	272: depth 273 in 203.36 seconds
	273: depth 274 in 204.45 seconds
	274: depth 275 in 213.60 seconds
	275: depth 276 in 213.36 seconds
	276: depth 277 in 205.80 seconds
	277: depth 278 in 216.01 seconds
	278: depth 279 in 205.82 seconds
	279: depth 280 in 218.61 seconds
	280: depth 281 in 216.56 seconds
	281: depth 282 in 217.18 seconds
	282: depth 283 in 219.20 seconds
	283: depth 284 in 219.50 seconds
	284: depth 285 in 220.76 seconds
	285: depth 286 in 224.38 seconds
	286: depth 287 in 223.25 seconds
	287: depth 288 in 224.13 seconds
	288: depth 289 in 221.23 seconds
	289: depth 290 in 228.95 seconds
	290: depth 291 in 229.20 seconds
	291: depth 292 in 230.89 seconds
	292: depth 293 in 231.33 seconds
	293: depth 294 in 233.16 seconds
	294: depth 295 in 235.58 seconds
	295: depth 296 in 232.99 seconds
	296: depth 297 in 234.60 seconds
	297: depth 298 in 236.71 seconds
	298: depth 299 in 239.22 seconds
	299: depth 300 in 232.51 seconds
	300: depth 301 in 234.35 seconds
	301: depth 302 in 243.68 seconds
	302: depth 303 in 244.72 seconds
	303: depth 304 in 244.00 seconds
	304: depth 305 in 246.62 seconds
	305: depth 306 in 248.15 seconds
	306: depth 307 in 245.74 seconds
	307: depth 308 in 247.83 seconds
	308: depth 309 in 252.09 seconds
	309: depth 310 in 249.39 seconds
	310: depth 311 in 257.25 seconds
	311: depth 312 in 255.43 seconds
	312: depth 313 in 251.29 seconds
	313: depth 314 in 260.89 seconds
	314: depth 315 in 258.08 seconds
	315: depth 316 in 263.32 seconds
	316: depth 317 in 259.18 seconds
