mixed-f20-p10-u0-v0-g0-a0-n0-a0-b0-n0-f0-r3 FAILED
	reason failed: timeout
problem details:
	state size: 3750
	depth timeout: 300
with
	no plan found
	depth: 31
	time: 300.00 seconds
history:
	0: depth 1 in 0.21 seconds
	1: depth 2 in 0.23 seconds
	2: depth 3 in 0.23 seconds
	3: depth 4 in 0.24 seconds
	4: depth 5 in 0.21 seconds
	5: depth 6 in 0.22 seconds
	6: depth 7 in 0.23 seconds
	7: depth 8 in 0.23 seconds
	8: depth 9 in 0.21 seconds
	9: depth 10 in 0.22 seconds
	10: depth 11 in 0.22 seconds
	11: depth 12 in 0.22 seconds
	12: depth 13 in 0.23 seconds
	13: depth 14 in 0.24 seconds
	14: depth 15 in 0.23 seconds
	15: depth 16 in 0.23 seconds
	16: depth 17 in 0.21 seconds
	17: depth 18 in 0.23 seconds
	18: depth 19 in 0.23 seconds
	19: depth 20 in 0.21 seconds
	20: depth 21 in 0.23 seconds
	21: depth 22 in 0.23 seconds
	22: depth 23 in 0.23 seconds
	23: depth 24 in 0.25 seconds
	24: depth 25 in 0.22 seconds
	25: depth 26 in 0.23 seconds
	26: depth 27 in 0.23 seconds
	27: depth 28 in 0.25 seconds
	28: depth 29 in 0.22 seconds
	29: depth 30 in 0.22 seconds
