mixed-f32-p16-u0-v0-g0-a0-n0-a0-b0-n0-f0-r0 FAILED
	reason failed: timeout
problem details:
	state size: 9456
	depth timeout: 300
with
	no plan found
	depth: 50
	time: 300.00 seconds
history:
	0: depth 1 in 0.53 seconds
	1: depth 2 in 0.48 seconds
	2: depth 3 in 0.49 seconds
	3: depth 4 in 0.47 seconds
	4: depth 5 in 0.45 seconds
	5: depth 6 in 0.46 seconds
	6: depth 7 in 0.48 seconds
	7: depth 8 in 0.49 seconds
	8: depth 9 in 0.45 seconds
	9: depth 10 in 0.46 seconds
	10: depth 11 in 0.48 seconds
	11: depth 12 in 0.46 seconds
	12: depth 13 in 0.47 seconds
	13: depth 14 in 0.46 seconds
	14: depth 15 in 0.46 seconds
	15: depth 16 in 0.47 seconds
	16: depth 17 in 0.47 seconds
	17: depth 18 in 0.46 seconds
	18: depth 19 in 0.46 seconds
	19: depth 20 in 0.46 seconds
	20: depth 21 in 0.48 seconds
	21: depth 22 in 0.47 seconds
	22: depth 23 in 0.47 seconds
	23: depth 24 in 0.47 seconds
	24: depth 25 in 0.46 seconds
	25: depth 26 in 0.50 seconds
	26: depth 27 in 0.46 seconds
	27: depth 28 in 0.47 seconds
	28: depth 29 in 0.47 seconds
	29: depth 30 in 0.46 seconds
	30: depth 31 in 0.53 seconds
	31: depth 32 in 0.47 seconds
	32: depth 33 in 0.48 seconds
	33: depth 34 in 0.54 seconds
	34: depth 35 in 0.50 seconds
	35: depth 36 in 0.48 seconds
	36: depth 37 in 0.46 seconds
	37: depth 38 in 0.46 seconds
	38: depth 39 in 0.46 seconds
	39: depth 40 in 0.53 seconds
	40: depth 41 in 0.46 seconds
	41: depth 42 in 0.57 seconds
	42: depth 43 in 0.47 seconds
	43: depth 44 in 0.45 seconds
	44: depth 45 in 0.46 seconds
	45: depth 46 in 0.47 seconds
	46: depth 47 in 0.50 seconds
	47: depth 48 in 0.46 seconds
	48: depth 49 in 206.47 seconds
