mixed-f46-p23-u0-v0-g0-a0-n0-a0-b0-n0-f0-r2 FAILED
	reason failed: timeout
problem details:
	state size: 19389
	depth timeout: 300
with
	no plan found
	depth: 348
	time: 300.00 seconds
history:
	0: depth 1 in 0.34 seconds
	1: depth 2 in 0.27 seconds
	2: depth 3 in 0.27 seconds
	3: depth 4 in 0.27 seconds
	4: depth 5 in 0.29 seconds
	5: depth 6 in 0.28 seconds
	6: depth 7 in 0.30 seconds
	7: depth 8 in 0.29 seconds
	8: depth 9 in 0.31 seconds
	9: depth 10 in 0.31 seconds
	10: depth 11 in 0.35 seconds
	11: depth 12 in 0.31 seconds
	12: depth 13 in 0.35 seconds
	13: depth 14 in 0.34 seconds
	14: depth 15 in 0.36 seconds
	15: depth 16 in 0.34 seconds
	16: depth 17 in 0.37 seconds
	17: depth 18 in 0.36 seconds
	18: depth 19 in 0.40 seconds
	19: depth 20 in 0.38 seconds
	20: depth 21 in 0.40 seconds
	21: depth 22 in 0.40 seconds
	22: depth 23 in 0.44 seconds
	23: depth 24 in 0.43 seconds
	24: depth 25 in 0.49 seconds
	25: depth 26 in 0.41 seconds
	26: depth 27 in 0.43 seconds
	27: depth 28 in 0.45 seconds
	28: depth 29 in 0.47 seconds
	29: depth 30 in 0.47 seconds
	30: depth 31 in 0.45 seconds
	31: depth 32 in 0.50 seconds
	32: depth 33 in 0.50 seconds
	33: depth 34 in 0.46 seconds
	34: depth 35 in 0.49 seconds
	35: depth 36 in 0.49 seconds
	36: depth 37 in 0.49 seconds
	37: depth 38 in 0.53 seconds
	38: depth 39 in 0.64 seconds
	39: depth 40 in 0.63 seconds
	40: depth 41 in 0.57 seconds
	41: depth 42 in 0.54 seconds
	42: depth 43 in 0.60 seconds
	43: depth 44 in 0.59 seconds
	44: depth 45 in 0.58 seconds
	45: depth 46 in 0.62 seconds
	46: depth 47 in 0.56 seconds
	47: depth 48 in 0.59 seconds
	48: depth 49 in 0.60 seconds
	49: depth 50 in 0.60 seconds
	50: depth 51 in 0.61 seconds
	51: depth 52 in 0.60 seconds
	52: depth 53 in 0.59 seconds
	53: depth 54 in 0.61 seconds
	54: depth 55 in 0.61 seconds
	55: depth 56 in 0.66 seconds
	56: depth 57 in 0.66 seconds
	57: depth 58 in 0.65 seconds
	58: depth 59 in 0.64 seconds
	59: depth 60 in 0.64 seconds
	60: depth 61 in 0.62 seconds
	61: depth 62 in 0.64 seconds
	62: depth 63 in 0.64 seconds
	63: depth 64 in 0.67 seconds
	64: depth 65 in 0.68 seconds
	65: depth 66 in 0.69 seconds
	66: depth 67 in 0.70 seconds
	67: depth 68 in 0.70 seconds
	68: depth 69 in 0.68 seconds
	69: depth 70 in 117.50 seconds
	70: depth 71 in 286.84 seconds
	71: depth 72 in 96.73 seconds
	72: depth 73 in 94.96 seconds
	73: depth 74 in 94.96 seconds
	74: depth 75 in 95.57 seconds
	75: depth 76 in 96.76 seconds
	76: depth 77 in 97.21 seconds
	77: depth 78 in 95.79 seconds
	78: depth 79 in 96.03 seconds
	79: depth 80 in 96.41 seconds
	80: depth 81 in 98.26 seconds
	81: depth 82 in 97.50 seconds
	82: depth 83 in 97.10 seconds
	83: depth 84 in 97.59 seconds
	84: depth 85 in 99.16 seconds
	85: depth 86 in 97.17 seconds
	86: depth 87 in 99.08 seconds
	87: depth 88 in 98.11 seconds
	88: depth 89 in 99.81 seconds
	89: depth 90 in 98.90 seconds
	90: depth 91 in 100.81 seconds
	91: depth 92 in 99.24 seconds
	92: depth 93 in 100.57 seconds
	93: depth 94 in 100.27 seconds
	94: depth 95 in 100.15 seconds
	95: depth 96 in 100.01 seconds
	96: depth 97 in 102.33 seconds
	97: depth 98 in 102.25 seconds
	98: depth 99 in 101.51 seconds
	99: depth 100 in 101.22 seconds
	100: depth 101 in 103.56 seconds
	101: depth 102 in 102.12 seconds
	102: depth 103 in 102.15 seconds
	103: depth 104 in 103.48 seconds
	104: depth 105 in 103.13 seconds
	105: depth 106 in 104.83 seconds
	106: depth 107 in 104.90 seconds
	107: depth 108 in 103.99 seconds
	108: depth 109 in 104.08 seconds
	109: depth 110 in 106.06 seconds
	110: depth 111 in 105.21 seconds
	111: depth 112 in 105.37 seconds
	112: depth 113 in 106.26 seconds
	113: depth 114 in 106.51 seconds
	114: depth 115 in 106.76 seconds
	115: depth 116 in 107.80 seconds
	116: depth 117 in 108.76 seconds
	117: depth 118 in 107.26 seconds
	118: depth 119 in 108.85 seconds
	119: depth 120 in 108.15 seconds
	120: depth 121 in 108.40 seconds
	121: depth 122 in 108.64 seconds
	122: depth 123 in 110.93 seconds
	123: depth 124 in 108.90 seconds
	124: depth 125 in 109.29 seconds
	125: depth 126 in 111.88 seconds
	126: depth 127 in 112.37 seconds
	127: depth 128 in 110.77 seconds
	128: depth 129 in 111.69 seconds
	129: depth 130 in 111.34 seconds
	130: depth 131 in 111.71 seconds
	131: depth 132 in 113.93 seconds
	132: depth 133 in 114.73 seconds
	133: depth 134 in 113.80 seconds
	134: depth 135 in 113.59 seconds
	135: depth 136 in 115.27 seconds
	136: depth 137 in 114.79 seconds
	137: depth 138 in 114.79 seconds
	138: depth 139 in 115.12 seconds
	139: depth 140 in 115.75 seconds
	140: depth 141 in 117.28 seconds
	141: depth 142 in 117.61 seconds
	142: depth 143 in 116.86 seconds
	143: depth 144 in 118.07 seconds
	144: depth 145 in 118.88 seconds
	145: depth 146 in 119.69 seconds
	146: depth 147 in 119.51 seconds
	147: depth 148 in 118.51 seconds
	148: depth 149 in 120.08 seconds
	149: depth 150 in 120.84 seconds
	150: depth 151 in 121.39 seconds
	151: depth 152 in 122.67 seconds
	152: depth 153 in 121.87 seconds
	153: depth 154 in 122.13 seconds
	154: depth 155 in 122.92 seconds
	155: depth 156 in 123.56 seconds
	156: depth 157 in 122.73 seconds
	157: depth 158 in 125.47 seconds
	158: depth 159 in 123.45 seconds
	159: depth 160 in 123.72 seconds
	160: depth 161 in 124.41 seconds
	161: depth 162 in 125.79 seconds
	162: depth 163 in 125.81 seconds
	163: depth 164 in 127.94 seconds
	164: depth 165 in 126.46 seconds
	165: depth 166 in 126.81 seconds
	166: depth 167 in 126.96 seconds
	167: depth 168 in 127.43 seconds
	168: depth 169 in 128.88 seconds
	169: depth 170 in 128.79 seconds
	170: depth 171 in 129.05 seconds
	171: depth 172 in 131.39 seconds
	172: depth 173 in 129.63 seconds
	173: depth 174 in 131.70 seconds
	174: depth 175 in 131.24 seconds
	175: depth 176 in 134.81 seconds
	176: depth 177 in 132.48 seconds
	177: depth 178 in 133.39 seconds
	178: depth 179 in 133.39 seconds
	179: depth 180 in 133.97 seconds
	180: depth 181 in 135.22 seconds
	181: depth 182 in 135.04 seconds
	182: depth 183 in 134.53 seconds
	183: depth 184 in 137.37 seconds
	184: depth 185 in 136.84 seconds
	185: depth 186 in 139.41 seconds
	186: depth 187 in 138.20 seconds
	187: depth 188 in 139.32 seconds
	188: depth 189 in 138.84 seconds
	189: depth 190 in 140.40 seconds
	190: depth 191 in 140.84 seconds
	191: depth 192 in 145.17 seconds
	192: depth 193 in 144.04 seconds
	193: depth 194 in 141.49 seconds
	194: depth 195 in 143.37 seconds
	195: depth 196 in 146.99 seconds
	196: depth 197 in 143.30 seconds
	197: depth 198 in 144.48 seconds
	198: depth 199 in 146.78 seconds
	199: depth 200 in 146.20 seconds
	200: depth 201 in 147.35 seconds
	201: depth 202 in 147.02 seconds
	202: depth 203 in 152.47 seconds
	203: depth 204 in 150.91 seconds
	204: depth 205 in 148.32 seconds
	205: depth 206 in 147.11 seconds
	206: depth 207 in 150.86 seconds
	207: depth 208 in 150.77 seconds
	208: depth 209 in 150.92 seconds
	209: depth 210 in 150.58 seconds
	210: depth 211 in 152.50 seconds
	211: depth 212 in 153.38 seconds
	212: depth 213 in 154.99 seconds
	213: depth 214 in 159.66 seconds
	214: depth 215 in 157.62 seconds
	215: depth 216 in 157.22 seconds
	216: depth 217 in 154.72 seconds
	217: depth 218 in 155.26 seconds
	218: depth 219 in 156.94 seconds
	219: depth 220 in 159.57 seconds
	220: depth 221 in 157.13 seconds
	221: depth 222 in 162.70 seconds
	222: depth 223 in 165.37 seconds
	223: depth 224 in 165.27 seconds
	224: depth 225 in 161.07 seconds
	225: depth 226 in 160.74 seconds
	226: depth 227 in 168.65 seconds
	227: depth 228 in 163.22 seconds
	228: depth 229 in 165.62 seconds
	229: depth 230 in 167.08 seconds
	230: depth 231 in 161.97 seconds
	231: depth 232 in 170.32 seconds
	232: depth 233 in 170.86 seconds
	233: depth 234 in 168.63 seconds
	234: depth 235 in 170.44 seconds
	235: depth 236 in 171.57 seconds
	236: depth 237 in 174.04 seconds
	237: depth 238 in 170.14 seconds
	238: depth 239 in 173.60 seconds
	239: depth 240 in 173.59 seconds
	240: depth 241 in 178.32 seconds
	241: depth 242 in 180.67 seconds
	242: depth 243 in 173.74 seconds
	243: depth 244 in 181.33 seconds
	244: depth 245 in 180.18 seconds
	245: depth 246 in 180.24 seconds
	246: depth 247 in 181.26 seconds
	247: depth 248 in 180.72 seconds
	248: depth 249 in 180.14 seconds
	249: depth 250 in 185.22 seconds
	250: depth 251 in 187.09 seconds
	251: depth 252 in 179.95 seconds
	252: depth 253 in 188.59 seconds
	253: depth 254 in 189.89 seconds
	254: depth 255 in 191.00 seconds
	255: depth 256 in 188.64 seconds
	256: depth 257 in 187.83 seconds
	257: depth 258 in 187.16 seconds
	258: depth 259 in 187.79 seconds
	259: depth 260 in 186.96 seconds
	260: depth 261 in 190.87 seconds
	261: depth 262 in 191.35 seconds
	262: depth 263 in 196.96 seconds
	263: depth 264 in 195.94 seconds
	264: depth 265 in 194.79 seconds
	265: depth 266 in 191.59 seconds
	266: depth 267 in 205.84 seconds
	267: depth 268 in 202.82 seconds
	268: depth 269 in 203.74 seconds
	269: depth 270 in 201.06 seconds
	270: depth 271 in 202.31 seconds
	271: depth 272 in 203.82 seconds
	272: depth 273 in 199.14 seconds
	273: depth 274 in 203.88 seconds
	274: depth 275 in 208.45 seconds
	275: depth 276 in 205.03 seconds
	276: depth 277 in 203.23 seconds
	277: depth 278 in 207.58 seconds
	278: depth 279 in 211.09 seconds
	279: depth 280 in 213.38 seconds
	280: depth 281 in 208.92 seconds
	281: depth 282 in 214.32 seconds
	282: depth 283 in 217.33 seconds
	283: depth 284 in 218.81 seconds
	284: depth 285 in 216.77 seconds
	285: depth 286 in 213.66 seconds
	286: depth 287 in 217.12 seconds
	287: depth 288 in 223.17 seconds
	288: depth 289 in 223.32 seconds
	289: depth 290 in 219.54 seconds
	290: depth 291 in 223.14 seconds
	291: depth 292 in 222.35 seconds
	292: depth 293 in 215.14 seconds
	293: depth 294 in 223.75 seconds
	294: depth 295 in 231.32 seconds
	295: depth 296 in 233.61 seconds
	296: depth 297 in 235.21 seconds
	297: depth 298 in 234.32 seconds
	298: depth 299 in 235.08 seconds
	299: depth 300 in 238.65 seconds
	300: depth 301 in 233.07 seconds
	301: depth 302 in 242.65 seconds
	302: depth 303 in 240.65 seconds
	303: depth 304 in 234.20 seconds
	304: depth 305 in 245.52 seconds
	305: depth 306 in 238.59 seconds
	306: depth 307 in 245.33 seconds
	307: depth 308 in 246.26 seconds
	308: depth 309 in 238.86 seconds
	309: depth 310 in 248.90 seconds
	310: depth 311 in 251.00 seconds
	311: depth 312 in 248.83 seconds
	312: depth 313 in 255.77 seconds
	313: depth 314 in 254.26 seconds
	314: depth 315 in 258.54 seconds
	315: depth 316 in 255.19 seconds
	316: depth 317 in 257.93 seconds
	317: depth 318 in 258.98 seconds
	318: depth 319 in 262.70 seconds
	319: depth 320 in 259.24 seconds
	320: depth 321 in 263.19 seconds
	321: depth 322 in 258.94 seconds
	322: depth 323 in 266.90 seconds
	323: depth 324 in 267.17 seconds
	324: depth 325 in 267.48 seconds
	325: depth 326 in 268.39 seconds
	326: depth 327 in 271.92 seconds
	327: depth 328 in 266.82 seconds
	328: depth 329 in 275.66 seconds
	329: depth 330 in 275.47 seconds
	330: depth 331 in 282.10 seconds
	331: depth 332 in 281.42 seconds
	332: depth 333 in 275.96 seconds
	333: depth 334 in 274.14 seconds
	334: depth 335 in 286.23 seconds
	335: depth 336 in 288.29 seconds
	336: depth 337 in 280.51 seconds
	337: depth 338 in 288.00 seconds
	338: depth 339 in 291.10 seconds
	339: depth 340 in 289.89 seconds
	340: depth 341 in 289.55 seconds
	341: depth 342 in 296.41 seconds
	342: depth 343 in 296.45 seconds
	343: depth 344 in 296.13 seconds
	344: depth 345 in 298.99 seconds
	345: depth 346 in 286.12 seconds
	346: depth 347 in 296.31 seconds
