blocks-5-2 FAILED
	reason failed: timeout
problem details:
	state size: 66
	depth timeout: 600
with
	no plan found
	depth: 13
	time: 600.00 seconds
history:
	0: depth 1 in 0.09 seconds
	1: depth 2 in 0.10 seconds
	2: depth 3 in 0.09 seconds
	3: depth 4 in 0.10 seconds
	4: depth 5 in 0.11 seconds
	5: depth 6 in 10.49 seconds
	6: depth 7 in 16.08 seconds
	7: depth 8 in 27.19 seconds
	8: depth 9 in 65.00 seconds
	9: depth 10 in 76.12 seconds
	10: depth 11 in 215.53 seconds
	11: depth 12 in 406.98 seconds
